<?xml version="1.0" encoding="utf-8"?><testsuites name="pytest tests"><testsuite name="pytest" errors="0" failures="0" skipped="3" tests="18" time="9.975" timestamp="2026-03-08T11:28:38.282470+00:00" hostname="agent-env-e0f60acf-23d4-49cf-bacb-da3f7c90072e"><testcase classname="backend.tests.test_bulk_actions.TestBulkActions" name="test_get_roster" time="0.677" /><testcase classname="backend.tests.test_bulk_actions.TestBulkActions" name="test_get_coaches" time="0.540" /><testcase classname="backend.tests.test_bulk_actions.TestBulkActions" name="test_bulk_assign_success" time="0.740" /><testcase classname="backend.tests.test_bulk_actions.TestBulkActions" name="test_bulk_assign_missing_athlete_ids" time="0.518" /><testcase classname="backend.tests.test_bulk_actions.TestBulkActions" name="test_bulk_assign_missing_coach_id" time="0.689" /><testcase classname="backend.tests.test_bulk_actions.TestBulkActions" name="test_bulk_assign_invalid_coach" time="0.526" /><testcase classname="backend.tests.test_bulk_actions.TestBulkActions" name="test_bulk_remind_success" time="0.534" /><testcase classname="backend.tests.test_bulk_actions.TestBulkActions" name="test_bulk_remind_missing_athlete_ids" time="0.538" /><testcase classname="backend.tests.test_bulk_actions.TestBulkActions" name="test_bulk_remind_empty_athlete_ids" time="0.556" /><testcase classname="backend.tests.test_bulk_actions.TestBulkActions" name="test_bulk_remind_default_message" time="0.525" /><testcase classname="backend.tests.test_bulk_actions.TestBulkActions" name="test_bulk_note_success" time="0.520" /><testcase classname="backend.tests.test_bulk_actions.TestBulkActions" name="test_bulk_note_missing_athlete_ids" time="0.517" /><testcase classname="backend.tests.test_bulk_actions.TestBulkActions" name="test_bulk_note_missing_note" time="0.514" /><testcase classname="backend.tests.test_bulk_actions.TestBulkActions" name="test_bulk_note_empty_note" time="0.519" /><testcase classname="backend.tests.test_bulk_actions.TestBulkActions" name="test_bulk_assign_coach_forbidden" time="0.421"><skipped type="pytest.skip" message="Coach login not available">/app/backend/tests/test_bulk_actions.py:245: Coach login not available</skipped></testcase><testcase classname="backend.tests.test_bulk_actions.TestBulkActions" name="test_bulk_remind_coach_forbidden" time="0.436"><skipped type="pytest.skip" message="Coach login not available">/app/backend/tests/test_bulk_actions.py:257: Coach login not available</skipped></testcase><testcase classname="backend.tests.test_bulk_actions.TestBulkActions" name="test_bulk_note_coach_forbidden" time="0.433"><skipped type="pytest.skip" message="Coach login not available">/app/backend/tests/test_bulk_actions.py:269: Coach login not available</skipped></testcase><testcase classname="backend.tests.test_bulk_actions.TestBulkActions" name="test_bulk_actions_unauthenticated" time="0.705" /></testsuite></testsuites>