<?xml version="1.0" encoding="utf-8"?><testsuites name="pytest tests"><testsuite name="pytest" errors="0" failures="0" skipped="0" tests="15" time="2.922" timestamp="2026-03-14T15:47:34.670516+00:00" hostname="agent-env-b8381ac2-71aa-4433-8f2f-a38d27dcdede"><testcase classname="backend.tests.test_event_summary_phase4.TestEventSummaryAPI" name="test_summary_returns_correct_stats" time="0.727" /><testcase classname="backend.tests.test_event_summary_phase4.TestEventSummaryAPI" name="test_summary_returns_allNotes_for_grouping" time="0.187" /><testcase classname="backend.tests.test_event_summary_phase4.TestEventSummaryAPI" name="test_summary_returns_schools_seen_for_heatmap" time="0.174" /><testcase classname="backend.tests.test_event_summary_phase4.TestEventSummaryAPI" name="test_summary_notes_have_routing_flags" time="0.150" /><testcase classname="backend.tests.test_event_summary_phase4.TestEventSummaryAPI" name="test_summary_event_has_summary_status" time="0.102" /><testcase classname="backend.tests.test_event_summary_phase4.TestSendToAthleteEndpoint" name="test_send_to_athlete_creates_support_message" time="0.241" /><testcase classname="backend.tests.test_event_summary_phase4.TestSendToAthleteEndpoint" name="test_send_to_athlete_marks_note_as_sent" time="0.114" /><testcase classname="backend.tests.test_event_summary_phase4.TestSendToAthleteEndpoint" name="test_send_to_athlete_invalid_note_returns_404" time="0.130" /><testcase classname="backend.tests.test_event_summary_phase4.TestRouteToSchoolPod" name="test_route_to_pod_creates_actions" time="0.278" /><testcase classname="backend.tests.test_event_summary_phase4.TestRouteToSchoolPod" name="test_route_to_pod_marks_note_as_routed" time="0.107" /><testcase classname="backend.tests.test_event_summary_phase4.TestDebriefComplete" name="test_debrief_complete_marks_event" time="0.159" /><testcase classname="backend.tests.test_event_summary_phase4.TestDebriefComplete" name="test_debrief_complete_invalid_event_returns_404" time="0.132" /><testcase classname="backend.tests.test_event_summary_phase4.TestRoutingProgressData" name="test_notes_have_routing_status_fields" time="0.112" /><testcase classname="backend.tests.test_event_summary_phase4.TestAthleteGrouping" name="test_notes_have_athlete_grouping_fields" time="0.124" /><testcase classname="backend.tests.test_event_summary_phase4.TestSchoolHeatmapData" name="test_schools_have_interaction_breakdown" time="0.101" /></testsuite></testsuites>