<?xml version="1.0" encoding="utf-8"?><testsuites name="pytest tests"><testsuite name="pytest" errors="0" failures="0" skipped="0" tests="24" time="7.178" timestamp="2026-03-10T20:16:03.848536+00:00" hostname="agent-env-f64d531f-774f-4134-b0dc-23dec39d4200"><testcase classname="backend.tests.test_admin_migration.TestAdminAuth" name="test_director_login" time="0.385" /><testcase classname="backend.tests.test_admin_migration.TestAdminAuth" name="test_athlete_login" time="0.410" /><testcase classname="backend.tests.test_admin_migration.TestAdminDashboard" name="test_dashboard_stats_director_access" time="0.478" /><testcase classname="backend.tests.test_admin_migration.TestAdminDashboard" name="test_dashboard_stats_athlete_forbidden" time="0.466" /><testcase classname="backend.tests.test_admin_migration.TestAdminDashboard" name="test_dashboard_stats_no_auth_unauthorized" time="0.140" /><testcase classname="backend.tests.test_admin_migration.TestAdminIntegrations" name="test_integrations_status_director_access" time="0.142" /><testcase classname="backend.tests.test_admin_migration.TestAdminIntegrations" name="test_integrations_status_athlete_forbidden" time="0.143" /><testcase classname="backend.tests.test_admin_migration.TestAdminUniversities" name="test_universities_list_director_access" time="0.156" /><testcase classname="backend.tests.test_admin_migration.TestAdminUniversities" name="test_universities_list_with_search" time="0.116" /><testcase classname="backend.tests.test_admin_migration.TestAdminUniversities" name="test_universities_list_with_division_filter" time="0.119" /><testcase classname="backend.tests.test_admin_migration.TestAdminUniversities" name="test_universities_list_with_health_filter" time="0.118" /><testcase classname="backend.tests.test_admin_migration.TestAdminUniversities" name="test_universities_health_stats" time="0.120" /><testcase classname="backend.tests.test_admin_migration.TestAdminUniversities" name="test_universities_export_csv" time="0.170" /><testcase classname="backend.tests.test_admin_migration.TestAdminUniversities" name="test_universities_get_single" time="0.248" /><testcase classname="backend.tests.test_admin_migration.TestAdminUniversities" name="test_universities_update" time="0.532" /><testcase classname="backend.tests.test_admin_migration.TestAdminUniversities" name="test_universities_list_athlete_forbidden" time="0.181" /><testcase classname="backend.tests.test_admin_migration.TestAdminUniversities" name="test_universities_health_athlete_forbidden" time="0.116" /><testcase classname="backend.tests.test_admin_migration.TestCoachScraper" name="test_coach_scraper_status" time="0.146" /><testcase classname="backend.tests.test_admin_migration.TestCoachScraper" name="test_coach_scraper_start" time="0.112" /><testcase classname="backend.tests.test_admin_migration.TestCoachScraper" name="test_coach_scraper_scrape_one" time="2.236" /><testcase classname="backend.tests.test_admin_migration.TestCoachScraper" name="test_coach_scraper_athlete_forbidden" time="0.161" /><testcase classname="backend.tests.test_admin_migration.TestScorecardSync" name="test_scorecard_sync_status" time="0.111" /><testcase classname="backend.tests.test_admin_migration.TestScorecardSync" name="test_scorecard_sync_start" time="0.131" /><testcase classname="backend.tests.test_admin_migration.TestScorecardSync" name="test_scorecard_athlete_forbidden" time="0.134" /></testsuite></testsuites>