<?xml version="1.0" encoding="utf-8"?><testsuites name="pytest tests"><testsuite name="pytest" errors="0" failures="0" skipped="0" tests="15" time="3.328" timestamp="2026-04-02T02:18:22.976444+00:00" hostname="agent-env-614c217c-2c2e-467f-8938-72dd976088dc"><testcase classname="backend.tests.test_coach_management.TestCoachManagementCRUD" name="test_list_coaches_returns_200" time="0.593" /><testcase classname="backend.tests.test_coach_management.TestCoachManagementCRUD" name="test_list_coaches_returns_coach_data_structure" time="0.052" /><testcase classname="backend.tests.test_coach_management.TestCoachManagementCRUD" name="test_list_coaches_requires_director_role" time="1.433" /><testcase classname="backend.tests.test_coach_management.TestCoachManagementCRUD" name="test_get_single_coach_returns_200" time="0.115" /><testcase classname="backend.tests.test_coach_management.TestCoachManagementCRUD" name="test_get_nonexistent_coach_returns_404" time="0.050" /><testcase classname="backend.tests.test_coach_management.TestCoachManagementCRUD" name="test_update_coach_name_returns_200" time="0.157" /><testcase classname="backend.tests.test_coach_management.TestCoachManagementCRUD" name="test_update_coach_team_returns_200" time="0.158" /><testcase classname="backend.tests.test_coach_management.TestCoachManagementCRUD" name="test_update_coach_status_returns_200" time="0.153" /><testcase classname="backend.tests.test_coach_management.TestCoachManagementCRUD" name="test_update_coach_invalid_status_returns_400" time="0.101" /><testcase classname="backend.tests.test_coach_management.TestCoachManagementCRUD" name="test_update_coach_no_fields_returns_400" time="0.104" /><testcase classname="backend.tests.test_coach_management.TestCoachManagementCRUD" name="test_update_nonexistent_coach_returns_404" time="0.056" /><testcase classname="backend.tests.test_coach_management.TestCoachManagementCRUD" name="test_delete_nonexistent_coach_returns_404" time="0.054" /><testcase classname="backend.tests.test_coach_management.TestInvitesEndpoints" name="test_list_invites_returns_200" time="0.048" /><testcase classname="backend.tests.test_coach_management.TestInvitesEndpoints" name="test_list_invites_returns_invite_structure" time="0.112" /><testcase classname="backend.tests.test_coach_management.TestInvitesEndpoints" name="test_pending_assignments_returns_200" time="0.059" /></testsuite></testsuites>