<?xml version="1.0" encoding="utf-8"?><testsuites name="pytest tests"><testsuite name="pytest" errors="0" failures="0" skipped="0" tests="15" time="3.394" timestamp="2026-03-10T02:41:24.250926+00:00" hostname="agent-env-95604355-20ac-4a8f-8e83-14bf4e7f278e"><testcase classname="tests.test_journey_j3_features.TestNotesListEndpoint" name="test_list_notes_returns_pinned_and_recent" time="0.526" /><testcase classname="tests.test_journey_j3_features.TestNotesListEndpoint" name="test_list_notes_requires_auth" time="0.118" /><testcase classname="tests.test_journey_j3_features.TestNotesCreateEndpoint" name="test_create_note_success" time="0.242" /><testcase classname="tests.test_journey_j3_features.TestNotesCreateEndpoint" name="test_create_note_empty_content_fails" time="0.135" /><testcase classname="tests.test_journey_j3_features.TestNotesCreateEndpoint" name="test_create_note_requires_auth" time="0.126" /><testcase classname="tests.test_journey_j3_features.TestNotesUpdateEndpoint" name="test_update_note_content" time="0.427" /><testcase classname="tests.test_journey_j3_features.TestNotesUpdateEndpoint" name="test_update_note_pin" time="0.507" /><testcase classname="tests.test_journey_j3_features.TestNotesUpdateEndpoint" name="test_update_nonexistent_note" time="0.121" /><testcase classname="tests.test_journey_j3_features.TestNotesDeleteEndpoint" name="test_delete_note_success" time="0.358" /><testcase classname="tests.test_journey_j3_features.TestNotesDeleteEndpoint" name="test_delete_nonexistent_note" time="0.158" /><testcase classname="tests.test_journey_j3_features.TestGmailStatusEndpoint" name="test_gmail_status_returns_connected_field" time="0.114" /><testcase classname="tests.test_journey_j3_features.TestProgramEndpointForSendProfile" name="test_program_with_coaches_has_college_coaches_array" time="0.111" /><testcase classname="tests.test_journey_j3_features.TestJ1J2FeaturesRegression" name="test_match_scores_endpoint" time="0.121" /><testcase classname="tests.test_journey_j3_features.TestJ1J2FeaturesRegression" name="test_engagement_endpoint" time="0.116" /><testcase classname="tests.test_journey_j3_features.TestJ1J2FeaturesRegression" name="test_journey_endpoint" time="0.146" /></testsuite></testsuites>