<?xml version="1.0" encoding="utf-8"?><testsuites name="pytest tests"><testsuite name="pytest" errors="0" failures="0" skipped="0" tests="8" time="1.784" timestamp="2026-03-20T17:54:04.870759+00:00" hostname="agent-env-3ed20b35-3dae-4206-ad6d-8cade04eb6af"><testcase classname="backend.tests.test_loop_insights_admin.TestLoopInsightsAdmin" name="test_admin_loop_metrics_requires_auth" time="0.176" /><testcase classname="backend.tests.test_loop_insights_admin.TestLoopInsightsAdmin" name="test_admin_loop_metrics_403_for_athlete" time="0.459" /><testcase classname="backend.tests.test_loop_insights_admin.TestLoopInsightsAdmin" name="test_admin_loop_metrics_success_for_director" time="0.475" /><testcase classname="backend.tests.test_loop_insights_admin.TestLoopInsightsAdmin" name="test_admin_loop_metrics_7_days_filter" time="0.117" /><testcase classname="backend.tests.test_loop_insights_admin.TestLoopInsightsAdmin" name="test_admin_loop_metrics_14_days_filter" time="0.114" /><testcase classname="backend.tests.test_loop_insights_admin.TestLoopInsightsAdmin" name="test_admin_loop_metrics_30_days_filter" time="0.123" /><testcase classname="backend.tests.test_loop_insights_admin.TestLoopInsightsAdmin" name="test_admin_loop_metrics_full_response_structure" time="0.133" /><testcase classname="backend.tests.test_loop_insights_admin.TestLoopInsightsAdmin" name="test_admin_loop_metrics_default_days_is_30" time="0.131" /></testsuite></testsuites>