<?xml version="1.0" encoding="utf-8"?><testsuites name="pytest tests"><testsuite name="pytest" errors="0" failures="3" skipped="0" tests="24" time="11.234" timestamp="2026-03-19T20:15:07.671370+00:00" hostname="agent-env-fa907cbf-5a31-40e4-a5b8-56f2a3d3d73b"><testcase classname="tests.test_risk_engine_seed_data.TestAuthentication" name="test_director_login" time="0.438" /><testcase classname="tests.test_risk_engine_seed_data.TestAuthentication" name="test_coach_williams_login" time="0.345" /><testcase classname="tests.test_risk_engine_seed_data.TestAuthentication" name="test_coach_garcia_login" time="0.352" /><testcase classname="tests.test_risk_engine_seed_data.TestDirectorInbox" name="test_director_inbox_returns_items" time="0.464" /><testcase classname="tests.test_risk_engine_seed_data.TestDirectorInbox" name="test_director_inbox_count" time="0.500" /><testcase classname="tests.test_risk_engine_seed_data.TestDirectorInbox" name="test_director_inbox_high_priority_count" time="0.544" /><testcase classname="tests.test_risk_engine_seed_data.TestDirectorInbox" name="test_lucas_rodriguez_not_in_director_inbox" time="0.440"><failure message="AssertionError: Lucas Rodriguez should NOT be in inbox&#10;assert 'athlete_5' not in ['athlete_3', 'athlete_9', 'athlete_6', 'athlete_2', 'athlete_7', 'athlete_4', ...]">tests/test_risk_engine_seed_data.py:135: in test_lucas_rodriguez_not_in_director_inbox
    assert "athlete_5" not in athlete_ids, "Lucas Rodriguez should NOT be in inbox"
E   AssertionError: Lucas Rodriguez should NOT be in inbox
E   assert 'athlete_5' not in ['athlete_3', 'athlete_9', 'athlete_6', 'athlete_2', 'athlete_7', 'athlete_4', ...]</failure></testcase><testcase classname="tests.test_risk_engine_seed_data.TestDirectorInbox" name="test_liam_moore_in_director_inbox" time="0.491" /><testcase classname="tests.test_risk_engine_seed_data.TestDirectorInbox" name="test_director_inbox_risk_engine_fields" time="0.495" /><testcase classname="tests.test_risk_engine_seed_data.TestCoachWilliamsInbox" name="test_coach_williams_inbox_returns_items" time="0.645" /><testcase classname="tests.test_risk_engine_seed_data.TestCoachWilliamsInbox" name="test_coach_williams_inbox_count" time="0.483" /><testcase classname="tests.test_risk_engine_seed_data.TestCoachWilliamsInbox" name="test_coach_williams_sees_only_assigned_athletes" time="0.453" /><testcase classname="tests.test_risk_engine_seed_data.TestCoachWilliamsInbox" name="test_coach_williams_marcus_johnson_critical" time="0.423" /><testcase classname="tests.test_risk_engine_seed_data.TestCoachWilliamsInbox" name="test_coach_inbox_risk_engine_fields" time="0.477" /><testcase classname="tests.test_risk_engine_seed_data.TestCoachGarciaInbox" name="test_coach_garcia_inbox_returns_items" time="0.464" /><testcase classname="tests.test_risk_engine_seed_data.TestCoachGarciaInbox" name="test_coach_garcia_inbox_count" time="0.465" /><testcase classname="tests.test_risk_engine_seed_data.TestCoachGarciaInbox" name="test_coach_garcia_lucas_not_visible" time="0.465" /><testcase classname="tests.test_risk_engine_seed_data.TestCoachGarciaInbox" name="test_coach_garcia_noah_davis_improving" time="0.449" /><testcase classname="tests.test_risk_engine_seed_data.TestSupportPodAccess" name="test_support_pod_olivia_anderson_blocker" time="0.438"><failure message="AssertionError: Support pod failed: {&quot;detail&quot;:&quot;Not Found&quot;}&#10;assert 404 == 200&#10; +  where 404 = &lt;Response [404]&gt;.status_code">tests/test_risk_engine_seed_data.py:349: in test_support_pod_olivia_anderson_blocker
    assert resp.status_code == 200, f"Support pod failed: {resp.text}"
E   AssertionError: Support pod failed: {"detail":"Not Found"}
E   assert 404 == 200
E    +  where 404 = &lt;Response [404]&gt;.status_code</failure></testcase><testcase classname="tests.test_risk_engine_seed_data.TestSupportPodAccess" name="test_support_pod_lucas_rodriguez_healthy" time="0.439"><failure message="AssertionError: Support pod failed: {&quot;detail&quot;:&quot;Not Found&quot;}&#10;assert 404 == 200&#10; +  where 404 = &lt;Response [404]&gt;.status_code">tests/test_risk_engine_seed_data.py:361: in test_support_pod_lucas_rodriguez_healthy
    assert resp.status_code == 200, f"Support pod failed: {resp.text}"
E   AssertionError: Support pod failed: {"detail":"Not Found"}
E   assert 404 == 200
E    +  where 404 = &lt;Response [404]&gt;.status_code</failure></testcase><testcase classname="tests.test_risk_engine_seed_data.TestAthleteProfiles" name="test_get_all_athletes" time="0.449" /><testcase classname="tests.test_risk_engine_seed_data.TestRiskEngineFields" name="test_severity_values" time="0.488" /><testcase classname="tests.test_risk_engine_seed_data.TestRiskEngineFields" name="test_trajectory_values" time="0.467" /><testcase classname="tests.test_risk_engine_seed_data.TestRiskEngineFields" name="test_intervention_types" time="0.436" /></testsuite></testsuites>