<?xml version="1.0" encoding="utf-8"?><testsuites name="pytest tests"><testsuite name="pytest" errors="0" failures="0" skipped="0" tests="8" time="2.114" timestamp="2026-03-12T23:14:28.776497+00:00" hostname="agent-env-e8ad0f2d-756a-4ef5-a640-f470cedd39af"><testcase classname="tests.test_messaging_bug_fixes.TestMessagingBugFixes" name="test_01_coach_login" time="0.384" /><testcase classname="tests.test_messaging_bug_fixes.TestMessagingBugFixes" name="test_02_athlete_login" time="0.329" /><testcase classname="tests.test_messaging_bug_fixes.TestMessagingBugFixes" name="test_03_coach_sends_message" time="0.351" /><testcase classname="tests.test_messaging_bug_fixes.TestMessagingBugFixes" name="test_04_pod_timeline_has_message_event" time="0.145" /><testcase classname="tests.test_messaging_bug_fixes.TestMessagingBugFixes" name="test_05_athlete_inbox_has_thread" time="0.155" /><testcase classname="tests.test_messaging_bug_fixes.TestMessagingBugFixes" name="test_06_athlete_unread_count" time="0.115" /><testcase classname="tests.test_messaging_bug_fixes.TestMessagingBugFixes" name="test_07_athlete_thread_detail" time="0.113" /><testcase classname="tests.test_messaging_bug_fixes.TestTimelineEventTypes" name="test_support_message_types_in_timeline" time="0.469" /></testsuite></testsuites>