<?xml version="1.0" encoding="utf-8"?><testsuites name="pytest tests"><testsuite name="pytest" errors="0" failures="0" skipped="0" tests="25" time="13.120" timestamp="2026-03-09T12:49:53.896176+00:00" hostname="agent-env-8f58266c-1f5e-4c17-bc6d-095e44055deb"><testcase classname="backend.tests.test_journey_page.TestJourneyPageAuth" name="test_unauthenticated_access_program" time="0.678" /><testcase classname="backend.tests.test_journey_page.TestGetProgram" name="test_get_program_returns_200" time="0.480" /><testcase classname="backend.tests.test_journey_page.TestGetProgram" name="test_get_program_has_journey_rail" time="0.487" /><testcase classname="backend.tests.test_journey_page.TestGetProgram" name="test_get_program_has_signals" time="0.466" /><testcase classname="backend.tests.test_journey_page.TestGetProgram" name="test_get_program_has_college_coaches" time="0.444" /><testcase classname="backend.tests.test_journey_page.TestGetProgram" name="test_get_program_has_interactions" time="0.497" /><testcase classname="backend.tests.test_journey_page.TestGetProgram" name="test_get_nonexistent_program_returns_404" time="0.454" /><testcase classname="backend.tests.test_journey_page.TestGetProgramJourney" name="test_get_journey_returns_200" time="0.440" /><testcase classname="backend.tests.test_journey_page.TestGetProgramJourney" name="test_get_journey_has_timeline" time="0.450" /><testcase classname="backend.tests.test_journey_page.TestGetProgramJourney" name="test_get_journey_timeline_event_structure" time="0.497" /><testcase classname="backend.tests.test_journey_page.TestCreateInteraction" name="test_create_interaction_returns_200" time="0.547" /><testcase classname="backend.tests.test_journey_page.TestCreateInteraction" name="test_create_email_interaction" time="0.453" /><testcase classname="backend.tests.test_journey_page.TestCreateInteraction" name="test_create_interaction_invalid_program" time="0.492" /><testcase classname="backend.tests.test_journey_page.TestMarkAsReplied" name="test_mark_replied_success" time="0.452" /><testcase classname="backend.tests.test_journey_page.TestMarkAsReplied" name="test_mark_replied_requires_note" time="0.454" /><testcase classname="backend.tests.test_journey_page.TestMarkAsReplied" name="test_mark_replied_nonexistent_program" time="0.487" /><testcase classname="backend.tests.test_journey_page.TestUpdateProgramStage" name="test_update_program_status" time="0.720" /><testcase classname="backend.tests.test_journey_page.TestUpdateProgramStage" name="test_update_program_journey_stage" time="0.573" /><testcase classname="backend.tests.test_journey_page.TestUpdateProgramStage" name="test_update_followup_schedule" time="0.504" /><testcase classname="backend.tests.test_journey_page.TestCoachCRUD" name="test_create_coach" time="0.618" /><testcase classname="backend.tests.test_journey_page.TestCoachCRUD" name="test_update_coach" time="0.701" /><testcase classname="backend.tests.test_journey_page.TestCoachCRUD" name="test_delete_coach" time="0.556" /><testcase classname="backend.tests.test_journey_page.TestJourneyRailComputation" name="test_journey_rail_auto_detects_outreach" time="0.623" /><testcase classname="backend.tests.test_journey_page.TestJourneyRailComputation" name="test_journey_rail_pulse_calculation" time="0.445" /><testcase classname="backend.tests.test_journey_page.TestListPrograms" name="test_list_programs_has_journey_rail" time="0.490" /></testsuite></testsuites>