<?xml version="1.0" encoding="utf-8"?><testsuites name="pytest tests"><testsuite name="pytest" errors="0" failures="0" skipped="0" tests="12" time="1.807" timestamp="2026-03-11T04:27:20.554937+00:00" hostname="agent-env-348282b0-621a-426e-99ce-36aa004e51e4"><testcase classname="backend.tests.test_engagement_outlook.TestEngagementOutlookAuth" name="test_unauthenticated_returns_401" time="0.123" /><testcase classname="backend.tests.test_engagement_outlook.TestEngagementOutlookUF" name="test_uf_returns_200" time="0.511" /><testcase classname="backend.tests.test_engagement_outlook.TestEngagementOutlookUF" name="test_uf_has_required_fields" time="0.103" /><testcase classname="backend.tests.test_engagement_outlook.TestEngagementOutlookUF" name="test_uf_next_step_structure" time="0.148" /><testcase classname="backend.tests.test_engagement_outlook.TestEngagementOutlookUF" name="test_uf_freshness_active_recently" time="0.099" /><testcase classname="backend.tests.test_engagement_outlook.TestEngagementOutlookUF" name="test_uf_signals_array" time="0.130" /><testcase classname="backend.tests.test_engagement_outlook.TestEngagementOutlookStanford" name="test_stanford_returns_200" time="0.106" /><testcase classname="backend.tests.test_engagement_outlook.TestEngagementOutlookStanford" name="test_stanford_freshness_no_recent" time="0.102" /><testcase classname="backend.tests.test_engagement_outlook.TestEngagementOutlookStanford" name="test_stanford_next_step_start_conversation" time="0.097" /><testcase classname="backend.tests.test_engagement_outlook.TestEngagementOutlookErrors" name="test_nonexistent_program_returns_404" time="0.104" /><testcase classname="backend.tests.test_engagement_outlook.TestEngagementOutlookDataQuality" name="test_data_confidence_present" time="0.102" /><testcase classname="backend.tests.test_engagement_outlook.TestEngagementOutlookDataQuality" name="test_university_name_present" time="0.116" /></testsuite></testsuites>