<?xml version="1.0" encoding="utf-8"?><testsuites name="pytest tests"><testsuite name="pytest" errors="0" failures="0" skipped="0" tests="12" time="6.297" timestamp="2026-03-14T20:13:10.317866+00:00" hostname="agent-env-3825c648-6891-444c-9e56-724818d41bf7"><testcase classname="backend.tests.test_create_event.TestCreateEventFeature" name="test_create_event_with_valid_data" time="0.576" /><testcase classname="backend.tests.test_create_event.TestCreateEventFeature" name="test_create_event_appears_in_list" time="0.568" /><testcase classname="backend.tests.test_create_event.TestCreateEventFeature" name="test_create_event_type_options" time="0.727" /><testcase classname="backend.tests.test_create_event.TestCreateEventFeature" name="test_create_event_past_date_becomes_past_status" time="0.459" /><testcase classname="backend.tests.test_create_event.TestCreateEventFeature" name="test_create_event_future_date_becomes_upcoming_status" time="0.456" /><testcase classname="backend.tests.test_create_event.TestCreateEventFeature" name="test_create_event_has_default_checklist" time="0.451" /><testcase classname="backend.tests.test_create_event.TestCreateEventFeature" name="test_create_event_zero_expected_schools" time="0.464" /><testcase classname="backend.tests.test_create_event.TestCreateEventFeature" name="test_get_single_event_after_create" time="0.545" /><testcase classname="backend.tests.test_create_event.TestCreateEventFeature" name="test_create_event_requires_auth" time="0.457" /><testcase classname="backend.tests.test_create_event.TestExistingEventsAfterFeature" name="test_get_events_list_returns_upcoming_and_past" time="0.469" /><testcase classname="backend.tests.test_create_event.TestExistingEventsAfterFeature" name="test_existing_event_has_correct_structure" time="0.433" /><testcase classname="backend.tests.test_create_event.TestExistingEventsAfterFeature" name="test_event_prep_endpoint_works" time="0.595" /></testsuite></testsuites>