<?xml version="1.0" encoding="utf-8"?><testsuites name="pytest tests"><testsuite name="pytest" errors="0" failures="0" skipped="0" tests="12" time="3.114" timestamp="2026-03-14T15:32:39.549717+00:00" hostname="agent-env-b8381ac2-71aa-4433-8f2f-a38d27dcdede"><testcase classname="backend.tests.test_live_event_phase3.TestLiveEventPrepData" name="test_prep_returns_athletes_with_target_schools" time="0.548" /><testcase classname="backend.tests.test_live_event_phase3.TestLiveEventPrepData" name="test_prep_returns_target_schools_list" time="0.114" /><testcase classname="backend.tests.test_live_event_phase3.TestLiveEventPrepData" name="test_event_1_has_expected_athletes" time="0.135" /><testcase classname="backend.tests.test_live_event_phase3.TestLiveEventNotes" name="test_get_notes_returns_sorted_by_captured_at" time="0.107" /><testcase classname="backend.tests.test_live_event_phase3.TestLiveEventNotes" name="test_create_note_returns_full_object" time="0.137" /><testcase classname="backend.tests.test_live_event_phase3.TestLiveEventNotes" name="test_create_note_without_school" time="0.145" /><testcase classname="backend.tests.test_live_event_phase3.TestLiveEventNotes" name="test_interest_level_values" time="0.453" /><testcase classname="backend.tests.test_live_event_phase3.TestLiveEventNotes" name="test_notes_count_increments_after_create" time="0.360" /><testcase classname="backend.tests.test_live_event_phase3.TestLiveEventNotes" name="test_athlete_name_populated_from_store" time="0.113" /><testcase classname="backend.tests.test_live_event_phase3.TestLiveStatsSupport" name="test_notes_have_athlete_id_for_coverage_tracking" time="0.107" /><testcase classname="backend.tests.test_live_event_phase3.TestLiveStatsSupport" name="test_notes_have_captured_at_for_rate_calc" time="0.108" /><testcase classname="backend.tests.test_live_event_phase3.TestQuickTemplateSupport" name="test_template_text_saved_correctly" time="0.714" /></testsuite></testsuites>