<?xml version="1.0" encoding="utf-8"?><testsuites name="pytest tests"><testsuite name="pytest" errors="0" failures="0" skipped="0" tests="31" time="14.136" timestamp="2026-03-11T13:57:07.121053+00:00" hostname="agent-env-d9370fbf-0162-446e-8da8-0648fc6eb3ff"><testcase classname="backend.tests.test_internal_profile.TestInternalProfileStaffAccess" name="test_internal_profile_returns_full_data" time="0.540" /><testcase classname="backend.tests.test_internal_profile.TestInternalProfileStaffAccess" name="test_internal_profile_returns_athlete_id" time="0.441" /><testcase classname="backend.tests.test_internal_profile.TestInternalProfileStaffAccess" name="test_internal_profile_404_for_invalid_athlete" time="0.396" /><testcase classname="backend.tests.test_internal_profile.TestInternalProfileCoachAccess" name="test_coach_can_access_internal_profile" time="0.453" /><testcase classname="backend.tests.test_internal_profile.TestInternalProfileAthleteAccess" name="test_athlete_cannot_access_internal_profile" time="0.420" /><testcase classname="backend.tests.test_internal_profile.TestStaffPublishToggle" name="test_staff_can_toggle_publish_true" time="0.406" /><testcase classname="backend.tests.test_internal_profile.TestStaffPublishToggle" name="test_staff_can_toggle_publish_false" time="0.393" /><testcase classname="backend.tests.test_internal_profile.TestStaffPublishToggle" name="test_publish_toggle_cycle" time="0.660" /><testcase classname="backend.tests.test_internal_profile.TestStaffPublishToggle" name="test_publish_requires_boolean" time="0.378" /><testcase classname="backend.tests.test_internal_profile.TestStaffPublishToggle" name="test_publish_404_for_invalid_athlete" time="0.390" /><testcase classname="backend.tests.test_internal_profile.TestPublishToggleAthleteAccess" name="test_athlete_cannot_use_staff_publish_toggle" time="0.396" /><testcase classname="backend.tests.test_internal_profile.TestProfileVisibleRename" name="test_settings_returns_profile_visible" time="0.382" /><testcase classname="backend.tests.test_internal_profile.TestProfileVisibleRename" name="test_settings_accepts_profile_visible" time="0.489" /><testcase classname="backend.tests.test_internal_profile.TestProfileVisibleRename" name="test_settings_accepts_legacy_is_published" time="0.502" /><testcase classname="backend.tests.test_internal_profile.TestPublicProfileWithProfileVisible" name="test_public_profile_visible_when_published" time="0.543" /><testcase classname="backend.tests.test_internal_profile.TestPublicProfileWithProfileVisible" name="test_public_profile_404_when_unpublished" time="0.592" /><testcase classname="backend.tests.test_public_profile.TestPublicProfileEndpoints" name="test_public_profile_published_returns_200" time="0.103" /><testcase classname="backend.tests.test_public_profile.TestPublicProfileEndpoints" name="test_public_profile_nonexistent_slug_returns_404" time="0.176" /><testcase classname="backend.tests.test_public_profile.TestPublicProfileEndpoints" name="test_public_profile_contact_email_privacy" time="0.117" /><testcase classname="backend.tests.test_public_profile.TestAuthenticatedSettings" name="test_get_public_profile_settings" time="0.408" /><testcase classname="backend.tests.test_public_profile.TestAuthenticatedSettings" name="test_settings_auto_generates_slug" time="0.384" /><testcase classname="backend.tests.test_public_profile.TestAuthenticatedSettings" name="test_update_visibility_toggles" time="0.513" /><testcase classname="backend.tests.test_public_profile.TestAuthenticatedSettings" name="test_update_publish_toggle" time="0.481" /><testcase classname="backend.tests.test_public_profile.TestAuthenticatedSettings" name="test_update_only_accepts_boolean_for_known_keys" time="0.399" /><testcase classname="backend.tests.test_public_profile.TestAuthenticatedSettings" name="test_update_ignores_unknown_keys" time="0.566" /><testcase classname="backend.tests.test_public_profile.TestAuthenticatedSettings" name="test_regenerate_slug" time="0.484" /><testcase classname="backend.tests.test_public_profile.TestPrivacyFiltering" name="test_contact_email_privacy_filter" time="0.887" /><testcase classname="backend.tests.test_public_profile.TestPrivacyFiltering" name="test_bio_privacy_filter" time="0.614" /><testcase classname="backend.tests.test_public_profile.TestPrivacyFiltering" name="test_unpublished_profile_returns_404" time="0.687" /><testcase classname="backend.tests.test_public_profile.TestCompletenessCheck" name="test_completeness_returns_score" time="0.430" /><testcase classname="backend.tests.test_public_profile.TestCompletenessCheck" name="test_completeness_returns_filled_and_missing" time="0.403" /></testsuite></testsuites>