<?xml version="1.0" encoding="utf-8"?><testsuites name="pytest tests"><testsuite name="pytest" errors="0" failures="0" skipped="0" tests="12" time="4.338" timestamp="2026-03-09T02:42:35.772434+00:00" hostname="agent-env-3e115f39-2641-4da6-b699-5dec1ff02d69"><testcase classname="backend.tests.test_role_based_routing.TestSelfRegistrationRoles" name="test_athlete_can_self_register" time="0.433" /><testcase classname="backend.tests.test_role_based_routing.TestSelfRegistrationRoles" name="test_parent_can_self_register" time="0.346" /><testcase classname="backend.tests.test_role_based_routing.TestSelfRegistrationRoles" name="test_coach_can_self_register" time="0.339" /><testcase classname="backend.tests.test_role_based_routing.TestSelfRegistrationRoles" name="test_director_cannot_self_register" time="0.144" /><testcase classname="backend.tests.test_role_based_routing.TestLoginRoles" name="test_director_login_returns_director_role" time="0.344" /><testcase classname="backend.tests.test_role_based_routing.TestLoginRoles" name="test_coach_williams_login_returns_coach_role" time="0.323" /><testcase classname="backend.tests.test_role_based_routing.TestMissionControlRoleSplit" name="test_director_mission_control_returns_director_view" time="0.402" /><testcase classname="backend.tests.test_role_based_routing.TestMissionControlRoleSplit" name="test_coach_mission_control_returns_coach_view" time="0.401" /><testcase classname="backend.tests.test_role_based_routing.TestRosterAccess" name="test_director_can_access_roster" time="0.391" /><testcase classname="backend.tests.test_role_based_routing.TestRosterAccess" name="test_coach_cannot_access_roster" time="0.401" /><testcase classname="backend.tests.test_role_based_routing.TestAthleteClaim" name="test_athlete_registration_returns_claimed_id_if_match" time="0.336" /><testcase classname="backend.tests.test_role_based_routing.TestTokenPersistence" name="test_registered_athlete_token_works_for_me_endpoint" time="0.402" /></testsuite></testsuites>