<?xml version="1.0" encoding="utf-8"?><testsuites name="pytest tests"><testsuite name="pytest" errors="0" failures="0" skipped="0" tests="9" time="4.393" timestamp="2026-03-20T16:54:25.732676+00:00" hostname="agent-env-2047cebe-d7c7-438e-b32e-2d5716272948"><testcase classname="backend.tests.test_loop_analytics.TestLoopAnalyticsAPI" name="test_batch_ingest_three_events" time="0.557" /><testcase classname="backend.tests.test_loop_analytics.TestLoopAnalyticsAPI" name="test_batch_ingest_empty_events" time="0.428" /><testcase classname="backend.tests.test_loop_analytics.TestLoopAnalyticsAPI" name="test_ingest_all_event_types" time="0.414" /><testcase classname="backend.tests.test_loop_analytics.TestLoopAnalyticsAPI" name="test_get_loop_metrics_structure" time="0.462" /><testcase classname="backend.tests.test_loop_analytics.TestLoopAnalyticsAPI" name="test_get_loop_metrics_with_days_param" time="0.434" /><testcase classname="backend.tests.test_loop_analytics.TestLoopAnalyticsAPI" name="test_loop_metrics_without_auth" time="0.501" /><testcase classname="backend.tests.test_loop_analytics.TestLoopAnalyticsAPI" name="test_events_without_auth" time="0.484" /><testcase classname="backend.tests.test_loop_analytics.TestLoopAnalyticsAPI" name="test_ingest_and_verify_metrics_update" time="0.563" /><testcase classname="backend.tests.test_loop_analytics.TestLoopAnalyticsAPI" name="test_priority_source_breakdown_tracking" time="0.484" /></testsuite></testsuites>