<?xml version="1.0" encoding="utf-8"?><testsuites name="pytest tests"><testsuite name="pytest" errors="0" failures="0" skipped="0" tests="22" time="10.163" timestamp="2026-03-07T00:14:34.421527+00:00" hostname="agent-env-a133a270-1845-4ebc-8188-57a6731060c4"><testcase classname="backend.tests.test_rbac_stabilization.TestAuthRegistration" name="test_register_director_returns_403" time="0.316" /><testcase classname="backend.tests.test_rbac_stabilization.TestAuthRegistration" name="test_register_coach_works" time="0.358" /><testcase classname="backend.tests.test_rbac_stabilization.TestRouteProtection" name="test_mission_control_requires_auth" time="0.120" /><testcase classname="backend.tests.test_rbac_stabilization.TestRouteProtection" name="test_events_requires_auth" time="0.127" /><testcase classname="backend.tests.test_rbac_stabilization.TestRouteProtection" name="test_athletes_requires_auth" time="0.118" /><testcase classname="backend.tests.test_rbac_stabilization.TestRouteProtection" name="test_mission_control_works_with_auth" time="0.513" /><testcase classname="backend.tests.test_rbac_stabilization.TestRouteProtection" name="test_events_works_with_auth" time="0.479" /><testcase classname="backend.tests.test_rbac_stabilization.TestRouteProtection" name="test_athletes_works_with_auth" time="0.497" /><testcase classname="backend.tests.test_rbac_stabilization.TestDirectorOnlyRoutes" name="test_admin_status_403_for_coach" time="0.460" /><testcase classname="backend.tests.test_rbac_stabilization.TestDirectorOnlyRoutes" name="test_admin_status_200_for_director" time="0.461" /><testcase classname="backend.tests.test_rbac_stabilization.TestDirectorOnlyRoutes" name="test_debug_interventions_403_for_coach" time="0.433" /><testcase classname="backend.tests.test_rbac_stabilization.TestDirectorOnlyRoutes" name="test_debug_interventions_200_for_director" time="0.457" /><testcase classname="backend.tests.test_rbac_stabilization.TestDirectorOnlyRoutes" name="test_invites_403_for_coach" time="0.456" /><testcase classname="backend.tests.test_rbac_stabilization.TestDirectorOnlyRoutes" name="test_invites_200_for_director" time="0.510" /><testcase classname="backend.tests.test_rbac_stabilization.TestDirectorOnlyRoutes" name="test_create_invite_403_for_coach" time="0.446" /><testcase classname="backend.tests.test_rbac_stabilization.TestCurrentUserNameInActions" name="test_athlete_note_uses_current_user_name" time="0.605" /><testcase classname="backend.tests.test_rbac_stabilization.TestCurrentUserNameInActions" name="test_support_pod_action_uses_current_user_name" time="0.571" /><testcase classname="backend.tests.test_rbac_stabilization.TestCurrentUserNameInActions" name="test_event_note_uses_current_user_name" time="0.713" /><testcase classname="backend.tests.test_rbac_stabilization.TestInviteFlowRegression" name="test_full_invite_flow" time="1.405" /><testcase classname="backend.tests.test_rbac_stabilization.TestLoginRegression" name="test_director_login" time="0.338" /><testcase classname="backend.tests.test_rbac_stabilization.TestLoginRegression" name="test_coach_williams_login" time="0.337" /><testcase classname="backend.tests.test_rbac_stabilization.TestLoginRegression" name="test_coach_garcia_login" time="0.343" /></testsuite></testsuites>