<?xml version="1.0" encoding="utf-8"?><testsuites name="pytest tests"><testsuite name="pytest" errors="0" failures="0" skipped="0" tests="26" time="5.434" timestamp="2026-03-06T21:24:19.271547+00:00" hostname="agent-env-bef3d1fb-25bb-4a75-944c-3015ed73dcb2"><testcase classname="tests.test_advocacy_mode.TestDecisionEngineEventFollowUp" name="test_debug_interventions_endpoint_returns_200" time="0.310" /><testcase classname="tests.test_advocacy_mode.TestDecisionEngineEventFollowUp" name="test_debug_interventions_has_by_category" time="0.111" /><testcase classname="tests.test_advocacy_mode.TestDecisionEngineEventFollowUp" name="test_event_follow_up_interventions_exist" time="0.160" /><testcase classname="tests.test_advocacy_mode.TestDecisionEngineEventFollowUp" name="test_event_follow_up_intervention_has_required_fields" time="0.162" /><testcase classname="tests.test_advocacy_mode.TestAdvocacyRecommendationsList" name="test_list_recommendations_returns_200" time="0.153" /><testcase classname="tests.test_advocacy_mode.TestAdvocacyRecommendationsList" name="test_list_recommendations_has_groups" time="0.102" /><testcase classname="tests.test_advocacy_mode.TestAdvocacyRecommendationsList" name="test_list_recommendations_stats_correct" time="0.200" /><testcase classname="tests.test_advocacy_mode.TestAdvocacyRecommendationsList" name="test_seeded_recommendations_exist" time="0.111" /><testcase classname="tests.test_advocacy_mode.TestAdvocacyRecommendationsList" name="test_filter_by_status_drafts" time="0.118" /><testcase classname="tests.test_advocacy_mode.TestAdvocacyRecommendationDetail" name="test_get_recommendation_rec_1" time="0.133" /><testcase classname="tests.test_advocacy_mode.TestAdvocacyRecommendationDetail" name="test_get_recommendation_rec_4_draft" time="0.185" /><testcase classname="tests.test_advocacy_mode.TestAdvocacyRecommendationDetail" name="test_get_nonexistent_recommendation" time="0.152" /><testcase classname="tests.test_advocacy_mode.TestAdvocacyRecommendationCreate" name="test_create_recommendation" time="0.258" /><testcase classname="tests.test_advocacy_mode.TestAdvocacyRecommendationSend" name="test_send_draft_recommendation" time="0.238" /><testcase classname="tests.test_advocacy_mode.TestAdvocacyRecommendationSend" name="test_cannot_send_already_sent" time="0.127" /><testcase classname="tests.test_advocacy_mode.TestAdvocacyResponseTracking" name="test_log_response_warm" time="0.113" /><testcase classname="tests.test_advocacy_mode.TestAdvocacyResponseTracking" name="test_follow_up_increments_count" time="0.301" /><testcase classname="tests.test_advocacy_mode.TestAdvocacyResponseTracking" name="test_close_recommendation" time="0.414" /><testcase classname="tests.test_advocacy_mode.TestAdvocacyRelationships" name="test_list_relationships" time="0.982" /><testcase classname="tests.test_advocacy_mode.TestAdvocacyRelationships" name="test_get_michigan_relationship" time="0.109" /><testcase classname="tests.test_advocacy_mode.TestAdvocacyRelationships" name="test_nonexistent_relationship" time="0.114" /><testcase classname="tests.test_advocacy_mode.TestAdvocacyEventContext" name="test_get_context_athlete_only" time="0.110" /><testcase classname="tests.test_advocacy_mode.TestAdvocacyEventContext" name="test_get_context_athlete_school" time="0.120" /><testcase classname="tests.test_advocacy_mode.TestMissionControlEventFollowUp" name="test_mission_control_returns_200" time="0.147" /><testcase classname="tests.test_advocacy_mode.TestMissionControlEventFollowUp" name="test_priority_alerts_may_include_event_follow_up" time="0.122" /><testcase classname="tests.test_advocacy_mode.TestSchoolsList" name="test_list_schools" time="0.160" /></testsuite></testsuites>