<?xml version="1.0" encoding="utf-8"?><testsuites name="pytest tests"><testsuite name="pytest" errors="0" failures="0" skipped="0" tests="15" time="0.600" timestamp="2026-03-08T03:27:53.297573+00:00" hostname="agent-env-8a2bc12b-d514-43fb-b702-fce69c0fe57f"><testcase classname="backend.tests.test_roster_intelligence.TestMomentumLabels" name="test_roster_returns_momentum_label_field" time="0.527" /><testcase classname="backend.tests.test_roster_intelligence.TestMomentumLabels" name="test_momentum_distribution" time="0.000" /><testcase classname="backend.tests.test_roster_intelligence.TestMomentumLabels" name="test_momentum_label_logic" time="0.000" /><testcase classname="backend.tests.test_roster_intelligence.TestRecruitingPipeline" name="test_roster_returns_recruiting_stage" time="0.000" /><testcase classname="backend.tests.test_roster_intelligence.TestRecruitingPipeline" name="test_stage_distribution" time="0.000" /><testcase classname="backend.tests.test_roster_intelligence.TestRiskAlerts" name="test_roster_returns_risk_alerts_field" time="0.000" /><testcase classname="backend.tests.test_roster_intelligence.TestRiskAlerts" name="test_athletes_with_risk_alerts" time="0.000" /><testcase classname="backend.tests.test_roster_intelligence.TestRiskAlerts" name="test_risk_alert_structure" time="0.000" /><testcase classname="backend.tests.test_roster_intelligence.TestRiskAlerts" name="test_risk_level_consistency" time="0.000" /><testcase classname="backend.tests.test_roster_intelligence.TestNeedsAttentionSummary" name="test_needs_attention_array_exists" time="0.000" /><testcase classname="backend.tests.test_roster_intelligence.TestNeedsAttentionSummary" name="test_needs_attention_structure" time="0.000" /><testcase classname="backend.tests.test_roster_intelligence.TestExistingFunctionality" name="test_team_groups_exist" time="0.000" /><testcase classname="backend.tests.test_roster_intelligence.TestExistingFunctionality" name="test_age_groups_exist" time="0.000" /><testcase classname="backend.tests.test_roster_intelligence.TestExistingFunctionality" name="test_coach_groups_exist" time="0.000" /><testcase classname="backend.tests.test_roster_intelligence.TestExistingFunctionality" name="test_summary_exists" time="0.000" /></testsuite></testsuites>