<?xml version="1.0" encoding="utf-8"?><testsuites name="pytest tests"><testsuite name="pytest" errors="0" failures="0" skipped="0" tests="15" time="2.875" timestamp="2026-03-07T18:49:27.222771+00:00" hostname="agent-env-c12740c7-bfda-4ef5-b927-8d93ed590d9e"><testcase classname="backend.tests.test_coach_activation.TestCoachActivationAPI" name="test_activation_director_access" time="0.624" /><testcase classname="backend.tests.test_coach_activation.TestCoachActivationAPI" name="test_activation_coach_forbidden" time="0.484" /><testcase classname="backend.tests.test_coach_activation.TestCoachActivationAPI" name="test_activation_no_auth" time="0.116" /><testcase classname="backend.tests.test_coach_activation.TestCoachActivationAPI" name="test_activation_coach_fields" time="0.128" /><testcase classname="backend.tests.test_coach_activation.TestCoachActivationAPI" name="test_activation_summary_counts" time="0.155" /><testcase classname="backend.tests.test_coach_activation.TestCoachActivationAPI" name="test_activation_total_matches_coaches_count" time="0.137" /><testcase classname="backend.tests.test_coach_activation.TestCoachActivationAPI" name="test_activation_summary_matches_coaches" time="0.126" /><testcase classname="backend.tests.test_coach_activation.TestCoachActivationAPI" name="test_activation_valid_status_values" time="0.144" /><testcase classname="backend.tests.test_coach_activation.TestCoachActivationAPI" name="test_activation_onboarding_progress_valid" time="0.120" /><testcase classname="backend.tests.test_coach_activation.TestCoachActivationAPI" name="test_activation_athlete_count_non_negative" time="0.123" /><testcase classname="backend.tests.test_coach_activation.TestCoachActivationAPI" name="test_activation_sorted_by_status_priority" time="0.115" /><testcase classname="backend.tests.test_coach_activation.TestCoachActivationAPI" name="test_pending_coaches_have_pending_invite" time="0.155" /><testcase classname="backend.tests.test_coach_activation.TestCoachActivationAPI" name="test_active_coaches_criteria" time="0.121" /><testcase classname="backend.tests.test_coach_activation.TestCoachActivationAPI" name="test_known_coaches_present" time="0.117" /><testcase classname="backend.tests.test_coach_activation.TestCoachActivationAPI" name="test_coach_williams_data_integrity" time="0.139" /></testsuite></testsuites>