<?xml version="1.0" encoding="utf-8"?><testsuites name="pytest tests"><testsuite name="pytest" errors="0" failures="0" skipped="0" tests="17" time="3.473" timestamp="2026-03-16T21:53:34.260584+00:00" hostname="agent-env-df203bc8-628b-426b-b8c6-a64d2c66697c"><testcase classname="backend.tests.test_director_pod_access.TestSupportPodEscalations" name="test_support_pod_returns_escalations_array" time="0.678" /><testcase classname="backend.tests.test_director_pod_access.TestSupportPodEscalations" name="test_escalation_has_correct_fields" time="0.148" /><testcase classname="backend.tests.test_director_pod_access.TestSupportPodEscalations" name="test_athlete_data_returned_correctly" time="0.133" /><testcase classname="backend.tests.test_director_pod_access.TestDirectorNotes" name="test_director_can_add_guidance_note" time="0.165" /><testcase classname="backend.tests.test_director_pod_access.TestDirectorNotes" name="test_coach_cannot_add_director_note" time="0.446" /><testcase classname="backend.tests.test_director_pod_access.TestDirectorNotes" name="test_empty_note_rejected" time="0.161" /><testcase classname="backend.tests.test_director_pod_access.TestDirectorTasks" name="test_director_can_create_intervention_task" time="0.139" /><testcase classname="backend.tests.test_director_pod_access.TestDirectorTasks" name="test_task_with_athlete_assignee" time="0.152" /><testcase classname="backend.tests.test_director_pod_access.TestDirectorTasks" name="test_coach_cannot_create_director_task" time="0.124" /><testcase classname="backend.tests.test_director_pod_access.TestDirectorTasks" name="test_empty_title_rejected" time="0.128" /><testcase classname="backend.tests.test_director_pod_access.TestMissionControlEscalations" name="test_mission_control_returns_escalations" time="0.124" /><testcase classname="backend.tests.test_director_pod_access.TestMissionControlEscalations" name="test_mission_control_escalation_structure" time="0.117" /><testcase classname="backend.tests.test_director_pod_access.TestMissionControlEscalations" name="test_director_role_returned" time="0.122" /><testcase classname="backend.tests.test_director_pod_access.TestEscalationWorkflow" name="test_director_can_acknowledge_escalation" time="0.292" /><testcase classname="backend.tests.test_director_pod_access.TestEscalationWorkflow" name="test_director_can_resolve_escalation" time="0.235" /><testcase classname="backend.tests.test_director_pod_access.TestRoleBasedViews" name="test_coach_mission_control_not_director_view" time="0.115" /><testcase classname="backend.tests.test_director_pod_access.TestRoleBasedViews" name="test_coach_cannot_access_director_notes_endpoint" time="0.115" /></testsuite></testsuites>