<?xml version="1.0" encoding="utf-8"?><testsuites name="pytest tests"><testsuite name="pytest" errors="0" failures="0" skipped="0" tests="15" time="3.555" timestamp="2026-03-07T18:08:44.854343+00:00" hostname="agent-env-c12740c7-bfda-4ef5-b927-8d93ed590d9e"><testcase classname="backend.tests.test_onboarding.TestOnboardingStatus" name="test_director_gets_show_checklist_false" time="0.590" /><testcase classname="backend.tests.test_onboarding.TestOnboardingStatus" name="test_coach_gets_onboarding_status" time="0.452" /><testcase classname="backend.tests.test_onboarding.TestOnboardingStatus" name="test_coach_garcia_fresh_status" time="0.480" /><testcase classname="backend.tests.test_onboarding.TestOnboardingStatus" name="test_unauthenticated_request_fails" time="0.123" /><testcase classname="backend.tests.test_onboarding.TestCompleteStep" name="test_complete_valid_step" time="0.105" /><testcase classname="backend.tests.test_onboarding.TestCompleteStep" name="test_complete_all_valid_steps" time="0.582" /><testcase classname="backend.tests.test_onboarding.TestCompleteStep" name="test_invalid_step_returns_400" time="0.148" /><testcase classname="backend.tests.test_onboarding.TestCompleteStep" name="test_empty_step_returns_400" time="0.100" /><testcase classname="backend.tests.test_onboarding.TestCompleteStep" name="test_missing_step_returns_400" time="0.104" /><testcase classname="backend.tests.test_onboarding.TestCompleteStep" name="test_director_forbidden_403" time="0.109" /><testcase classname="backend.tests.test_onboarding.TestDismissOnboarding" name="test_coach_can_dismiss" time="0.102" /><testcase classname="backend.tests.test_onboarding.TestDismissOnboarding" name="test_after_dismiss_checklist_hidden" time="0.250" /><testcase classname="backend.tests.test_onboarding.TestDismissOnboarding" name="test_director_dismiss_forbidden_403" time="0.117" /><testcase classname="backend.tests.test_onboarding.TestPersonalization" name="test_coach_with_athletes_has_full_steps" time="0.109" /><testcase classname="backend.tests.test_onboarding.TestAutoDetectLogActivity" name="test_log_activity_auto_detection" time="0.114" /></testsuite></testsuites>