<?xml version="1.0" encoding="utf-8"?><testsuites name="pytest tests"><testsuite name="pytest" errors="0" failures="0" skipped="0" tests="16" time="18.977" timestamp="2026-03-25T16:38:49.436540+00:00" hostname="agent-env-4223f9e9-4cff-4aa8-b19a-9a34f70227ed"><testcase classname="tests.test_coaching_stability.TestCoachingStabilityGet" name="test_get_coaching_stability_returns_200" time="0.654" /><testcase classname="tests.test_coaching_stability.TestCoachingStabilityGet" name="test_get_coaching_stability_has_stability_field" time="0.125" /><testcase classname="tests.test_coaching_stability.TestCoachingStabilityGet" name="test_get_coaching_stability_has_source_field" time="0.120" /><testcase classname="tests.test_coaching_stability.TestCoachingStabilityGet" name="test_stability_has_severity_field" time="0.106" /><testcase classname="tests.test_coaching_stability.TestCoachingStabilityGet" name="test_stability_has_headline_field" time="0.149" /><testcase classname="tests.test_coaching_stability.TestCoachingStabilityGet" name="test_stability_has_summary_field" time="0.124" /><testcase classname="tests.test_coaching_stability.TestCoachingStabilityGet" name="test_stability_has_change_type_field" time="0.098" /><testcase classname="tests.test_coaching_stability.TestCoachingStabilityGet" name="test_stability_has_recommendation_field" time="0.113" /><testcase classname="tests.test_coaching_stability.TestCoachingStabilityGet" name="test_get_coaching_stability_invalid_program_returns_404" time="0.123" /><testcase classname="tests.test_coaching_stability.TestCoachingStabilityGet" name="test_get_coaching_stability_without_auth_returns_401" time="0.127" /><testcase classname="tests.test_coaching_stability.TestCoachingStabilityRefresh" name="test_refresh_coaching_stability_returns_200" time="5.852" /><testcase classname="tests.test_coaching_stability.TestCoachingStabilityRefresh" name="test_refresh_returns_stability_data" time="5.480" /><testcase classname="tests.test_coaching_stability.TestCoachingStabilityRefresh" name="test_refresh_source_is_refreshed" time="5.386" /><testcase classname="tests.test_coaching_stability.TestCoachingStabilityRefresh" name="test_refresh_invalid_program_returns_404" time="0.138" /><testcase classname="tests.test_coaching_stability.TestCoachingStabilityRefresh" name="test_refresh_without_auth_returns_401" time="0.122" /><testcase classname="tests.test_coaching_stability.TestCoachingStabilityCaching" name="test_second_call_returns_cached" time="0.169" /></testsuite></testsuites>