<?xml version="1.0" encoding="utf-8"?><testsuites name="pytest tests"><testsuite name="pytest" errors="0" failures="0" skipped="0" tests="16" time="7.397" timestamp="2026-03-23T21:32:41.849607+00:00" hostname="agent-env-74622339-1c75-42b7-9d46-7de0319327b1"><testcase classname="tests.test_redis_cache.TestAuthenticationAllRoles" name="test_athlete_login" time="0.479" /><testcase classname="tests.test_redis_cache.TestAuthenticationAllRoles" name="test_coach_login" time="0.287" /><testcase classname="tests.test_redis_cache.TestAuthenticationAllRoles" name="test_director_login" time="0.275" /><testcase classname="tests.test_redis_cache.TestCacheStatsEndpoint" name="test_cache_stats_returns_correct_structure" time="0.055" /><testcase classname="tests.test_redis_cache.TestCacheStatsEndpoint" name="test_cache_is_available" time="0.049" /><testcase classname="tests.test_redis_cache.TestMissionControlByRole" name="test_coach_mission_control" time="1.060" /><testcase classname="tests.test_redis_cache.TestMissionControlByRole" name="test_director_mission_control" time="0.113" /><testcase classname="tests.test_redis_cache.TestMissionControlByRole" name="test_athlete_mission_control" time="0.072" /><testcase classname="tests.test_redis_cache.TestAthletesEndpoint" name="test_athletes_returns_list_with_momentum" time="0.142" /><testcase classname="tests.test_redis_cache.TestProgramIntelligence" name="test_program_intelligence" time="0.068" /><testcase classname="tests.test_redis_cache.TestRedisKeysAndTTL" name="test_redis_keys_have_cm_prefix" time="0.128" /><testcase classname="tests.test_redis_cache.TestRedisKeysAndTTL" name="test_redis_keys_have_ttl" time="0.132" /><testcase classname="tests.test_redis_cache.TestCacheHitRateImprovement" name="test_hit_rate_improves" time="0.768" /><testcase classname="tests.test_redis_cache.TestGracefulFallbackToDb" name="test_app_works_without_redis" time="3.207" /><testcase classname="tests.test_redis_cache.TestCacheInvalidationOnWrite" name="test_cache_invalidation_after_write" time="0.150" /><testcase classname="tests.test_redis_cache.TestNoCrossTenantLeakage" name="test_cache_keys_are_tenant_aware" time="0.326" /></testsuite></testsuites>