<?xml version="1.0" encoding="utf-8"?><testsuites name="pytest tests"><testsuite name="pytest" errors="0" failures="0" skipped="0" tests="19" time="5.713" timestamp="2026-03-06T23:51:38.621671+00:00" hostname="agent-env-a133a270-1845-4ebc-8188-57a6731060c4"><testcase classname="backend.tests.test_auth.TestAuthLogin" name="test_director_login_success" time="0.431" /><testcase classname="backend.tests.test_auth.TestAuthLogin" name="test_coach_williams_login_success" time="0.368" /><testcase classname="backend.tests.test_auth.TestAuthLogin" name="test_coach_garcia_login_success" time="0.349" /><testcase classname="backend.tests.test_auth.TestAuthLogin" name="test_login_invalid_credentials_wrong_password" time="0.331" /><testcase classname="backend.tests.test_auth.TestAuthLogin" name="test_login_invalid_credentials_nonexistent_user" time="0.119" /><testcase classname="backend.tests.test_auth.TestAuthRegister" name="test_register_new_coach_success" time="0.334" /><testcase classname="backend.tests.test_auth.TestAuthRegister" name="test_register_new_director_success" time="0.386" /><testcase classname="backend.tests.test_auth.TestAuthRegister" name="test_register_duplicate_email_fails" time="0.140" /><testcase classname="backend.tests.test_auth.TestAuthMe" name="test_get_current_user_with_valid_token" time="0.387" /><testcase classname="backend.tests.test_auth.TestAuthMe" name="test_get_current_user_without_token_fails" time="0.111" /><testcase classname="backend.tests.test_auth.TestAuthMe" name="test_get_current_user_with_invalid_token_fails" time="0.110" /><testcase classname="backend.tests.test_auth.TestProtectedRoutes" name="test_program_intelligence_requires_auth" time="0.148" /><testcase classname="backend.tests.test_auth.TestProtectedRoutes" name="test_program_intelligence_with_valid_token" time="0.387" /><testcase classname="backend.tests.test_auth.TestProtectedRoutes" name="test_program_coaches_requires_auth" time="0.107" /><testcase classname="backend.tests.test_auth.TestProtectedRoutes" name="test_mission_control_does_not_require_auth" time="0.126" /><testcase classname="backend.tests.test_auth.TestRoleBasedAccess" name="test_director_sees_full_program_view" time="0.435" /><testcase classname="backend.tests.test_auth.TestRoleBasedAccess" name="test_coach_sees_filtered_view" time="0.427" /><testcase classname="backend.tests.test_auth.TestRoleBasedAccess" name="test_director_can_view_coach_data" time="0.389" /><testcase classname="backend.tests.test_auth.TestTokenValidation" name="test_new_registration_immediately_usable" time="0.398" /></testsuite></testsuites>