<?xml version="1.0" encoding="utf-8"?><testsuites name="pytest tests"><testsuite name="pytest" errors="0" failures="0" skipped="0" tests="15" time="6.801" timestamp="2026-03-11T13:10:00.321804+00:00" hostname="agent-env-d9370fbf-0162-446e-8da8-0648fc6eb3ff"><testcase classname="backend.tests.test_public_profile.TestPublicProfileEndpoints" name="test_public_profile_published_returns_200" time="0.311" /><testcase classname="backend.tests.test_public_profile.TestPublicProfileEndpoints" name="test_public_profile_nonexistent_slug_returns_404" time="0.112" /><testcase classname="backend.tests.test_public_profile.TestPublicProfileEndpoints" name="test_public_profile_contact_email_privacy" time="0.116" /><testcase classname="backend.tests.test_public_profile.TestAuthenticatedSettings" name="test_get_public_profile_settings" time="0.483" /><testcase classname="backend.tests.test_public_profile.TestAuthenticatedSettings" name="test_settings_auto_generates_slug" time="0.420" /><testcase classname="backend.tests.test_public_profile.TestAuthenticatedSettings" name="test_update_visibility_toggles" time="0.567" /><testcase classname="backend.tests.test_public_profile.TestAuthenticatedSettings" name="test_update_publish_toggle" time="0.508" /><testcase classname="backend.tests.test_public_profile.TestAuthenticatedSettings" name="test_update_only_accepts_boolean_for_known_keys" time="0.404" /><testcase classname="backend.tests.test_public_profile.TestAuthenticatedSettings" name="test_update_ignores_unknown_keys" time="0.488" /><testcase classname="backend.tests.test_public_profile.TestAuthenticatedSettings" name="test_regenerate_slug" time="0.450" /><testcase classname="backend.tests.test_public_profile.TestPrivacyFiltering" name="test_contact_email_privacy_filter" time="0.747" /><testcase classname="backend.tests.test_public_profile.TestPrivacyFiltering" name="test_bio_privacy_filter" time="0.672" /><testcase classname="backend.tests.test_public_profile.TestPrivacyFiltering" name="test_unpublished_profile_returns_404" time="0.645" /><testcase classname="backend.tests.test_public_profile.TestCompletenessCheck" name="test_completeness_returns_score" time="0.392" /><testcase classname="backend.tests.test_public_profile.TestCompletenessCheck" name="test_completeness_returns_filled_and_missing" time="0.400" /></testsuite></testsuites>