<?xml version="1.0" encoding="utf-8"?><testsuites name="pytest tests"><testsuite name="pytest" errors="0" failures="0" skipped="0" tests="14" time="6.659" timestamp="2026-03-15T04:46:41.580674+00:00" hostname="agent-env-51e50a6b-65cc-4aa5-8fa5-929ad00c7182"><testcase classname="backend.tests.test_contextual_advocacy.TestContextualAdvocacy" name="test_athlete_context_returns_previous_advocacy_array" time="0.564" /><testcase classname="backend.tests.test_contextual_advocacy.TestContextualAdvocacy" name="test_athlete_context_returns_athlete_info" time="0.459" /><testcase classname="backend.tests.test_contextual_advocacy.TestContextualAdvocacy" name="test_athlete_context_returns_pipeline_status" time="0.430" /><testcase classname="backend.tests.test_contextual_advocacy.TestContextualAdvocacy" name="test_athlete_context_returns_last_contact" time="0.500" /><testcase classname="backend.tests.test_contextual_advocacy.TestContextualAdvocacy" name="test_athlete_context_returns_event_notes" time="0.426" /><testcase classname="backend.tests.test_contextual_advocacy.TestContextualAdvocacy" name="test_athlete_context_works_with_url_encoded_school_name" time="0.453" /><testcase classname="backend.tests.test_contextual_advocacy.TestSupportPodSchoolRows" name="test_support_pod_schools_returns_school_list" time="0.430" /><testcase classname="backend.tests.test_contextual_advocacy.TestSupportPodSchoolRows" name="test_support_pod_schools_have_university_name" time="0.434" /><testcase classname="backend.tests.test_contextual_advocacy.TestSchoolPodAdvocateButton" name="test_school_pod_returns_program_info" time="0.462" /><testcase classname="backend.tests.test_contextual_advocacy.TestEventSummaryAdvocate" name="test_event_summary_returns_notes_with_school_name" time="0.490" /><testcase classname="backend.tests.test_contextual_advocacy.TestRecommendationBuilderPreFill" name="test_athletes_search_returns_matching_athletes" time="0.479" /><testcase classname="backend.tests.test_contextual_advocacy.TestRecommendationBuilderPreFill" name="test_schools_search_returns_matching_schools" time="0.467" /><testcase classname="backend.tests.test_contextual_advocacy.TestRelationshipHistoryDisplay" name="test_previous_advocacy_structure_when_exists" time="0.537" /><testcase classname="backend.tests.test_contextual_advocacy.TestRelationshipHistoryDisplay" name="test_event_interactions_in_context" time="0.439" /></testsuite></testsuites>