<?xml version="1.0" encoding="utf-8"?><testsuites name="pytest tests"><testsuite name="pytest" errors="0" failures="0" skipped="0" tests="15" time="1.996" timestamp="2026-03-11T17:07:11.809186+00:00" hostname="agent-env-5c7349d1-5bef-49c4-ad06-0a16dba4418b"><testcase classname="tests.test_pipeline_hero_card.TestTopActionsEndpoint" name="test_top_actions_returns_200" time="0.622" /><testcase classname="tests.test_pipeline_hero_card.TestTopActionsEndpoint" name="test_top_actions_returns_actions_array" time="0.066" /><testcase classname="tests.test_pipeline_hero_card.TestTopActionsEndpoint" name="test_action_has_required_fields" time="0.078" /><testcase classname="tests.test_pipeline_hero_card.TestTopActionsEndpoint" name="test_directive_labels_present" time="0.087" /><testcase classname="tests.test_pipeline_hero_card.TestTopActionsEndpoint" name="test_owner_field_values" time="0.076" /><testcase classname="tests.test_pipeline_hero_card.TestTopActionsEndpoint" name="test_category_field_values" time="0.081" /><testcase classname="tests.test_pipeline_hero_card.TestTopActionsEndpoint" name="test_priority_ordering" time="0.073" /><testcase classname="tests.test_pipeline_hero_card.TestFilterCategories" name="test_coach_flag_category_exists" time="0.092" /><testcase classname="tests.test_pipeline_hero_card.TestFilterCategories" name="test_first_outreach_category_exists" time="0.084" /><testcase classname="tests.test_pipeline_hero_card.TestCTALabels" name="test_reply_now_cta_for_coach_flag" time="0.081" /><testcase classname="tests.test_pipeline_hero_card.TestCTALabels" name="test_start_outreach_cta_for_first_outreach" time="0.080" /><testcase classname="tests.test_pipeline_hero_card.TestCTALabels" name="test_view_school_cta_for_on_track" time="0.086" /><testcase classname="tests.test_pipeline_hero_card.TestExplanationText" name="test_explanation_not_empty" time="0.072" /><testcase classname="tests.test_pipeline_hero_card.TestExplanationText" name="test_explanation_is_user_friendly" time="0.113" /><testcase classname="tests.test_pipeline_hero_card.TestUnauthorizedAccess" name="test_top_actions_requires_auth" time="0.241" /></testsuite></testsuites>