<?xml version="1.0" encoding="utf-8"?><testsuites name="pytest tests"><testsuite name="pytest" errors="0" failures="0" skipped="0" tests="19" time="3.465" timestamp="2026-03-28T18:30:19.615517+00:00" hostname="agent-env-176e51d8-1404-41f1-91e7-199bbd995ad8"><testcase classname="tests.test_performance_optimization.TestProfileEndpointLiteMode" name="test_profile_full_returns_photo_url" time="0.658" /><testcase classname="tests.test_performance_optimization.TestProfileEndpointLiteMode" name="test_profile_lite_excludes_photo_url" time="0.115" /><testcase classname="tests.test_performance_optimization.TestProfileEndpointLiteMode" name="test_lite_profile_smaller_than_full" time="0.334" /><testcase classname="tests.test_performance_optimization.TestJourneyEndpointPerformance" name="test_journey_endpoint_returns_timeline" time="0.115" /><testcase classname="tests.test_performance_optimization.TestJourneyEndpointPerformance" name="test_journey_endpoint_response_time" time="0.108" /><testcase classname="tests.test_performance_optimization.TestJourneyEndpointPerformance" name="test_journey_timeline_structure" time="0.122" /><testcase classname="tests.test_performance_optimization.TestPipelineDataLoading" name="test_programs_list_returns_data" time="0.148" /><testcase classname="tests.test_performance_optimization.TestPipelineDataLoading" name="test_programs_include_attention_data" time="0.169" /><testcase classname="tests.test_performance_optimization.TestPipelineDataLoading" name="test_programs_include_pipeline_stage" time="0.216" /><testcase classname="tests.test_performance_optimization.TestPipelineDataLoading" name="test_top_actions_endpoint" time="0.130" /><testcase classname="tests.test_performance_optimization.TestPipelineDataLoading" name="test_match_scores_endpoint" time="0.108" /><testcase classname="tests.test_performance_optimization.TestPipelineDataLoading" name="test_momentum_recap_endpoint" time="0.115" /><testcase classname="tests.test_performance_optimization.TestEngagementEndpoint" name="test_engagement_endpoint_returns_data" time="0.104" /><testcase classname="tests.test_performance_optimization.TestEngagementEndpoint" name="test_engagement_endpoint_response_time" time="0.115" /><testcase classname="tests.test_performance_optimization.TestCoachWatchEndpoint" name="test_coach_watch_returns_data" time="0.133" /><testcase classname="tests.test_performance_optimization.TestProgramDetailEndpoint" name="test_program_detail_returns_data" time="0.112" /><testcase classname="tests.test_performance_optimization.TestProgramDetailEndpoint" name="test_program_detail_includes_signals" time="0.116" /><testcase classname="tests.test_performance_optimization.TestParallelDataFetching" name="test_pipeline_page_data_parallel" time="0.261" /><testcase classname="tests.test_performance_optimization.TestParallelDataFetching" name="test_journey_page_data_parallel" time="0.217" /></testsuite></testsuites>