<?xml version="1.0" encoding="utf-8"?><testsuites name="pytest tests"><testsuite name="pytest" errors="0" failures="0" skipped="0" tests="16" time="29.848" timestamp="2026-03-23T19:01:59.047086+00:00" hostname="agent-env-e2ffd6b8-1520-49b3-aeeb-6ad6790bb7f4"><testcase classname="backend.tests.test_file_upload.TestFileUpload" name="test_upload_image_file" time="0.797" /><testcase classname="backend.tests.test_file_upload.TestFileUpload" name="test_upload_pdf_file" time="0.659" /><testcase classname="backend.tests.test_file_upload.TestFileUpload" name="test_upload_text_file" time="20.046" /><testcase classname="backend.tests.test_file_upload.TestFileUpload" name="test_upload_csv_file" time="0.291" /><testcase classname="backend.tests.test_file_upload.TestFileUpload" name="test_reject_file_too_large" time="1.001" /><testcase classname="backend.tests.test_file_upload.TestFileUpload" name="test_reject_disallowed_content_type" time="0.175" /><testcase classname="backend.tests.test_file_upload.TestFileUpload" name="test_upload_requires_auth" time="0.177" /><testcase classname="backend.tests.test_file_upload.TestFileUpload" name="test_download_uploaded_file" time="0.442" /><testcase classname="backend.tests.test_file_upload.TestFileUpload" name="test_download_nonexistent_file" time="0.147" /><testcase classname="backend.tests.test_file_upload.TestFileUpload" name="test_download_requires_auth" time="0.122" /><testcase classname="backend.tests.test_file_upload.TestMessageAttachments" name="test_reply_with_attachment" time="1.286" /><testcase classname="backend.tests.test_file_upload.TestMessageAttachments" name="test_verify_attachment_in_thread" time="0.109" /><testcase classname="backend.tests.test_file_upload.TestMessageAttachments" name="test_reply_without_body_but_with_attachment" time="1.518" /><testcase classname="backend.tests.test_file_upload.TestMessageAttachments" name="test_reply_with_multiple_attachments" time="2.345" /><testcase classname="backend.tests.test_file_upload.TestInboxWithAttachments" name="test_inbox_loads" time="0.530" /><testcase classname="backend.tests.test_file_upload.TestInboxWithAttachments" name="test_thread_detail_shows_attachments" time="0.119" /></testsuite></testsuites>