<?xml version="1.0" encoding="utf-8"?><testsuites name="pytest tests"><testsuite name="pytest" errors="0" failures="0" skipped="0" tests="17" time="41.638" timestamp="2026-03-07T02:59:19.107958+00:00" hostname="agent-env-3fa25609-8a8b-442e-935c-36f89b1ff85d"><testcase classname="backend.tests.test_ai_endpoints.TestAIEndpointsNoAuth" name="test_program_narrative_requires_auth" time="0.171" /><testcase classname="backend.tests.test_ai_endpoints.TestAIEndpointsNoAuth" name="test_briefing_requires_auth" time="0.115" /><testcase classname="backend.tests.test_ai_endpoints.TestAIEndpointsNoAuth" name="test_event_recap_requires_auth" time="0.116" /><testcase classname="backend.tests.test_ai_endpoints.TestAIEndpointsNoAuth" name="test_advocacy_draft_requires_auth" time="0.111" /><testcase classname="backend.tests.test_ai_endpoints.TestProgramNarrativeAI" name="test_director_program_narrative" time="5.753" /><testcase classname="backend.tests.test_ai_endpoints.TestProgramNarrativeAI" name="test_coach_williams_program_narrative" time="2.991" /><testcase classname="backend.tests.test_ai_endpoints.TestDailyBriefingAI" name="test_director_daily_briefing" time="4.520" /><testcase classname="backend.tests.test_ai_endpoints.TestDailyBriefingAI" name="test_coach_williams_daily_briefing" time="5.264" /><testcase classname="backend.tests.test_ai_endpoints.TestEventRecapAI" name="test_event_recap_not_found" time="0.137" /><testcase classname="backend.tests.test_ai_endpoints.TestEventRecapAI" name="test_event_recap_no_notes" time="0.105" /><testcase classname="backend.tests.test_ai_endpoints.TestAdvocacyDraftAI" name="test_director_advocacy_draft" time="3.784" /><testcase classname="backend.tests.test_ai_endpoints.TestAdvocacyDraftAI" name="test_coach_williams_advocacy_draft_own_athlete" time="5.067" /><testcase classname="backend.tests.test_ai_endpoints.TestAdvocacyDraftAI" name="test_coach_williams_advocacy_draft_other_athlete_403" time="0.134" /><testcase classname="backend.tests.test_ai_endpoints.TestAdvocacyDraftAI" name="test_advocacy_draft_athlete_not_found" time="0.108" /><testcase classname="backend.tests.test_ai_endpoints.TestAIResponseQuality" name="test_program_narrative_response_structure" time="3.513" /><testcase classname="backend.tests.test_ai_endpoints.TestAIResponseQuality" name="test_briefing_response_structure" time="5.492" /><testcase classname="backend.tests.test_ai_endpoints.TestAIResponseQuality" name="test_advocacy_draft_response_structure" time="4.201" /></testsuite></testsuites>