<?xml version="1.0" encoding="utf-8"?><testsuites name="pytest tests"><testsuite name="pytest" errors="0" failures="0" skipped="0" tests="11" time="9.821" timestamp="2026-03-22T23:26:23.194884+00:00" hostname="agent-env-e2ffd6b8-1520-49b3-aeeb-6ad6790bb7f4"><testcase classname="backend.tests.test_cache_invalidation_p0.TestCacheInvalidationP0" name="test_create_interaction_triggers_cache_refresh" time="1.018" /><testcase classname="backend.tests.test_cache_invalidation_p0.TestCacheInvalidationP0" name="test_mark_replied_triggers_cache_refresh" time="0.954" /><testcase classname="backend.tests.test_cache_invalidation_p0.TestCacheInvalidationP0" name="test_mark_follow_up_sent_triggers_cache_refresh" time="0.970" /><testcase classname="backend.tests.test_cache_invalidation_p0.TestCacheInvalidationP0" name="test_create_program_triggers_cache_refresh" time="1.002" /><testcase classname="backend.tests.test_cache_invalidation_p0.TestCacheInvalidationP0" name="test_update_program_triggers_cache_refresh" time="0.916" /><testcase classname="backend.tests.test_cache_invalidation_p0.TestCacheInvalidationP0" name="test_delete_program_triggers_cache_refresh" time="0.961" /><testcase classname="backend.tests.test_cache_invalidation_p0.TestCacheInvalidationP0" name="test_coach_escalate_triggers_cache_refresh" time="0.969" /><testcase classname="backend.tests.test_cache_invalidation_p0.TestCacheInvalidationP0" name="test_assign_owner_triggers_cache_refresh" time="0.754" /><testcase classname="backend.tests.test_cache_invalidation_p0.TestCacheInvalidationP0" name="test_send_message_triggers_cache_refresh" time="0.619" /><testcase classname="backend.tests.test_cache_invalidation_p0.TestCacheInvalidationP0" name="test_coach_inbox_reflects_athlete_actions" time="0.894" /><testcase classname="backend.tests.test_cache_invalidation_p0.TestBackendHealthAfterCacheOperations" name="test_backend_health_after_multiple_writes" time="0.678" /></testsuite></testsuites>