<?xml version="1.0" encoding="utf-8"?><testsuites name="pytest tests"><testsuite name="pytest" errors="0" failures="0" skipped="0" tests="19" time="78.257" timestamp="2026-03-20T16:02:25.089323+00:00" hostname="agent-env-2047cebe-d7c7-438e-b32e-2d5716272948"><testcase classname="backend.tests.test_momentum_recap.TestMomentumRecapEndpoint" name="test_endpoint_returns_200" time="6.972" /><testcase classname="backend.tests.test_momentum_recap.TestMomentumRecapEndpoint" name="test_response_has_required_fields" time="4.337" /><testcase classname="backend.tests.test_momentum_recap.TestMomentumRecapEndpoint" name="test_recap_hero_is_string" time="5.860" /><testcase classname="backend.tests.test_momentum_recap.TestMomentumRecapEndpoint" name="test_momentum_has_three_categories" time="5.125" /><testcase classname="backend.tests.test_momentum_recap.TestMomentumRecapEndpoint" name="test_momentum_items_have_required_fields" time="4.989" /><testcase classname="backend.tests.test_momentum_recap.TestMomentumRecapEndpoint" name="test_priorities_structure" time="3.845" /><testcase classname="backend.tests.test_momentum_recap.TestMomentumRecapEndpoint" name="test_priorities_have_valid_ranks" time="4.560" /><testcase classname="backend.tests.test_momentum_recap.TestMomentumRecapEndpoint" name="test_priorities_count_structure" time="3.353" /><testcase classname="backend.tests.test_momentum_recap.TestMomentumRecapEndpoint" name="test_ai_summary_is_narrative" time="4.999" /><testcase classname="backend.tests.test_momentum_recap.TestMomentumRecapEndpoint" name="test_period_label_present" time="4.848" /><testcase classname="backend.tests.test_momentum_recap.TestMomentumRecapEndpoint" name="test_momentum_categories_match_items" time="3.043" /><testcase classname="backend.tests.test_momentum_recap.TestMomentumRecapAuthentication" name="test_unauthenticated_request_fails" time="0.191" /><testcase classname="backend.tests.test_momentum_recap.TestMomentumRecapAuthentication" name="test_invalid_token_fails" time="0.154" /><testcase classname="backend.tests.test_momentum_recap.TestMomentumRecapSeedData" name="test_emma_has_five_programs" time="4.604" /><testcase classname="backend.tests.test_momentum_recap.TestMomentumRecapSeedData" name="test_heated_up_has_expected_count" time="4.274" /><testcase classname="backend.tests.test_momentum_recap.TestMomentumRecapSeedData" name="test_holding_steady_has_expected_count" time="4.603" /><testcase classname="backend.tests.test_momentum_recap.TestMomentumRecapSeedData" name="test_cooling_off_has_expected_count" time="3.958" /><testcase classname="backend.tests.test_momentum_recap.TestMomentumRecapSeedData" name="test_period_references_winter_showcase" time="4.018" /><testcase classname="backend.tests.test_momentum_recap.TestMomentumRecapSeedData" name="test_emory_is_top_priority" time="4.453" /></testsuite></testsuites>