<?xml version="1.0" encoding="utf-8"?><testsuites name="pytest tests"><testsuite name="pytest" errors="0" failures="0" skipped="1" tests="25" time="5.019" timestamp="2026-03-07T01:39:42.371218+00:00" hostname="agent-env-a133a270-1845-4ebc-8188-57a6731060c4"><testcase classname="tests.test_ownership_boundaries.TestAthletesOwnership" name="test_director_sees_all_athletes" time="0.527" /><testcase classname="tests.test_ownership_boundaries.TestAthletesOwnership" name="test_coach_williams_sees_own_athletes" time="0.467" /><testcase classname="tests.test_ownership_boundaries.TestAthletesOwnership" name="test_coach_garcia_sees_own_athletes" time="0.460" /><testcase classname="tests.test_ownership_boundaries.TestAthletesOwnership" name="test_director_can_access_any_athlete" time="0.224" /><testcase classname="tests.test_ownership_boundaries.TestAthletesOwnership" name="test_williams_403_for_garcia_athlete" time="0.106" /><testcase classname="tests.test_ownership_boundaries.TestAthletesOwnership" name="test_garcia_403_for_williams_athlete" time="0.125" /><testcase classname="tests.test_ownership_boundaries.TestAthletesOwnership" name="test_williams_200_for_own_athlete" time="0.114" /><testcase classname="tests.test_ownership_boundaries.TestSupportPodsOwnership" name="test_director_can_access_any_pod" time="0.221" /><testcase classname="tests.test_ownership_boundaries.TestSupportPodsOwnership" name="test_williams_403_for_garcia_pod" time="0.130" /><testcase classname="tests.test_ownership_boundaries.TestSupportPodsOwnership" name="test_garcia_403_for_williams_pod" time="0.114" /><testcase classname="tests.test_ownership_boundaries.TestSupportPodsOwnership" name="test_williams_200_for_own_pod" time="0.112" /><testcase classname="tests.test_ownership_boundaries.TestAthleteNotesOwnership" name="test_williams_403_for_garcia_athlete_note" time="0.133" /><testcase classname="tests.test_ownership_boundaries.TestAthleteNotesOwnership" name="test_garcia_403_for_williams_athlete_note" time="0.114" /><testcase classname="tests.test_ownership_boundaries.TestAthleteNotesOwnership" name="test_williams_200_for_own_athlete_note" time="0.123" /><testcase classname="tests.test_ownership_boundaries.TestAthleteNotesOwnership" name="test_director_can_post_note_to_any_athlete" time="0.121" /><testcase classname="tests.test_ownership_boundaries.TestMissionControlOwnership" name="test_director_mission_control_full_data" time="0.120" /><testcase classname="tests.test_ownership_boundaries.TestMissionControlOwnership" name="test_williams_mission_control_filtered" time="0.110" /><testcase classname="tests.test_ownership_boundaries.TestMissionControlOwnership" name="test_garcia_mission_control_filtered" time="0.114" /><testcase classname="tests.test_ownership_boundaries.TestMissionControlOwnership" name="test_coach_alerts_filtered_by_ownership" time="0.228" /><testcase classname="tests.test_ownership_boundaries.TestEventsOwnership" name="test_director_sees_all_events" time="0.115" /><testcase classname="tests.test_ownership_boundaries.TestEventsOwnership" name="test_coach_events_filtered_by_athlete_ids" time="0.225" /><testcase classname="tests.test_ownership_boundaries.TestAdvocacyOwnership" name="test_director_sees_all_recommendations" time="0.116" /><testcase classname="tests.test_ownership_boundaries.TestAdvocacyOwnership" name="test_coach_recommendations_returns_500_bug" time="0.106"><skipped type="pytest.xfail" message="Known bug: filter_by_athlete_id called on dict instead of list in advocacy router" /></testcase><testcase classname="tests.test_ownership_boundaries.TestCrossRoleVerification" name="test_coaches_data_is_mutually_exclusive" time="0.345" /><testcase classname="tests.test_ownership_boundaries.TestCrossRoleVerification" name="test_combined_coach_athletes_equals_director" time="0.339" /></testsuite></testsuites>