<?xml version="1.0" encoding="utf-8"?><testsuites name="pytest tests"><testsuite name="pytest" errors="0" failures="0" skipped="0" tests="15" time="3.961" timestamp="2026-03-10T14:26:24.381721+00:00" hostname="agent-env-11c6fe3b-f7fc-4bcd-8111-b745e734e079"><testcase classname="backend.tests.test_coach_flags.TestCoachFlagCreation" name="test_coach_creates_flag_successfully" time="0.627" /><testcase classname="backend.tests.test_coach_flags.TestCoachFlagCreation" name="test_coach_creates_flag_with_this_week_due" time="0.268" /><testcase classname="backend.tests.test_coach_flags.TestCoachFlagCreation" name="test_athlete_cannot_create_flag" time="0.533" /><testcase classname="backend.tests.test_coach_flags.TestCoachFlagCreation" name="test_director_cannot_create_flag" time="0.551" /><testcase classname="backend.tests.test_coach_flags.TestCoachFlagCreation" name="test_coach_cannot_flag_unassigned_athlete" time="0.106" /><testcase classname="backend.tests.test_coach_flags.TestCoachFlagCreation" name="test_invalid_reason_returns_400" time="0.097" /><testcase classname="backend.tests.test_coach_flags.TestCoachFlagCreation" name="test_invalid_due_returns_400" time="0.111" /><testcase classname="backend.tests.test_coach_flags.TestAthleteFlagsEndpoint" name="test_athlete_gets_active_flags" time="0.106" /><testcase classname="backend.tests.test_coach_flags.TestAthleteFlagsEndpoint" name="test_flags_sorted_by_created_at" time="0.101" /><testcase classname="backend.tests.test_coach_flags.TestCompleteFlagEndpoint" name="test_athlete_completes_flag" time="0.341" /><testcase classname="backend.tests.test_coach_flags.TestCompleteFlagEndpoint" name="test_complete_nonexistent_flag_returns_404" time="0.121" /><testcase classname="backend.tests.test_coach_flags.TestCompleteFlagEndpoint" name="test_complete_already_completed_flag_returns_400" time="0.518" /><testcase classname="backend.tests.test_coach_flags.TestAthleteTasksWithFlags" name="test_tasks_include_coach_flags" time="0.152" /><testcase classname="backend.tests.test_coach_flags.TestAthleteTasksWithFlags" name="test_tasks_sorted_coach_flags_first" time="0.127" /><testcase classname="backend.tests.test_coach_flags.TestPreExistingFlags" name="test_preseeded_flags_exist" time="0.142" /></testsuite></testsuites>