<?xml version="1.0" encoding="utf-8"?><testsuites name="pytest tests"><testsuite name="pytest" errors="0" failures="0" skipped="0" tests="14" time="5.841" timestamp="2026-03-07T01:16:44.592716+00:00" hostname="agent-env-a133a270-1845-4ebc-8188-57a6731060c4"><testcase classname="backend.tests.test_email_delivery.TestCreateInviteWithEmailDelivery" name="test_create_invite_returns_delivery_status_field" time="0.885" /><testcase classname="backend.tests.test_email_delivery.TestCreateInviteWithEmailDelivery" name="test_create_invite_to_verified_email_should_send" time="0.230" /><testcase classname="backend.tests.test_email_delivery.TestResendEndpoint" name="test_resend_invite_increments_resend_count" time="0.498" /><testcase classname="backend.tests.test_email_delivery.TestResendEndpoint" name="test_resend_returns_400_for_accepted_invite" time="0.573" /><testcase classname="backend.tests.test_email_delivery.TestResendEndpoint" name="test_resend_returns_400_for_cancelled_invite" time="0.359" /><testcase classname="backend.tests.test_email_delivery.TestResendEndpoint" name="test_resend_returns_404_for_nonexistent_invite" time="0.058" /><testcase classname="backend.tests.test_email_delivery.TestCoachCannotAccessInvites" name="test_coach_cannot_list_invites" time="0.426" /><testcase classname="backend.tests.test_email_delivery.TestCoachCannotAccessInvites" name="test_coach_cannot_create_invite" time="0.062" /><testcase classname="backend.tests.test_email_delivery.TestCoachCannotAccessInvites" name="test_coach_cannot_resend_invite" time="0.323" /><testcase classname="backend.tests.test_email_delivery.TestListInvitesDeliveryFields" name="test_list_invites_includes_delivery_fields" time="0.278" /><testcase classname="backend.tests.test_email_delivery.TestFailedEmailStillCreatesInvite" name="test_failed_email_creates_pending_invite" time="0.270" /><testcase classname="backend.tests.test_email_delivery.TestPublicEndpointsRegression" name="test_validate_endpoint_still_public" time="0.312" /><testcase classname="backend.tests.test_email_delivery.TestPublicEndpointsRegression" name="test_accept_endpoint_still_public" time="0.538" /><testcase classname="backend.tests.test_email_delivery.TestMultipleResends" name="test_multiple_resends_increment_count" time="0.944" /></testsuite></testsuites>