<?xml version="1.0" encoding="utf-8"?><testsuites name="pytest tests"><testsuite name="pytest" errors="0" failures="0" skipped="0" tests="23" time="5.474" timestamp="2026-03-10T04:06:19.770349+00:00" hostname="agent-env-3ca84091-d0ae-4cd2-aa26-f2aadfd6e8b6"><testcase classname="backend.tests.test_settings_billing.TestProfileSettings" name="test_get_settings_returns_complete_data" time="0.655" /><testcase classname="backend.tests.test_settings_billing.TestProfileSettings" name="test_update_theme_preference" time="0.464" /><testcase classname="backend.tests.test_settings_billing.TestProfileSettings" name="test_toggle_notification_preferences" time="0.529" /><testcase classname="backend.tests.test_settings_billing.TestPasswordChange" name="test_password_change_requires_both_fields" time="0.221" /><testcase classname="backend.tests.test_settings_billing.TestPasswordChange" name="test_password_minimum_length" time="0.128" /><testcase classname="backend.tests.test_settings_billing.TestPasswordChange" name="test_password_wrong_current_rejected" time="0.339" /><testcase classname="backend.tests.test_settings_billing.TestSubscriptionEndpoints" name="test_subscription_returns_tier_info" time="0.105" /><testcase classname="backend.tests.test_settings_billing.TestSubscriptionEndpoints" name="test_subscription_returns_usage_stats" time="0.113" /><testcase classname="backend.tests.test_settings_billing.TestSubscriptionEndpoints" name="test_subscription_returns_limits" time="0.112" /><testcase classname="backend.tests.test_settings_billing.TestSubscriptionEndpoints" name="test_subscription_unauthorized" time="0.108" /><testcase classname="backend.tests.test_settings_billing.TestSubscriptionTiers" name="test_tiers_returns_all_plans" time="0.100" /><testcase classname="backend.tests.test_settings_billing.TestSubscriptionTiers" name="test_tiers_have_required_fields" time="0.134" /><testcase classname="backend.tests.test_settings_billing.TestSubscriptionTiers" name="test_tiers_pricing" time="0.112" /><testcase classname="backend.tests.test_settings_billing.TestStripeCheckout" name="test_create_checkout_session_pro" time="0.621" /><testcase classname="backend.tests.test_settings_billing.TestStripeCheckout" name="test_create_checkout_session_premium" time="0.551" /><testcase classname="backend.tests.test_settings_billing.TestStripeCheckout" name="test_create_checkout_invalid_tier" time="0.108" /><testcase classname="backend.tests.test_settings_billing.TestStripeCheckout" name="test_create_checkout_unauthorized" time="0.118" /><testcase classname="backend.tests.test_settings_billing.TestStripeBillingPortal" name="test_portal_fails_for_basic_user" time="0.114" /><testcase classname="backend.tests.test_settings_billing.TestStripeBillingPortal" name="test_portal_unauthorized" time="0.114" /><testcase classname="backend.tests.test_settings_billing.TestDataPrivacy" name="test_export_data_returns_athlete_data" time="0.185" /><testcase classname="backend.tests.test_settings_billing.TestDataPrivacy" name="test_delete_account_requires_confirmation" time="0.246" /><testcase classname="backend.tests.test_settings_billing.TestDataPrivacy" name="test_export_unauthorized" time="0.102" /><testcase classname="backend.tests.test_settings_billing.TestDataPrivacy" name="test_delete_unauthorized" time="0.103" /></testsuite></testsuites>