<?xml version="1.0" encoding="utf-8"?><testsuites name="pytest tests"><testsuite name="pytest" errors="0" failures="0" skipped="0" tests="15" time="3.851" timestamp="2026-03-13T20:57:08.656477+00:00" hostname="agent-env-0e17fccb-e1ab-4d6d-9151-d3638827f46d"><testcase classname="backend.tests.test_event_routing_fix.TestEventSummaryWithAuth" name="test_01_event_summary_loads_with_auth" time="1.761" /><testcase classname="backend.tests.test_event_routing_fix.TestEventSummaryWithAuth" name="test_02_event_summary_has_correct_stats" time="0.199" /><testcase classname="backend.tests.test_event_routing_fix.TestEventSummaryWithAuth" name="test_03_notes_have_interest_badges" time="0.134" /><testcase classname="backend.tests.test_event_routing_fix.TestRouteSingleNote" name="test_01_create_test_note_for_emma_stanford" time="0.127" /><testcase classname="backend.tests.test_event_routing_fix.TestRouteSingleNote" name="test_02_route_note_returns_program_id" time="0.115" /><testcase classname="backend.tests.test_event_routing_fix.TestRouteSingleNote" name="test_03_routed_actions_appear_in_school_pod" time="0.163" /><testcase classname="backend.tests.test_event_routing_fix.TestRouteSingleNote" name="test_04_timeline_note_created_with_program_id" time="0.115" /><testcase classname="backend.tests.test_event_routing_fix.TestBulkRoute" name="test_01_bulk_route_endpoint_works" time="0.128" /><testcase classname="backend.tests.test_event_routing_fix.TestRegressionSchoolPodPlaybooks" name="test_01_emory_school_pod_has_playbook" time="0.121" /><testcase classname="backend.tests.test_event_routing_fix.TestRegressionSchoolPodPlaybooks" name="test_02_stanford_school_pod_has_playbook" time="0.117" /><testcase classname="backend.tests.test_event_routing_fix.TestRegressionPlaybookPersistence" name="test_01_get_playbook_progress_endpoint" time="0.172" /><testcase classname="backend.tests.test_event_routing_fix.TestRegressionPlaybookPersistence" name="test_02_patch_playbook_progress_saves" time="0.163" /><testcase classname="backend.tests.test_event_routing_fix.TestRegressionPlaybookPersistence" name="test_03_school_pod_includes_playbook_checked_steps" time="0.132" /><testcase classname="backend.tests.test_event_routing_fix.TestEventSummaryNotesRouteStatus" name="test_01_notes_show_routed_status" time="0.125" /><testcase classname="backend.tests.test_event_routing_fix.TestFollowUpActionsStructure" name="test_01_follow_up_actions_have_required_fields" time="0.188" /></testsuite></testsuites>