<?xml version="1.0" encoding="utf-8"?><testsuites name="pytest tests"><testsuite name="pytest" errors="0" failures="0" skipped="0" tests="28" time="11.982" timestamp="2026-03-09T14:41:51.987643+00:00" hostname="agent-env-58992a19-32cb-4222-95a7-e7e04db052e9"><testcase classname="backend.tests.test_kb_routes.TestKBListAndFilters" name="test_list_returns_paginated_schools" time="0.182" /><testcase classname="backend.tests.test_kb_routes.TestKBListAndFilters" name="test_list_with_division_filter" time="0.166" /><testcase classname="backend.tests.test_kb_routes.TestKBListAndFilters" name="test_list_with_region_filter" time="0.184" /><testcase classname="backend.tests.test_kb_routes.TestKBListAndFilters" name="test_list_with_search_filter" time="0.135" /><testcase classname="backend.tests.test_kb_routes.TestKBListAndFilters" name="test_list_with_fields_parameter" time="0.133" /><testcase classname="backend.tests.test_kb_routes.TestKBListAndFilters" name="test_pagination_page_2" time="0.154" /><testcase classname="backend.tests.test_kb_routes.TestKBListAndFilters" name="test_filters_endpoint" time="0.130" /><testcase classname="backend.tests.test_kb_routes.TestKBSchoolDetail" name="test_get_school_detail_by_domain" time="0.126" /><testcase classname="backend.tests.test_kb_routes.TestKBSchoolDetail" name="test_school_detail_with_auth_has_match_score" time="0.550" /><testcase classname="backend.tests.test_kb_routes.TestKBSchoolDetail" name="test_school_not_found_404" time="0.121" /><testcase classname="backend.tests.test_kb_routes.TestKBSchoolDetail" name="test_school_with_scorecard_data" time="0.157" /><testcase classname="backend.tests.test_kb_routes.TestAddToBoard" name="test_add_to_board_requires_auth" time="0.570" /><testcase classname="backend.tests.test_kb_routes.TestAddToBoard" name="test_add_to_board_requires_university_name" time="0.469" /><testcase classname="backend.tests.test_kb_routes.TestAddToBoard" name="test_add_to_board_invalid_university" time="0.512" /><testcase classname="backend.tests.test_kb_routes.TestAddToBoard" name="test_add_duplicate_returns_400" time="0.698" /><testcase classname="backend.tests.test_kb_routes.TestSuggestedSchools" name="test_suggested_schools_returns_matches" time="0.487" /><testcase classname="backend.tests.test_kb_routes.TestSuggestedSchools" name="test_suggested_schools_have_match_scores" time="0.494" /><testcase classname="backend.tests.test_kb_routes.TestSuggestedSchools" name="test_suggested_schools_sorted_by_score" time="0.476" /><testcase classname="backend.tests.test_kb_routes.TestSuggestedSchools" name="test_suggested_schools_without_auth_empty" time="0.443" /><testcase classname="backend.tests.test_kb_routes.TestAdminKBJobs" name="test_list_kb_jobs_as_admin" time="0.801" /><testcase classname="backend.tests.test_kb_routes.TestAdminKBJobs" name="test_list_kb_jobs_denied_for_athlete" time="0.796" /><testcase classname="backend.tests.test_kb_routes.TestAdminKBJobs" name="test_trigger_job_denied_for_athlete" time="0.858" /><testcase classname="backend.tests.test_kb_routes.TestAdminKBJobs" name="test_trigger_unknown_job_returns_400" time="0.843" /><testcase classname="backend.tests.test_kb_routes.TestLegacyKBRoutes" name="test_legacy_search_returns_schools" time="0.488" /><testcase classname="backend.tests.test_kb_routes.TestLegacyKBRoutes" name="test_legacy_search_with_division_filter" time="0.551" /><testcase classname="backend.tests.test_kb_routes.TestLegacyKBRoutes" name="test_legacy_detail_endpoint" time="0.461" /><testcase classname="backend.tests.test_kb_routes.TestLegacyKBRoutes" name="test_legacy_add_to_pipeline" time="0.447" /><testcase classname="backend.tests.test_kb_routes.TestLegacyKBRoutes" name="test_legacy_requires_auth" time="0.444" /></testsuite></testsuites>