<?xml version="1.0" encoding="utf-8"?><testsuites name="pytest tests"><testsuite name="pytest" errors="0" failures="0" skipped="0" tests="12" time="6.194" timestamp="2026-03-21T13:55:51.773957+00:00" hostname="agent-env-20eb01cb-1b6b-441c-a076-b9a05887ffc0"><testcase classname="backend.tests.test_recap_page.TestMomentumRecapAPI" name="test_momentum_recap_returns_200" time="0.480" /><testcase classname="backend.tests.test_recap_page.TestMomentumRecapAPI" name="test_momentum_recap_has_recap_hero" time="0.146" /><testcase classname="backend.tests.test_recap_page.TestMomentumRecapAPI" name="test_momentum_recap_has_period_label" time="0.106" /><testcase classname="backend.tests.test_recap_page.TestMomentumRecapAPI" name="test_momentum_recap_has_momentum_structure" time="0.110" /><testcase classname="backend.tests.test_recap_page.TestMomentumRecapAPI" name="test_momentum_item_has_required_fields" time="0.110" /><testcase classname="backend.tests.test_recap_page.TestMomentumRecapAPI" name="test_momentum_recap_has_priorities" time="0.101" /><testcase classname="backend.tests.test_recap_page.TestMomentumRecapAPI" name="test_priority_item_has_required_fields" time="0.102" /><testcase classname="backend.tests.test_recap_page.TestMomentumRecapAPI" name="test_momentum_recap_has_ai_summary" time="0.119" /><testcase classname="backend.tests.test_recap_page.TestMomentumRecapAPI" name="test_momentum_recap_requires_auth" time="0.112" /><testcase classname="backend.tests.test_recap_page.TestMomentumRecapAPI" name="test_momentum_recap_refresh_endpoint" time="4.272" /><testcase classname="backend.tests.test_recap_page.TestAuthEndpoint" name="test_login_success" time="0.364" /><testcase classname="backend.tests.test_recap_page.TestAuthEndpoint" name="test_login_invalid_credentials" time="0.099" /></testsuite></testsuites>