<?xml version="1.0" encoding="utf-8"?><testsuites name="pytest tests"><testsuite name="pytest" errors="0" failures="0" skipped="0" tests="27" time="34.636" timestamp="2026-03-15T04:24:07.950418+00:00" hostname="agent-env-51e50a6b-65cc-4aa5-8fa5-929ad00c7182"><testcase classname="backend.tests.test_advocacy_recommendation_builder.TestAthleteContextEndpoint" name="test_athlete_context_returns_200" time="0.570" /><testcase classname="backend.tests.test_advocacy_recommendation_builder.TestAthleteContextEndpoint" name="test_athlete_context_has_athlete_info" time="0.532" /><testcase classname="backend.tests.test_advocacy_recommendation_builder.TestAthleteContextEndpoint" name="test_athlete_context_has_pipeline_status" time="0.465" /><testcase classname="backend.tests.test_advocacy_recommendation_builder.TestAthleteContextEndpoint" name="test_athlete_context_has_last_contact" time="0.467" /><testcase classname="backend.tests.test_advocacy_recommendation_builder.TestAthleteContextEndpoint" name="test_athlete_context_has_event_notes" time="0.468" /><testcase classname="backend.tests.test_advocacy_recommendation_builder.TestAthleteContextEndpoint" name="test_athlete_context_accepts_url_encoded_school_name" time="0.439" /><testcase classname="backend.tests.test_advocacy_recommendation_builder.TestAthleteContextEndpoint" name="test_athlete_context_athlete_not_found" time="0.433" /><testcase classname="backend.tests.test_advocacy_recommendation_builder.TestAthletesSearchEndpoint" name="test_athletes_returns_200" time="0.433" /><testcase classname="backend.tests.test_advocacy_recommendation_builder.TestAthletesSearchEndpoint" name="test_athletes_returns_array" time="0.433" /><testcase classname="backend.tests.test_advocacy_recommendation_builder.TestAthletesSearchEndpoint" name="test_athletes_has_expected_fields" time="0.443" /><testcase classname="backend.tests.test_advocacy_recommendation_builder.TestAthletesSearchEndpoint" name="test_athletes_search_with_query" time="0.457" /><testcase classname="backend.tests.test_advocacy_recommendation_builder.TestAthletesSearchEndpoint" name="test_athletes_search_short_query_returns_empty" time="0.452" /><testcase classname="backend.tests.test_advocacy_recommendation_builder.TestRecommendationAttachments" name="test_create_recommendation_with_attachments" time="0.441" /><testcase classname="backend.tests.test_advocacy_recommendation_builder.TestRecommendationAttachments" name="test_create_recommendation_without_attachments" time="0.450" /><testcase classname="backend.tests.test_advocacy_recommendation_builder.TestRecommendationAttachments" name="test_create_recommendation_with_empty_attachments" time="0.451" /><testcase classname="backend.tests.test_advocacy_recommendation_builder.TestAIDraftWithContext" name="test_ai_draft_endpoint_exists" time="4.407" /><testcase classname="backend.tests.test_advocacy_recommendation_builder.TestAIDraftWithContext" name="test_ai_draft_accepts_fit_reasons" time="4.577" /><testcase classname="backend.tests.test_advocacy_recommendation_builder.TestAIDraftWithContext" name="test_ai_draft_accepts_fit_note" time="4.138" /><testcase classname="backend.tests.test_advocacy_recommendation_builder.TestAIDraftWithContext" name="test_ai_draft_accepts_highlight_video" time="6.484" /><testcase classname="backend.tests.test_advocacy_recommendation_builder.TestAIDraftWithContext" name="test_ai_draft_with_full_context" time="4.779" /><testcase classname="backend.tests.test_advocacy_recommendation_builder.TestSchoolsSearch" name="test_schools_search_returns_200" time="0.477" /><testcase classname="backend.tests.test_advocacy_recommendation_builder.TestSchoolsSearch" name="test_schools_search_has_schools_array" time="0.489" /><testcase classname="backend.tests.test_advocacy_recommendation_builder.TestSchoolsSearch" name="test_schools_search_has_expected_fields" time="0.465" /><testcase classname="backend.tests.test_advocacy_recommendation_builder.TestAdvocacyHomeTabs" name="test_recommendations_stats_has_all_outcomes" time="0.443" /><testcase classname="backend.tests.test_advocacy_recommendation_builder.TestAdvocacyHomeTabs" name="test_filter_by_status_awaiting_reply" time="0.439" /><testcase classname="backend.tests.test_advocacy_recommendation_builder.TestAdvocacyHomeTabs" name="test_filter_by_status_warm_response" time="0.458" /><testcase classname="backend.tests.test_advocacy_recommendation_builder.TestAdvocacyHomeTabs" name="test_filter_by_status_closed" time="0.454" /></testsuite></testsuites>