<?xml version="1.0" encoding="utf-8"?><testsuites name="pytest tests"><testsuite name="pytest" errors="0" failures="0" skipped="0" tests="15" time="10.065" timestamp="2026-03-14T20:21:20.424646+00:00" hostname="agent-env-3825c648-6891-444c-9e56-724818d41bf7"><testcase classname="backend.tests.test_manage_athletes_feature.TestManageAthletesFeature" name="test_add_athlete_to_event_success" time="0.689" /><testcase classname="backend.tests.test_manage_athletes_feature.TestManageAthletesFeature" name="test_add_multiple_athletes_to_event" time="0.801" /><testcase classname="backend.tests.test_manage_athletes_feature.TestManageAthletesFeature" name="test_add_duplicate_athlete_no_error" time="0.654" /><testcase classname="backend.tests.test_manage_athletes_feature.TestManageAthletesFeature" name="test_add_athlete_to_nonexistent_event" time="0.451" /><testcase classname="backend.tests.test_manage_athletes_feature.TestManageAthletesFeature" name="test_remove_athlete_from_event_success" time="0.709" /><testcase classname="backend.tests.test_manage_athletes_feature.TestManageAthletesFeature" name="test_remove_athlete_updates_count_correctly" time="0.966" /><testcase classname="backend.tests.test_manage_athletes_feature.TestManageAthletesFeature" name="test_remove_nonexistent_athlete_no_error" time="0.582" /><testcase classname="backend.tests.test_manage_athletes_feature.TestManageAthletesFeature" name="test_added_athletes_appear_in_prep_data" time="0.945" /><testcase classname="backend.tests.test_manage_athletes_feature.TestManageAthletesFeature" name="test_removed_athletes_disappear_from_prep_data" time="1.197" /><testcase classname="backend.tests.test_manage_athletes_feature.TestManageAthletesFeature" name="test_athlete_addition_persists_to_mongodb" time="0.669" /><testcase classname="backend.tests.test_manage_athletes_feature.TestManageAthletesFeature" name="test_add_athlete_requires_auth" time="0.449" /><testcase classname="backend.tests.test_manage_athletes_feature.TestManageAthletesFeature" name="test_remove_athlete_requires_auth" time="0.458" /><testcase classname="backend.tests.test_manage_athletes_feature.TestMissionControlRoster" name="test_mission_control_returns_roster" time="0.468" /><testcase classname="backend.tests.test_manage_athletes_feature.TestMissionControlRoster" name="test_roster_has_required_fields" time="0.507" /><testcase classname="backend.tests.test_manage_athletes_feature.TestMissionControlRoster" name="test_roster_has_all_5_athletes" time="0.431" /></testsuite></testsuites>