<?xml version="1.0" encoding="utf-8"?><testsuites name="pytest tests"><testsuite name="pytest" errors="0" failures="0" skipped="0" tests="24" time="9.907" timestamp="2026-03-07T20:16:00.656191+00:00" hostname="agent-env-c12740c7-bfda-4ef5-b927-8d93ed590d9e"><testcase classname="tests.test_profile.TestGetProfile" name="test_get_profile_requires_auth" time="0.130" /><testcase classname="tests.test_profile.TestGetProfile" name="test_get_profile_coach_williams_complete" time="0.382" /><testcase classname="tests.test_profile.TestGetProfile" name="test_get_profile_director" time="1.041" /><testcase classname="tests.test_profile.TestGetProfile" name="test_get_profile_response_includes_all_fields" time="0.406" /><testcase classname="tests.test_profile.TestUpdateProfile" name="test_update_profile_requires_auth" time="0.107" /><testcase classname="tests.test_profile.TestUpdateProfile" name="test_update_profile_name" time="0.532" /><testcase classname="tests.test_profile.TestUpdateProfile" name="test_update_profile_empty_name_rejected" time="0.366" /><testcase classname="tests.test_profile.TestUpdateProfile" name="test_update_profile_whitespace_name_rejected" time="0.378" /><testcase classname="tests.test_profile.TestUpdateProfile" name="test_update_profile_contact_method_valid" time="0.554" /><testcase classname="tests.test_profile.TestUpdateProfile" name="test_update_profile_contact_method_invalid" time="0.415" /><testcase classname="tests.test_profile.TestUpdateProfile" name="test_update_profile_bio_max_500_chars" time="0.408" /><testcase classname="tests.test_profile.TestUpdateProfile" name="test_update_profile_bio_exactly_500_chars" time="0.413" /><testcase classname="tests.test_profile.TestUpdateProfile" name="test_update_profile_phone_optional" time="0.409" /><testcase classname="tests.test_profile.TestUpdateProfile" name="test_update_profile_availability" time="0.514" /><testcase classname="tests.test_profile.TestUpdateProfile" name="test_update_profile_multiple_fields" time="0.384" /><testcase classname="tests.test_profile.TestProfileCompleteness" name="test_completeness_complete_requires_contact_availability_bio" time="0.391" /><testcase classname="tests.test_profile.TestProfileCompleteness" name="test_completeness_basic_with_two_fields" time="0.404" /><testcase classname="tests.test_profile.TestProfileCompleteness" name="test_completeness_incomplete_with_name_only" time="0.379" /><testcase classname="tests.test_profile.TestGetCoachProfile" name="test_get_coach_profile_requires_auth" time="0.112" /><testcase classname="tests.test_profile.TestGetCoachProfile" name="test_get_coach_profile_director_can_view" time="0.499" /><testcase classname="tests.test_profile.TestGetCoachProfile" name="test_get_coach_profile_non_director_forbidden" time="0.399" /><testcase classname="tests.test_profile.TestGetCoachProfile" name="test_get_coach_profile_nonexistent_returns_404" time="0.413" /><testcase classname="tests.test_profile.TestActivationPanelProfileCompleteness" name="test_activation_includes_profile_completeness" time="0.409" /><testcase classname="tests.test_profile.TestRosterCoachContactInfo" name="test_roster_includes_coach_contact_fields" time="0.385" /></testsuite></testsuites>