<?xml version="1.0" encoding="utf-8"?><testsuites name="pytest tests"><testsuite name="pytest" errors="0" failures="0" skipped="0" tests="8" time="5.265" timestamp="2026-03-12T02:36:21.544165+00:00" hostname="agent-env-d66ec64a-eefc-4fbd-9db3-6e8ef5937bd2"><testcase classname="tests.test_add_action_modal.TestAddActionModalEndpoints" name="test_get_support_pod_has_pod_members" time="0.606" /><testcase classname="tests.test_add_action_modal.TestAddActionModalEndpoints" name="test_create_action_with_all_fields" time="0.517" /><testcase classname="tests.test_add_action_modal.TestAddActionModalEndpoints" name="test_create_action_minimal_fields" time="0.498" /><testcase classname="tests.test_add_action_modal.TestAddActionModalEndpoints" name="test_complete_action" time="0.636" /><testcase classname="tests.test_add_action_modal.TestAddActionModalEndpoints" name="test_reassign_action" time="0.593" /><testcase classname="tests.test_add_action_modal.TestAddActionModalEndpoints" name="test_action_shows_in_pod_after_creation" time="0.577" /><testcase classname="tests.test_add_action_modal.TestAddActionModalEndpoints" name="test_notification_created_on_action_creation" time="0.450" /><testcase classname="tests.test_add_action_modal.TestCleanup" name="test_cleanup_test_actions" time="1.312" /></testsuite></testsuites>