<?xml version="1.0" encoding="utf-8"?><testsuites name="pytest tests"><testsuite name="pytest" errors="0" failures="0" skipped="0" tests="24" time="4.410" timestamp="2026-03-17T21:18:59.222219+00:00" hostname="agent-env-7d86685b-c6cc-4ef8-93a7-7fb1e971110c"><testcase classname="backend.tests.test_coach_watch.TestCoachWatchEndpoint" name="test_stanford_structured_output" time="0.745" /><testcase classname="backend.tests.test_coach_watch.TestCoachWatchEndpoint" name="test_stanford_interest_level_medium" time="0.158" /><testcase classname="backend.tests.test_coach_watch.TestCoachWatchEndpoint" name="test_stanford_trend_increasing" time="0.115" /><testcase classname="backend.tests.test_coach_watch.TestCoachWatchEndpoint" name="test_stanford_state_visit" time="0.165" /><testcase classname="backend.tests.test_coach_watch.TestCoachWatchEndpoint" name="test_stanford_score_positive" time="0.137" /><testcase classname="backend.tests.test_coach_watch.TestCoachWatchEndpoint" name="test_stanford_signals_include_coach_reply_and_visit" time="0.152" /><testcase classname="backend.tests.test_coach_watch.TestCoachWatchEndpoint" name="test_creighton_interest_level_not_started" time="0.141" /><testcase classname="backend.tests.test_coach_watch.TestCoachWatchEndpoint" name="test_creighton_trend_not_started" time="0.117" /><testcase classname="backend.tests.test_coach_watch.TestCoachWatchEndpoint" name="test_creighton_state_pre_outreach" time="0.202" /><testcase classname="backend.tests.test_coach_watch.TestCoachWatchEndpoint" name="test_creighton_score_zero" time="0.136" /><testcase classname="backend.tests.test_coach_watch.TestCoachWatchEndpoint" name="test_creighton_no_false_low_interest" time="0.142" /><testcase classname="backend.tests.test_coach_watch.TestCoachWatchEndpoint" name="test_creighton_primary_cta_send_first_email" time="0.169" /><testcase classname="backend.tests.test_coach_watch.TestCoachWatchEndpoint" name="test_creighton_no_schedule_followup_cta" time="0.121" /><testcase classname="backend.tests.test_coach_watch.TestCoachWatchEndpoint" name="test_ucla_score_positive" time="0.197" /><testcase classname="backend.tests.test_coach_watch.TestCoachWatchEndpoint" name="test_ucla_state_conversation" time="0.143" /><testcase classname="backend.tests.test_coach_watch.TestCoachWatchEndpoint" name="test_ucla_has_outreach_flag" time="0.162" /><testcase classname="backend.tests.test_coach_watch.TestCoachWatchEndpoint" name="test_ucla_has_schedule_followup_cta" time="0.326" /><testcase classname="backend.tests.test_coach_watch.TestCoachWatchEndpoint" name="test_coach_watch_not_found" time="0.183" /><testcase classname="backend.tests.test_coach_watch.TestCoachWatchEndpoint" name="test_coach_watch_unauthorized" time="0.123" /><testcase classname="backend.tests.test_coach_watch.TestCoachWatchSignalLogic" name="test_signal_points_positive_for_strong_signals" time="0.140" /><testcase classname="backend.tests.test_coach_watch.TestCoachWatchSignalLogic" name="test_signal_strength_categories" time="0.136" /><testcase classname="backend.tests.test_coach_watch.TestCoachWatchSignalLogic" name="test_empty_signals_for_no_activity" time="0.115" /><testcase classname="backend.tests.test_coach_watch.TestCoachWatchMetaData" name="test_stanford_meta_flags" time="0.140" /><testcase classname="backend.tests.test_coach_watch.TestCoachWatchMetaData" name="test_creighton_meta_all_false" time="0.152" /></testsuite></testsuites>