<?xml version="1.0" encoding="utf-8"?><testsuites name="pytest tests"><testsuite name="pytest" errors="0" failures="0" skipped="0" tests="9" time="3.724" timestamp="2026-03-09T22:31:13.278329+00:00" hostname="agent-env-738237e5-df48-4d34-9b79-966d0b9ca078"><testcase classname="backend.tests.test_subscription_kanban.TestSubscriptionTiers" name="test_get_subscription_tiers_returns_all_3_tiers" time="0.161" /><testcase classname="backend.tests.test_subscription_kanban.TestSubscriptionTiers" name="test_get_my_subscription_returns_tier_and_usage" time="0.473" /><testcase classname="backend.tests.test_subscription_kanban.TestSchoolLimitEnforcement" name="test_add_school_returns_403_when_over_limit" time="0.515" /><testcase classname="backend.tests.test_subscription_kanban.TestSchoolLimitEnforcement" name="test_legacy_add_to_pipeline_returns_403_when_over_limit" time="0.118" /><testcase classname="backend.tests.test_subscription_kanban.TestKanbanDragDrop" name="test_get_athlete_programs_returns_programs" time="0.500" /><testcase classname="backend.tests.test_subscription_kanban.TestKanbanDragDrop" name="test_update_journey_stage_via_put" time="0.375" /><testcase classname="backend.tests.test_subscription_kanban.TestKanbanDragDrop" name="test_update_to_each_kanban_column_stage" time="0.822" /><testcase classname="backend.tests.test_subscription_kanban.TestSubscriptionUsage" name="test_usage_shows_correct_school_count" time="0.578" /><testcase classname="backend.tests.test_subscription_kanban.TestSubscriptionUsage" name="test_schools_remaining_calculation" time="0.104" /></testsuite></testsuites>