<?xml version="1.0" encoding="utf-8"?><testsuites name="pytest tests"><testsuite name="pytest" errors="0" failures="0" skipped="0" tests="23" time="5.430" timestamp="2026-03-27T12:49:39.332264+00:00" hostname="agent-env-b401cab8-2852-4fc7-97b6-3ad06cfbbd70"><testcase classname="tests.test_priority_engine_v2.TestPriorityEngineV2" name="test_programs_endpoint_returns_attention_object" time="0.659" /><testcase classname="tests.test_priority_engine_v2.TestPriorityEngineV2" name="test_attention_has_all_new_priority_engine_v2_fields" time="0.000" /><testcase classname="tests.test_priority_engine_v2.TestPriorityEngineV2" name="test_attention_has_legacy_aliases_for_backward_compat" time="0.000" /><testcase classname="tests.test_priority_engine_v2.TestPriorityEngineV2" name="test_priority_band_values_are_valid" time="0.000" /><testcase classname="tests.test_priority_engine_v2.TestPriorityEngineV2" name="test_attention_status_values_are_valid" time="0.000" /><testcase classname="tests.test_priority_engine_v2.TestPriorityEngineV2" name="test_urgency_values_are_valid" time="0.000" /><testcase classname="tests.test_priority_engine_v2.TestPriorityEngineV2" name="test_momentum_values_are_valid" time="0.000" /><testcase classname="tests.test_priority_engine_v2.TestPriorityEngineV2" name="test_opportunity_tier_values_are_valid" time="0.000" /><testcase classname="tests.test_priority_engine_v2.TestPriorityEngineV2" name="test_determinism_consecutive_calls_identical" time="0.776" /><testcase classname="tests.test_priority_engine_v2.TestPriorityEngineV2" name="test_high_stage_programs_have_high_value_opportunity_tier" time="0.000" /><testcase classname="tests.test_priority_engine_v2.TestPriorityEngineV2" name="test_stale_flag_is_boolean" time="0.000" /><testcase classname="tests.test_priority_engine_v2.TestPriorityEngineV2" name="test_blocker_flag_is_boolean_and_consistent" time="0.000" /><testcase classname="tests.test_priority_engine_v2.TestPriorityEngineV2" name="test_overdue_flag_is_boolean" time="0.000" /><testcase classname="tests.test_priority_engine_v2.TestPriorityEngineV2" name="test_hero_eligible_for_critical_high_band" time="0.000" /><testcase classname="tests.test_priority_engine_v2.TestPriorityEngineV2" name="test_why_this_is_priority_non_empty_for_critical_high" time="0.000" /><testcase classname="tests.test_priority_engine_v2.TestPriorityEngineV2" name="test_single_program_has_pipeline_stage_and_board_group" time="0.116" /><testcase classname="tests.test_priority_engine_v2.TestPriorityEngineV2" name="test_dashboard_spotlight_has_pipeline_stage_and_board_group" time="0.145" /><testcase classname="tests.test_priority_engine_v2.TestPriorityEngineV2" name="test_legacy_tier_alias_maps_correctly" time="0.000" /><testcase classname="tests.test_priority_engine_v2.TestPriorityEngineV2" name="test_attention_score_matches_priority_score" time="0.000" /><testcase classname="tests.test_priority_engine_v2.TestCoachMissionControl" name="test_coach_mission_control_loads" time="1.560" /><testcase classname="tests.test_priority_engine_v2.TestCoachMissionControl" name="test_coach_inbox_loads" time="0.202" /><testcase classname="tests.test_priority_engine_v2.TestDirectorAccess" name="test_director_mission_control_loads" time="1.560" /><testcase classname="tests.test_priority_engine_v2.TestDirectorAccess" name="test_director_inbox_loads" time="0.324" /></testsuite></testsuites>