<?xml version="1.0" encoding="utf-8"?><testsuites name="pytest tests"><testsuite name="pytest" errors="0" failures="0" skipped="0" tests="21" time="3.361" timestamp="2026-03-07T03:17:16.709073+00:00" hostname="agent-env-3fa25609-8a8b-442e-935c-36f89b1ff85d"><testcase classname="backend.tests.test_roster_ownership.TestRosterOwnershipAPIs" name="test_roster_director_access" time="0.615" /><testcase classname="backend.tests.test_roster_ownership.TestRosterOwnershipAPIs" name="test_roster_coach_forbidden" time="0.457" /><testcase classname="backend.tests.test_roster_ownership.TestRosterOwnershipAPIs" name="test_roster_no_auth" time="0.118" /><testcase classname="backend.tests.test_roster_ownership.TestRosterOwnershipAPIs" name="test_roster_coaches_list" time="0.104" /><testcase classname="backend.tests.test_roster_ownership.TestRosterOwnershipAPIs" name="test_roster_coaches_forbidden_for_coach" time="0.107" /><testcase classname="backend.tests.test_roster_ownership.TestRosterOwnershipAPIs" name="test_reassign_athlete_success" time="0.122" /><testcase classname="backend.tests.test_roster_ownership.TestRosterOwnershipAPIs" name="test_reassign_same_coach_error" time="0.111" /><testcase classname="backend.tests.test_roster_ownership.TestRosterOwnershipAPIs" name="test_reassign_invalid_athlete" time="0.118" /><testcase classname="backend.tests.test_roster_ownership.TestRosterOwnershipAPIs" name="test_reassign_invalid_coach" time="0.110" /><testcase classname="backend.tests.test_roster_ownership.TestRosterOwnershipAPIs" name="test_reassign_forbidden_for_coach" time="0.116" /><testcase classname="backend.tests.test_roster_ownership.TestRosterOwnershipAPIs" name="test_unassign_athlete_success" time="0.105" /><testcase classname="backend.tests.test_roster_ownership.TestRosterOwnershipAPIs" name="test_roster_shows_unassigned_group" time="0.114" /><testcase classname="backend.tests.test_roster_ownership.TestRosterOwnershipAPIs" name="test_unassign_already_unassigned_error" time="0.114" /><testcase classname="backend.tests.test_roster_ownership.TestRosterOwnershipAPIs" name="test_unassign_forbidden_for_coach" time="0.107" /><testcase classname="backend.tests.test_roster_ownership.TestRosterOwnershipAPIs" name="test_reassign_from_unassigned" time="0.117" /><testcase classname="backend.tests.test_roster_ownership.TestRosterOwnershipAPIs" name="test_reassignment_history_has_entries" time="0.134" /><testcase classname="backend.tests.test_roster_ownership.TestRosterOwnershipAPIs" name="test_reassignment_history_for_athlete_4" time="0.124" /><testcase classname="backend.tests.test_roster_ownership.TestRosterOwnershipAPIs" name="test_reassignment_history_forbidden_for_coach" time="0.136" /><testcase classname="backend.tests.test_roster_ownership.TestRosterOwnershipAPIs" name="test_cleanup_restore_athlete_3_to_williams" time="0.125" /><testcase classname="backend.tests.test_roster_ownership.TestRosterOwnershipAPIs" name="test_cleanup_verify_athlete_3_restored" time="0.115" /><testcase classname="backend.tests.test_roster_ownership.TestRosterOwnershipAPIs" name="test_cleanup_verify_athlete_4_with_garcia" time="0.103" /></testsuite></testsuites>