<?xml version="1.0" encoding="utf-8"?><testsuites name="pytest tests"><testsuite name="pytest" errors="0" failures="0" skipped="0" tests="11" time="2.283" timestamp="2026-03-10T19:17:20.910943+00:00" hostname="agent-env-f64d531f-774f-4134-b0dc-23dec39d4200"><testcase classname="backend.tests.test_match_drawer.TestSmartMatchRecommendationsNewFields" name="test_recommendations_returns_fit_label" time="0.614" /><testcase classname="backend.tests.test_match_drawer.TestSmartMatchRecommendationsNewFields" name="test_recommendations_returns_confidence" time="0.145" /><testcase classname="backend.tests.test_match_drawer.TestSmartMatchRecommendationsNewFields" name="test_recommendations_returns_breakdown" time="0.169" /><testcase classname="backend.tests.test_match_drawer.TestSmartMatchRecommendationsNewFields" name="test_recommendations_returns_strengths" time="0.218" /><testcase classname="backend.tests.test_match_drawer.TestSmartMatchRecommendationsNewFields" name="test_recommendations_returns_improvements" time="0.146" /><testcase classname="backend.tests.test_match_drawer.TestSmartMatchScoreLabels" name="test_excellent_fit_for_high_scores" time="0.152" /><testcase classname="backend.tests.test_match_drawer.TestSmartMatchScoreLabels" name="test_strong_fit_for_80_89_scores" time="0.200" /><testcase classname="backend.tests.test_match_drawer.TestSmartMatchDataStructure" name="test_full_recommendation_structure" time="0.162" /><testcase classname="backend.tests.test_match_drawer.TestSmartMatchDataStructure" name="test_chips_array_limited" time="0.143" /><testcase classname="backend.tests.test_match_drawer.TestSmartMatchDataStructure" name="test_strengths_array_limited" time="0.131" /><testcase classname="backend.tests.test_match_drawer.TestBasicTierGating" name="test_basic_tier_three_recommendations" time="0.130" /></testsuite></testsuites>