<?xml version="1.0" encoding="utf-8"?><testsuites name="pytest tests"><testsuite name="pytest" errors="0" failures="0" skipped="0" tests="9" time="4.866" timestamp="2026-03-16T14:16:02.344415+00:00" hostname="agent-env-b15430fe-3055-46e8-9d8f-8c27a13b3a46"><testcase classname="tests.test_pipeline_momentum.TestPipelineMomentum" name="test_marcus_johnson_momentum_at_campus_visit" time="0.657" /><testcase classname="tests.test_pipeline_momentum.TestPipelineMomentum" name="test_lucas_rodriguez_momentum_at_offer" time="0.495" /><testcase classname="tests.test_pipeline_momentum.TestPipelineMomentum" name="test_sarah_martinez_momentum_at_initial_contact" time="0.528" /><testcase classname="tests.test_pipeline_momentum.TestNoFalseMomentumDrop" name="test_marcus_support_pod_no_momentum_drop_issue" time="0.530" /><testcase classname="tests.test_pipeline_momentum.TestNoFalseMomentumDrop" name="test_high_momentum_athletes_no_momentum_drop_category" time="0.480" /><testcase classname="tests.test_pipeline_momentum.TestAutoResolve" name="test_get_current_issue_auto_resolves_for_high_momentum" time="0.501" /><testcase classname="tests.test_pipeline_momentum.TestRosterPipelineFields" name="test_roster_has_pipeline_fields" time="0.481" /><testcase classname="tests.test_pipeline_momentum.TestEarlyStageSchools" name="test_penn_state_prospect_no_overdue_followups" time="0.604" /><testcase classname="tests.test_pipeline_momentum.TestDecisionEngineThresholds" name="test_momentum_drop_threshold_at_50" time="0.514" /></testsuite></testsuites>