<?xml version="1.0" encoding="utf-8"?><testsuites name="pytest tests"><testsuite name="pytest" errors="0" failures="0" skipped="0" tests="22" time="9.125" timestamp="2026-03-11T03:48:21.470724+00:00" hostname="agent-env-348282b0-621a-426e-99ce-36aa004e51e4"><testcase classname="backend.tests.test_program_metrics.TestAuthentication" name="test_get_metrics_unauthenticated" time="0.239" /><testcase classname="backend.tests.test_program_metrics.TestAuthentication" name="test_recompute_metrics_unauthenticated" time="0.136" /><testcase classname="backend.tests.test_program_metrics.TestAuthentication" name="test_recompute_all_unauthenticated" time="0.121" /><testcase classname="backend.tests.test_program_metrics.TestAuthorization" name="test_get_metrics_admin_forbidden" time="0.439" /><testcase classname="backend.tests.test_program_metrics.TestAuthorization" name="test_get_metrics_director_forbidden" time="0.477" /><testcase classname="backend.tests.test_program_metrics.TestAuthorization" name="test_get_metrics_coach_forbidden" time="0.405" /><testcase classname="backend.tests.test_program_metrics.TestAuthorization" name="test_recompute_metrics_admin_forbidden" time="0.428" /><testcase classname="backend.tests.test_program_metrics.TestAuthorization" name="test_recompute_metrics_director_forbidden" time="0.416" /><testcase classname="backend.tests.test_program_metrics.TestAuthorization" name="test_recompute_metrics_coach_forbidden" time="0.412" /><testcase classname="backend.tests.test_program_metrics.TestAuthorization" name="test_recompute_all_athlete_forbidden" time="0.413" /><testcase classname="backend.tests.test_program_metrics.TestAuthorization" name="test_recompute_all_coach_forbidden" time="0.452" /><testcase classname="backend.tests.test_program_metrics.TestNotFound" name="test_get_metrics_program_not_found" time="0.414" /><testcase classname="backend.tests.test_program_metrics.TestNotFound" name="test_recompute_metrics_program_not_found" time="0.435" /><testcase classname="backend.tests.test_program_metrics.TestGetMetrics" name="test_get_metrics_success" time="0.458" /><testcase classname="backend.tests.test_program_metrics.TestGetMetrics" name="test_get_metrics_cached" time="0.486" /><testcase classname="backend.tests.test_program_metrics.TestGetMetrics" name="test_get_metrics_force_recompute" time="0.502" /><testcase classname="backend.tests.test_program_metrics.TestGetMetrics" name="test_get_metrics_different_program" time="0.405" /><testcase classname="backend.tests.test_program_metrics.TestRecomputeMetrics" name="test_recompute_metrics_success" time="0.617" /><testcase classname="backend.tests.test_program_metrics.TestRecomputeAll" name="test_recompute_all_admin_success" time="0.463" /><testcase classname="backend.tests.test_program_metrics.TestRecomputeAll" name="test_recompute_all_director_success" time="0.456" /><testcase classname="backend.tests.test_program_metrics.TestMetricsFields" name="test_metrics_numeric_fields_non_negative" time="0.419" /><testcase classname="backend.tests.test_program_metrics.TestMetricsFields" name="test_metrics_tenant_and_athlete_ids" time="0.422" /></testsuite></testsuites>