<?xml version="1.0" encoding="utf-8"?><testsuites name="pytest tests"><testsuite name="pytest" errors="0" failures="0" skipped="0" tests="16" time="2.805" timestamp="2026-03-11T19:41:48.487305+00:00" hostname="agent-env-5c7349d1-5bef-49c4-ad06-0a16dba4418b"><testcase classname="backend.tests.test_coach_phases_3_5.TestCoachDashboardHeroKPIs" name="test_mission_control_returns_4_kpis" time="0.588" /><testcase classname="backend.tests.test_coach_phases_3_5.TestCoachSummaryCard" name="test_summary_lines_present" time="0.137" /><testcase classname="backend.tests.test_coach_phases_3_5.TestTodaysPrioritiesGrouped" name="test_priorities_have_urgency_field" time="0.167" /><testcase classname="backend.tests.test_coach_phases_3_5.TestTodaysPrioritiesGrouped" name="test_priority_rows_have_required_fields" time="0.137" /><testcase classname="backend.tests.test_coach_phases_3_5.TestMyRoster" name="test_roster_athletes_have_category_and_why" time="0.150" /><testcase classname="backend.tests.test_coach_phases_3_5.TestMyRoster" name="test_roster_has_on_track_and_needs_action_athletes" time="0.137" /><testcase classname="backend.tests.test_coach_phases_3_5.TestSupportPodActiveIssueBanner" name="test_support_pod_returns_active_intervention" time="0.129" /><testcase classname="backend.tests.test_coach_phases_3_5.TestSupportPodActiveIssueBanner" name="test_support_pod_returns_pod_members" time="0.128" /><testcase classname="backend.tests.test_coach_phases_3_5.TestSupportPodNextActions" name="test_support_pod_returns_actions" time="0.118" /><testcase classname="backend.tests.test_coach_phases_3_5.TestSupportPodAthleteSnapshot" name="test_athlete_has_pipeline_health_fields" time="0.122" /><testcase classname="backend.tests.test_coach_phases_3_5.TestUpcomingEventsEnriched" name="test_events_have_athlete_ids" time="0.156" /><testcase classname="backend.tests.test_coach_phases_3_5.TestUpcomingEventsEnriched" name="test_events_have_checklist" time="0.126" /><testcase classname="backend.tests.test_coach_phases_3_5.TestHeaderNeedActionLanguage" name="test_todays_summary_uses_needing_action" time="0.128" /><testcase classname="backend.tests.test_coach_phases_3_5.TestResolveSuportPodIssue" name="test_resolve_endpoint_exists" time="0.129" /><testcase classname="backend.tests.test_coach_phases_3_5.TestSupportPodActions" name="test_create_action" time="0.122" /><testcase classname="backend.tests.test_coach_phases_3_5.TestSupportPodActions" name="test_patch_action" time="0.245" /></testsuite></testsuites>