<?xml version="1.0" encoding="utf-8"?><testsuites name="pytest tests"><testsuite name="pytest" errors="0" failures="0" skipped="0" tests="28" time="4.058" timestamp="2026-03-06T23:40:34.164903+00:00" hostname="agent-env-8091f61c-0f2d-41cf-8ad7-ee4385af059c"><testcase classname="backend.tests.test_coach_views.TestCoachesList" name="test_coaches_endpoint_returns_list" time="0.267" /><testcase classname="backend.tests.test_coach_views.TestCoachesList" name="test_coaches_have_required_fields" time="0.170" /><testcase classname="backend.tests.test_coach_views.TestCoachesList" name="test_coach_martinez_exists" time="0.107" /><testcase classname="backend.tests.test_coach_views.TestCoachesList" name="test_coach_rivera_exists" time="0.130" /><testcase classname="backend.tests.test_coach_views.TestDirectorView" name="test_director_view_mode" time="0.176" /><testcase classname="backend.tests.test_coach_views.TestDirectorView" name="test_director_athlete_count_is_25" time="0.154" /><testcase classname="backend.tests.test_coach_views.TestDirectorView" name="test_director_has_all_sections" time="0.151" /><testcase classname="backend.tests.test_coach_views.TestDirectorView" name="test_director_trends_have_direction" time="0.109" /><testcase classname="backend.tests.test_coach_views.TestDirectorView" name="test_director_support_load_multiple_owners" time="0.123" /><testcase classname="backend.tests.test_coach_views.TestDirectorView" name="test_director_support_load_imbalance_detection" time="0.116" /><testcase classname="backend.tests.test_coach_views.TestDirectorView" name="test_director_advocacy_school_activity" time="0.119" /><testcase classname="backend.tests.test_coach_views.TestCoachMartinezView" name="test_martinez_view_mode" time="0.127" /><testcase classname="backend.tests.test_coach_views.TestCoachMartinezView" name="test_martinez_athlete_count" time="0.132" /><testcase classname="backend.tests.test_coach_views.TestCoachMartinezView" name="test_martinez_coach_id_in_response" time="0.121" /><testcase classname="backend.tests.test_coach_views.TestCoachMartinezView" name="test_martinez_support_load_single_owner" time="0.112" /><testcase classname="backend.tests.test_coach_views.TestCoachMartinezView" name="test_martinez_no_imbalance" time="0.103" /><testcase classname="backend.tests.test_coach_views.TestCoachMartinezView" name="test_martinez_trends_direction_current" time="0.111" /><testcase classname="backend.tests.test_coach_views.TestCoachMartinezView" name="test_martinez_advocacy_no_school_activity" time="0.103" /><testcase classname="backend.tests.test_coach_views.TestCoachRiveraView" name="test_rivera_view_mode" time="0.105" /><testcase classname="backend.tests.test_coach_views.TestCoachRiveraView" name="test_rivera_athlete_count" time="0.153" /><testcase classname="backend.tests.test_coach_views.TestCoachRiveraView" name="test_rivera_support_load_single_owner" time="0.111" /><testcase classname="backend.tests.test_coach_views.TestCoachRiveraView" name="test_rivera_no_imbalance" time="0.110" /><testcase classname="backend.tests.test_coach_views.TestCoachRiveraView" name="test_rivera_trends_direction_current" time="0.109" /><testcase classname="backend.tests.test_coach_views.TestCoachFilteredData" name="test_coach_filtered_health_data" time="0.228" /><testcase classname="backend.tests.test_coach_views.TestCoachFilteredData" name="test_coach_filtered_recommendations" time="0.224" /><testcase classname="backend.tests.test_coach_views.TestDataStructureValidation" name="test_director_trends_structure" time="0.127" /><testcase classname="backend.tests.test_coach_views.TestDataStructureValidation" name="test_coach_trends_structure" time="0.121" /><testcase classname="backend.tests.test_coach_views.TestDataStructureValidation" name="test_event_effectiveness_filtered_for_coach" time="0.120" /></testsuite></testsuites>