<?xml version="1.0" encoding="utf-8"?><testsuites name="pytest tests"><testsuite name="pytest" errors="0" failures="0" skipped="0" tests="16" time="3.870" timestamp="2026-03-06T23:22:39.186820+00:00" hostname="agent-env-8091f61c-0f2d-41cf-8ad7-ee4385af059c"><testcase classname="backend.tests.test_historical_trends.TestTrendsArray" name="test_trends_array_present" time="0.303" /><testcase classname="backend.tests.test_historical_trends.TestTrendsArray" name="test_trends_array_has_5_items" time="0.149" /><testcase classname="backend.tests.test_historical_trends.TestTrendsArray" name="test_trend_keys_are_correct" time="0.164" /><testcase classname="backend.tests.test_historical_trends.TestTrendObjectStructure" name="test_each_trend_has_required_fields" time="0.122" /><testcase classname="backend.tests.test_historical_trends.TestTrendObjectStructure" name="test_trend_directions_are_valid" time="0.132" /><testcase classname="backend.tests.test_historical_trends.TestPodHealthTrend" name="test_pod_health_trend" time="0.156" /><testcase classname="backend.tests.test_historical_trends.TestOpenIssuesTrend" name="test_open_issues_trend" time="0.126" /><testcase classname="backend.tests.test_historical_trends.TestOverdueActionsTrend" name="test_overdue_actions_trend" time="0.117" /><testcase classname="backend.tests.test_historical_trends.TestAdvocacyPipelineTrend" name="test_advocacy_outcomes_trend" time="0.140" /><testcase classname="backend.tests.test_historical_trends.TestFollowUpCompletionTrend" name="test_follow_up_completion_trend" time="0.121" /><testcase classname="backend.tests.test_historical_trends.TestHistoricalSnapshotsSeeded" name="test_admin_status_shows_program_snapshots" time="0.152" /><testcase classname="backend.tests.test_historical_trends.TestHistoricalSnapshotsSeeded" name="test_snapshot_count_after_api_call" time="0.252" /><testcase classname="backend.tests.test_historical_trends.TestSnapshotRateLimiting" name="test_duplicate_snapshot_prevention" time="1.481" /><testcase classname="backend.tests.test_historical_trends.TestTrendInterpretations" name="test_interpretations_are_strings" time="0.114" /><testcase classname="backend.tests.test_historical_trends.TestTrendDirectionImproving" name="test_improving_direction_with_seeded_data" time="0.124" /><testcase classname="backend.tests.test_historical_trends.TestAllTrendsComprehensive" name="test_all_trends_comprehensive" time="0.111" /></testsuite></testsuites>