<?xml version="1.0" encoding="utf-8"?><testsuites name="pytest tests"><testsuite name="pytest" errors="0" failures="0" skipped="0" tests="8" time="2.306" timestamp="2026-03-10T12:14:18.112375+00:00" hostname="agent-env-3ca84091-d0ae-4cd2-aa26-f2aadfd6e8b6"><testcase classname="backend.tests.test_snake_case_normalization.TestAthleteEndpoints" name="test_athlete_me_returns_snake_case" time="0.628" /><testcase classname="backend.tests.test_snake_case_normalization.TestAthleteEndpoints" name="test_athlete_dashboard_returns_snake_case" time="0.128" /><testcase classname="backend.tests.test_snake_case_normalization.TestAthleteEndpoints" name="test_athlete_profile_returns_snake_case" time="0.119" /><testcase classname="backend.tests.test_snake_case_normalization.TestMissionControlEndpoints" name="test_mission_control_director_snake_case" time="0.462" /><testcase classname="backend.tests.test_snake_case_normalization.TestDataIntegrity" name="test_athlete_me_values_populated" time="0.106" /><testcase classname="backend.tests.test_snake_case_normalization.TestDataIntegrity" name="test_dashboard_profile_values_populated" time="0.120" /><testcase classname="backend.tests.test_snake_case_normalization.TestAuthenticationFlows" name="test_athlete_login" time="0.328" /><testcase classname="backend.tests.test_snake_case_normalization.TestAuthenticationFlows" name="test_director_login" time="0.333" /></testsuite></testsuites>