<?xml version="1.0" encoding="utf-8"?><testsuites name="pytest tests"><testsuite name="pytest" errors="0" failures="0" skipped="0" tests="26" time="13.848" timestamp="2026-03-17T21:36:53.541733+00:00" hostname="agent-env-301ca337-2219-46fa-8ede-d750d8ebd308"><testcase classname="tests.test_coach_watch_matrix.TestCoachWatchMatrix" name="test_stanford_state_is_hot_opportunity" time="0.647" /><testcase classname="tests.test_coach_watch_matrix.TestCoachWatchMatrix" name="test_stanford_interest_level" time="0.530" /><testcase classname="tests.test_coach_watch_matrix.TestCoachWatchMatrix" name="test_stanford_trend_increasing" time="0.545" /><testcase classname="tests.test_coach_watch_matrix.TestCoachWatchMatrix" name="test_stanford_has_visit_signal" time="0.526" /><testcase classname="tests.test_coach_watch_matrix.TestCoachWatchMatrix" name="test_stanford_has_reply_signal" time="0.508" /><testcase classname="tests.test_coach_watch_matrix.TestCoachWatchMatrix" name="test_stanford_meta_has_reply" time="0.508" /><testcase classname="tests.test_coach_watch_matrix.TestCoachWatchMatrix" name="test_stanford_meta_has_visit" time="0.507" /><testcase classname="tests.test_coach_watch_matrix.TestCoachWatchMatrix" name="test_florida_state_is_deprioritize" time="0.511" /><testcase classname="tests.test_coach_watch_matrix.TestCoachWatchMatrix" name="test_florida_interest_no_signals" time="0.503" /><testcase classname="tests.test_coach_watch_matrix.TestCoachWatchMatrix" name="test_florida_trend_cooling" time="0.559" /><testcase classname="tests.test_coach_watch_matrix.TestCoachWatchMatrix" name="test_florida_has_negative_signal" time="0.524" /><testcase classname="tests.test_coach_watch_matrix.TestCoachWatchMatrix" name="test_florida_meta_no_reply" time="0.545" /><testcase classname="tests.test_coach_watch_matrix.TestCoachWatchMatrix" name="test_creighton_state_is_no_signals" time="0.519" /><testcase classname="tests.test_coach_watch_matrix.TestCoachWatchMatrix" name="test_creighton_interest_not_started" time="0.499" /><testcase classname="tests.test_coach_watch_matrix.TestCoachWatchMatrix" name="test_creighton_trend_stable" time="0.504" /><testcase classname="tests.test_coach_watch_matrix.TestCoachWatchMatrix" name="test_creighton_no_signals" time="0.544" /><testcase classname="tests.test_coach_watch_matrix.TestCoachWatchMatrix" name="test_creighton_score_is_zero" time="0.562" /><testcase classname="tests.test_coach_watch_matrix.TestCoachWatchMatrix" name="test_creighton_meta_no_outreach" time="0.529" /><testcase classname="tests.test_coach_watch_matrix.TestCoachWatchMatrix" name="test_ucla_state_is_active_conversation" time="0.557" /><testcase classname="tests.test_coach_watch_matrix.TestCoachWatchMatrix" name="test_ucla_interest_medium" time="0.555" /><testcase classname="tests.test_coach_watch_matrix.TestCoachWatchMatrix" name="test_ucla_has_reply_signal" time="0.498" /><testcase classname="tests.test_coach_watch_matrix.TestCoachWatchMatrix" name="test_ucla_meta_has_reply" time="0.535" /><testcase classname="tests.test_coach_watch_matrix.TestCoachWatchMatrix" name="test_ucla_score_positive" time="0.499" /><testcase classname="tests.test_coach_watch_matrix.TestCoachWatchMatrix" name="test_response_has_required_fields" time="0.483" /><testcase classname="tests.test_coach_watch_matrix.TestCoachWatchMatrix" name="test_meta_has_required_fields" time="0.508" /><testcase classname="tests.test_coach_watch_matrix.TestCoachWatchMatrix" name="test_signals_have_required_fields" time="0.554" /></testsuite></testsuites>