<?xml version="1.0" encoding="utf-8"?><testsuites name="pytest tests"><testsuite name="pytest" errors="0" failures="0" skipped="0" tests="16" time="2.799" timestamp="2026-03-06T19:41:56.547641+00:00" hostname="agent-env-76869b8d-69e5-420d-b628-90d83a0089f6"><testcase classname="backend.tests.test_support_pod.TestSupportPodGet" name="test_get_pod_with_context" time="0.172" /><testcase classname="backend.tests.test_support_pod.TestSupportPodGet" name="test_get_pod_without_context" time="0.126" /><testcase classname="backend.tests.test_support_pod.TestSupportPodGet" name="test_get_pod_invalid_athlete" time="0.122" /><testcase classname="backend.tests.test_support_pod.TestSupportPodGet" name="test_pod_members_structure" time="0.119" /><testcase classname="backend.tests.test_support_pod.TestSupportPodGet" name="test_pod_health_values" time="0.170" /><testcase classname="backend.tests.test_support_pod.TestSupportPodGet" name="test_timeline_structure" time="0.130" /><testcase classname="backend.tests.test_support_pod.TestSupportPodActions" name="test_create_action" time="0.248" /><testcase classname="backend.tests.test_support_pod.TestSupportPodActions" name="test_complete_action" time="0.229" /><testcase classname="backend.tests.test_support_pod.TestSupportPodActions" name="test_reassign_action" time="0.239" /><testcase classname="backend.tests.test_support_pod.TestSupportPodActions" name="test_complete_suggested_action" time="0.251" /><testcase classname="backend.tests.test_support_pod.TestSupportPodResolve" name="test_resolve_issue" time="0.249" /><testcase classname="backend.tests.test_support_pod.TestSupportPodResolve" name="test_resolve_without_note" time="0.113" /><testcase classname="backend.tests.test_support_pod.TestMultipleAthletes" name="test_athlete_1_momentum_drop" time="0.124" /><testcase classname="backend.tests.test_support_pod.TestMultipleAthletes" name="test_athlete_4_blocker" time="0.135" /><testcase classname="backend.tests.test_support_pod.TestPodActionsGrouping" name="test_actions_have_owner" time="0.120" /><testcase classname="backend.tests.test_support_pod.TestPodActionsGrouping" name="test_unassigned_count" time="0.125" /></testsuite></testsuites>