<?xml version="1.0" encoding="utf-8"?><testsuites name="pytest tests"><testsuite name="pytest" errors="0" failures="0" skipped="0" tests="14" time="6.697" timestamp="2026-03-12T03:08:15.992155+00:00" hostname="agent-env-d66ec64a-eefc-4fbd-9db3-6e8ef5937bd2"><testcase classname="backend.tests.test_pod_hero_card.TestPodHeroCardAPI" name="test_pod_top_action_returned_for_athlete_3" time="0.451" /><testcase classname="backend.tests.test_pod_hero_card.TestPodHeroCardAPI" name="test_athlete_3_has_critical_urgency" time="0.413" /><testcase classname="backend.tests.test_pod_hero_card.TestPodHeroCardAPI" name="test_athlete_3_top_action_correct" time="0.422" /><testcase classname="backend.tests.test_pod_hero_card.TestPodHeroCardAPI" name="test_athlete_1_pod_top_action" time="0.415" /><testcase classname="backend.tests.test_pod_hero_card.TestPodHeroCardAPI" name="test_athlete_5_has_blocker" time="0.472" /><testcase classname="backend.tests.test_pod_hero_card.TestPodHeroCardAPI" name="test_pod_top_action_priority_ordering" time="0.508" /><testcase classname="backend.tests.test_pod_hero_card.TestPodHeroCardAPI" name="test_issue_type_populated" time="0.414" /><testcase classname="backend.tests.test_pod_hero_card.TestLayoutOrderAPI" name="test_all_layout_sections_data_present" time="0.403" /><testcase classname="backend.tests.test_pod_hero_card.TestLayoutOrderAPI" name="test_recruiting_signals_has_content" time="0.439" /><testcase classname="backend.tests.test_pod_hero_card.TestLayoutOrderAPI" name="test_recruiting_timeline_has_milestones" time="0.453" /><testcase classname="backend.tests.test_pod_hero_card.TestLayoutOrderAPI" name="test_intervention_playbook_present" time="0.399" /><testcase classname="backend.tests.test_pod_hero_card.TestNextActionsStillWorks" name="test_create_action_still_works" time="0.476" /><testcase classname="backend.tests.test_pod_hero_card.TestNextActionsStillWorks" name="test_complete_action_still_works" time="0.479" /><testcase classname="backend.tests.test_pod_hero_card.TestNextActionsStillWorks" name="test_pod_members_for_assignment" time="0.700" /></testsuite></testsuites>