<?xml version="1.0" encoding="utf-8"?><testsuites name="pytest tests"><testsuite name="pytest" errors="0" failures="0" skipped="0" tests="12" time="2.183" timestamp="2026-03-10T04:32:14.171212+00:00" hostname="agent-env-3ca84091-d0ae-4cd2-aa26-f2aadfd6e8b6"><testcase classname="backend.tests.test_billing_features.TestBillingHistory" name="test_billing_history_returns_transactions_array" time="0.662" /><testcase classname="backend.tests.test_billing_features.TestBillingHistory" name="test_billing_history_returns_subscription_info" time="0.153" /><testcase classname="backend.tests.test_billing_features.TestBillingHistory" name="test_billing_history_returns_cancel_status" time="0.149" /><testcase classname="backend.tests.test_billing_features.TestBillingHistory" name="test_billing_history_returns_plan_expires_at" time="0.152" /><testcase classname="backend.tests.test_billing_features.TestBillingHistory" name="test_billing_history_transaction_structure" time="0.108" /><testcase classname="backend.tests.test_billing_features.TestBillingHistory" name="test_billing_history_unauthorized" time="0.102" /><testcase classname="backend.tests.test_billing_features.TestCancelSubscription" name="test_cancel_returns_400_for_basic_tier" time="0.106" /><testcase classname="backend.tests.test_billing_features.TestCancelSubscription" name="test_cancel_unauthorized" time="0.112" /><testcase classname="backend.tests.test_billing_features.TestReactivateSubscription" name="test_reactivate_returns_400_when_no_pending_cancellation" time="0.126" /><testcase classname="backend.tests.test_billing_features.TestReactivateSubscription" name="test_reactivate_unauthorized" time="0.108" /><testcase classname="backend.tests.test_billing_features.TestBillingAPIConsistency" name="test_subscription_and_billing_history_tier_match" time="0.234" /><testcase classname="backend.tests.test_billing_features.TestBillingAPIConsistency" name="test_basic_tier_user_cancel_status_is_false" time="0.101" /></testsuite></testsuites>