<?xml version="1.0" encoding="utf-8"?><testsuites name="pytest tests"><testsuite name="pytest" errors="0" failures="0" skipped="0" tests="23" time="6.284" timestamp="2026-03-07T23:36:37.337178+00:00" hostname="agent-env-349d2350-374b-4511-9547-02b7edfc97f6"><testcase classname="backend.tests.test_mission_control_role_split.TestMissionControlAuth" name="test_mission_control_requires_auth" time="0.291" /><testcase classname="backend.tests.test_mission_control_role_split.TestMissionControlAuth" name="test_mission_control_director_login" time="0.441" /><testcase classname="backend.tests.test_mission_control_role_split.TestDirectorMissionControl" name="test_director_gets_role_director" time="0.133" /><testcase classname="backend.tests.test_mission_control_role_split.TestDirectorMissionControl" name="test_director_has_program_status" time="0.117" /><testcase classname="backend.tests.test_mission_control_role_split.TestDirectorMissionControl" name="test_director_needs_attention_max_5" time="0.118" /><testcase classname="backend.tests.test_mission_control_role_split.TestDirectorMissionControl" name="test_director_needs_attention_has_health" time="0.116" /><testcase classname="backend.tests.test_mission_control_role_split.TestDirectorMissionControl" name="test_director_upcoming_events" time="0.108" /><testcase classname="backend.tests.test_mission_control_role_split.TestDirectorMissionControl" name="test_director_program_activity" time="0.105" /><testcase classname="backend.tests.test_mission_control_role_split.TestDirectorMissionControl" name="test_director_program_snapshot" time="0.099" /><testcase classname="backend.tests.test_mission_control_role_split.TestDirectorMissionControl" name="test_director_does_not_have_coach_fields" time="0.121" /><testcase classname="backend.tests.test_mission_control_role_split.TestCoachMissionControl" name="test_coach_gets_role_coach" time="0.427" /><testcase classname="backend.tests.test_mission_control_role_split.TestCoachMissionControl" name="test_coach_has_todays_summary" time="0.102" /><testcase classname="backend.tests.test_mission_control_role_split.TestCoachMissionControl" name="test_coach_has_my_roster" time="0.117" /><testcase classname="backend.tests.test_mission_control_role_split.TestCoachMissionControl" name="test_coach_roster_has_athlete_details" time="0.099" /><testcase classname="backend.tests.test_mission_control_role_split.TestCoachMissionControl" name="test_coach_roster_has_category_info" time="0.105" /><testcase classname="backend.tests.test_mission_control_role_split.TestCoachMissionControl" name="test_coach_has_upcoming_events" time="0.115" /><testcase classname="backend.tests.test_mission_control_role_split.TestCoachMissionControl" name="test_coach_has_recent_activity" time="0.118" /><testcase classname="backend.tests.test_mission_control_role_split.TestCoachMissionControl" name="test_coach_does_not_have_director_fields" time="0.108" /><testcase classname="backend.tests.test_mission_control_role_split.TestCoachMissionControl" name="test_coach_roster_sorted_by_momentum" time="0.114" /><testcase classname="backend.tests.test_mission_control_role_split.TestCoachGarciaData" name="test_coach_garcia_gets_role_coach" time="0.484" /><testcase classname="backend.tests.test_mission_control_role_split.TestCoachGarciaData" name="test_coach_garcia_has_different_roster" time="0.261" /><testcase classname="backend.tests.test_mission_control_role_split.TestAIEndpoints" name="test_ai_briefing_endpoint_exists" time="1.303" /><testcase classname="backend.tests.test_mission_control_role_split.TestAIEndpoints" name="test_ai_suggested_actions_endpoint_exists" time="1.184" /></testsuite></testsuites>