<?xml version="1.0" encoding="utf-8"?><testsuites name="pytest tests"><testsuite name="pytest" errors="0" failures="0" skipped="0" tests="16" time="3.217" timestamp="2026-03-06T22:33:25.238207+00:00" hostname="agent-env-8091f61c-0f2d-41cf-8ad7-ee4385af059c"><testcase classname="backend.tests.test_admin_status.TestAdminStatus" name="test_admin_status_returns_persistence_phase" time="0.147" /><testcase classname="backend.tests.test_admin_status.TestAdminStatus" name="test_admin_status_returns_collections_persisted" time="0.137" /><testcase classname="backend.tests.test_admin_status.TestAdminStatus" name="test_admin_status_returns_collections_in_memory" time="0.106" /><testcase classname="backend.tests.test_admin_status.TestAdminStatus" name="test_admin_status_returns_seed_strategy" time="0.117" /><testcase classname="backend.tests.test_admin_status.TestAdminStatus" name="test_admin_status_returns_limitations" time="0.112" /><testcase classname="backend.tests.test_admin_status.TestAdminStatus" name="test_admin_status_returns_architecture" time="0.118" /><testcase classname="backend.tests.test_admin_status.TestTrustCueEndpoints" name="test_event_note_capture_returns_note_data" time="0.126" /><testcase classname="backend.tests.test_admin_status.TestTrustCueEndpoints" name="test_recommendation_send_returns_school_name" time="0.259" /><testcase classname="backend.tests.test_admin_status.TestTrustCueEndpoints" name="test_recommendation_respond_returns_data" time="0.332" /><testcase classname="backend.tests.test_admin_status.TestTrustCueEndpoints" name="test_recommendation_followup_returns_data" time="0.319" /><testcase classname="backend.tests.test_admin_status.TestTrustCueEndpoints" name="test_recommendation_close_returns_data" time="0.366" /><testcase classname="backend.tests.test_admin_status.TestTrustCueEndpoints" name="test_route_note_to_pod_returns_data" time="0.267" /><testcase classname="backend.tests.test_admin_status.TestTrustCueEndpoints" name="test_bulk_route_returns_counts" time="0.394" /><testcase classname="backend.tests.test_admin_status.TestCoreModesStillWorking" name="test_mission_control_loads" time="0.114" /><testcase classname="backend.tests.test_admin_status.TestCoreModesStillWorking" name="test_events_mode_loads" time="0.113" /><testcase classname="backend.tests.test_admin_status.TestCoreModesStillWorking" name="test_advocacy_mode_loads" time="0.106" /></testsuite></testsuites>