<?xml version="1.0" encoding="utf-8"?><testsuites name="pytest tests"><testsuite name="pytest" errors="0" failures="0" skipped="0" tests="13" time="2.302" timestamp="2026-03-19T02:47:20.825946+00:00" hostname="agent-env-927adbcf-c328-4f75-8591-de2d7ebd635b"><testcase classname="backend.tests.test_director_inbox.TestDirectorInboxEndpoint" name="test_endpoint_returns_200" time="0.582" /><testcase classname="backend.tests.test_director_inbox.TestDirectorInboxEndpoint" name="test_response_structure" time="0.150" /><testcase classname="backend.tests.test_director_inbox.TestDirectorInboxEndpoint" name="test_item_has_required_fields" time="0.160" /><testcase classname="backend.tests.test_director_inbox.TestDirectorInboxEndpoint" name="test_priority_values_valid" time="0.140" /><testcase classname="backend.tests.test_director_inbox.TestDirectorInboxEndpoint" name="test_source_values_valid" time="0.144" /><testcase classname="backend.tests.test_director_inbox.TestDirectorInboxEndpoint" name="test_sorting_high_priority_first" time="0.122" /><testcase classname="backend.tests.test_director_inbox.TestDirectorInboxEndpoint" name="test_aggregates_from_multiple_sources" time="0.163" /><testcase classname="backend.tests.test_director_inbox.TestDirectorInboxEndpoint" name="test_escalation_items_have_correct_format" time="0.125" /><testcase classname="backend.tests.test_director_inbox.TestDirectorInboxEndpoint" name="test_roster_items_have_correct_format" time="0.112" /><testcase classname="backend.tests.test_director_inbox.TestDirectorInboxEndpoint" name="test_momentum_items_have_correct_format" time="0.135" /><testcase classname="backend.tests.test_director_inbox.TestDirectorInboxEndpoint" name="test_advocacy_items_have_correct_format" time="0.171" /><testcase classname="backend.tests.test_director_inbox.TestDirectorInboxAuth" name="test_requires_authentication" time="0.105" /><testcase classname="backend.tests.test_director_inbox.TestDirectorInboxAuth" name="test_invalid_token_rejected" time="0.117" /></testsuite></testsuites>