<?xml version="1.0" encoding="utf-8"?><testsuites name="pytest tests"><testsuite name="pytest" errors="0" failures="0" skipped="0" tests="8" time="3.947" timestamp="2026-03-12T13:55:02.274517+00:00" hostname="agent-env-d66ec64a-eefc-4fbd-9db3-6e8ef5937bd2"><testcase classname="backend.tests.test_roster_section.TestMissionControlRosterSection" name="test_mission_control_returns_my_roster" time="0.541" /><testcase classname="backend.tests.test_roster_section.TestMissionControlRosterSection" name="test_my_roster_has_required_fields" time="0.466" /><testcase classname="backend.tests.test_roster_section.TestMissionControlRosterSection" name="test_athletes_needing_attention_have_category" time="0.488" /><testcase classname="backend.tests.test_roster_section.TestMissionControlRosterSection" name="test_correct_athletes_in_attention_list" time="0.462" /><testcase classname="backend.tests.test_roster_section.TestMissionControlRosterSection" name="test_sophia_garcia_is_on_track" time="0.457" /><testcase classname="backend.tests.test_roster_section.TestMissionControlRosterSection" name="test_issue_badges_are_correct" time="0.514" /><testcase classname="backend.tests.test_roster_section.TestMissionControlRosterSection" name="test_next_step_not_empty_for_attention_athletes" time="0.453" /><testcase classname="backend.tests.test_roster_section.TestMissionControlRosterSection" name="test_why_not_empty_for_attention_athletes" time="0.501" /></testsuite></testsuites>