<?xml version="1.0" encoding="utf-8"?><testsuites name="pytest tests"><testsuite name="pytest" errors="0" failures="1" skipped="0" tests="15" time="8.491" timestamp="2026-03-10T16:06:57.311564+00:00" hostname="agent-env-11c6fe3b-f7fc-4bcd-8111-b745e734e079"><testcase classname="backend.tests.test_subscription_automations.TestSubscriptionTiers" name="test_tiers_endpoint_returns_correct_structure" time="0.524" /><testcase classname="backend.tests.test_subscription_automations.TestSubscriptionTiers" name="test_basic_tier_pricing" time="0.431" /><testcase classname="backend.tests.test_subscription_automations.TestSubscriptionTiers" name="test_pro_tier_pricing" time="0.477" /><testcase classname="backend.tests.test_subscription_automations.TestSubscriptionTiers" name="test_premium_tier_pricing" time="0.406" /><testcase classname="backend.tests.test_subscription_automations.TestSubscriptionTiers" name="test_subscription_endpoint_returns_current_tier" time="0.407"><failure message="AssertionError: Response should have 'limits' key&#10;assert 'limits' in {'features': ['Track up to 5 schools', 'Basic pipeline board', 'Athlete profile page', 'School discovery search', 'Email support'], 'label': 'Starter', 'price': 0.0, 'tier': 'basic', ...}">backend/tests/test_subscription_automations.py:138: in test_subscription_endpoint_returns_current_tier
    assert "limits" in data, "Response should have 'limits' key"
E   AssertionError: Response should have 'limits' key
E   assert 'limits' in {'features': ['Track up to 5 schools', 'Basic pipeline board', 'Athlete profile page', 'School discovery search', 'Email support'], 'label': 'Starter', 'price': 0.0, 'tier': 'basic', ...}</failure></testcase><testcase classname="backend.tests.test_subscription_automations.TestSubscriptionTiers" name="test_subscription_usage_shows_school_count" time="0.421" /><testcase classname="backend.tests.test_subscription_automations.TestAutomationRules" name="test_email_sent_updates_recruiting_status" time="0.638" /><testcase classname="backend.tests.test_subscription_automations.TestAutomationRules" name="test_email_sent_sets_initial_contact_date" time="0.601" /><testcase classname="backend.tests.test_subscription_automations.TestAutomationRules" name="test_email_sent_sets_next_action_due_14_days" time="0.581" /><testcase classname="backend.tests.test_subscription_automations.TestAutomationRules" name="test_mark_replied_updates_status_and_priority" time="0.752" /><testcase classname="backend.tests.test_subscription_automations.TestAutomationRules" name="test_mark_replied_sets_next_action_due_2_days" time="0.571" /><testcase classname="backend.tests.test_subscription_automations.TestAutomationRules" name="test_mark_replied_requires_note" time="0.480" /><testcase classname="backend.tests.test_subscription_automations.TestAutomationRules" name="test_coach_reply_interaction_updates_status" time="0.656" /><testcase classname="backend.tests.test_subscription_automations.TestStripeCheckoutPricing" name="test_checkout_session_validates_tier" time="0.531" /><testcase classname="backend.tests.test_subscription_automations.TestStripeCheckoutPricing" name="test_checkout_accepts_valid_tiers" time="0.907" /></testsuite></testsuites>