<?xml version="1.0" encoding="utf-8"?><testsuites name="pytest tests"><testsuite name="pytest" errors="0" failures="0" skipped="1" tests="8" time="1.407" timestamp="2026-03-29T19:05:27.754651+00:00" hostname="agent-env-176e51d8-1404-41f1-91e7-199bbd995ad8"><testcase classname="backend.tests.test_urgency_classification.TestUrgencyClassificationBackend" name="test_programs_endpoint_returns_urgency_class" time="0.620" /><testcase classname="backend.tests.test_urgency_classification.TestUrgencyClassificationBackend" name="test_urgency_class_values_distribution" time="0.083" /><testcase classname="backend.tests.test_urgency_classification.TestUrgencyClassificationBackend" name="test_overdue_programs_have_past_due_date" time="0.085" /><testcase classname="backend.tests.test_urgency_classification.TestUrgencyClassificationBackend" name="test_on_track_programs_not_overdue" time="0.084" /><testcase classname="backend.tests.test_urgency_classification.TestUrgencyClassificationBackend" name="test_archived_committed_have_none_urgency" time="0.082" /><testcase classname="backend.tests.test_urgency_classification.TestConnectedExperiencesSummary" name="test_pipeline_summary_includes_urgency_counts" time="0.160"><skipped type="pytest.skip" message="No athlete ID in profile">/app/backend/tests/test_urgency_classification.py:155: No athlete ID in profile</skipped></testcase><testcase classname="backend.tests.test_urgency_classification.TestSingleProgramUrgencyClass" name="test_single_program_has_urgency_class" time="0.147" /><testcase classname="backend.tests.test_urgency_classification.TestUrgencyClassLogic" name="test_urgency_class_consistency" time="0.088" /></testsuite></testsuites>