<?xml version="1.0" encoding="utf-8"?><testsuites name="pytest tests"><testsuite name="pytest" errors="0" failures="0" skipped="0" tests="18" time="3.023" timestamp="2026-03-11T19:25:15.014952+00:00" hostname="agent-env-5c7349d1-5bef-49c4-ad06-0a16dba4418b"><testcase classname="backend.tests.test_coach_dashboard_overhaul.TestCoachMissionControlEndpoint" name="test_mission_control_returns_200" time="0.590" /><testcase classname="backend.tests.test_coach_dashboard_overhaul.TestCoachMissionControlEndpoint" name="test_response_contains_role_coach" time="0.135" /><testcase classname="backend.tests.test_coach_dashboard_overhaul.TestCoachMissionControlEndpoint" name="test_response_contains_todays_summary_with_hero_kpis" time="0.181" /><testcase classname="backend.tests.test_coach_dashboard_overhaul.TestCoachMissionControlEndpoint" name="test_response_contains_summary_lines" time="0.122" /><testcase classname="backend.tests.test_coach_dashboard_overhaul.TestCoachMissionControlEndpoint" name="test_response_contains_priorities_array" time="0.130" /><testcase classname="backend.tests.test_coach_dashboard_overhaul.TestCoachMissionControlEndpoint" name="test_priorities_have_correct_structure" time="0.139" /><testcase classname="backend.tests.test_coach_dashboard_overhaul.TestCoachMissionControlEndpoint" name="test_priorities_contain_athlete_or_event_info" time="0.173" /><testcase classname="backend.tests.test_coach_dashboard_overhaul.TestCoachMyRosterEndpoint" name="test_response_contains_myRoster" time="0.126" /><testcase classname="backend.tests.test_coach_dashboard_overhaul.TestCoachMyRosterEndpoint" name="test_roster_athlete_has_required_fields" time="0.156" /><testcase classname="backend.tests.test_coach_dashboard_overhaul.TestCoachMyRosterEndpoint" name="test_roster_athlete_has_issue_type_category" time="0.124" /><testcase classname="backend.tests.test_coach_dashboard_overhaul.TestCoachMyRosterEndpoint" name="test_roster_athlete_has_next_step" time="0.132" /><testcase classname="backend.tests.test_coach_dashboard_overhaul.TestCoachMyRosterEndpoint" name="test_roster_athlete_has_why_reason" time="0.125" /><testcase classname="backend.tests.test_coach_dashboard_overhaul.TestDirectorActionsEndpoint" name="test_director_actions_returns_200" time="0.129" /><testcase classname="backend.tests.test_coach_dashboard_overhaul.TestDirectorActionsEndpoint" name="test_director_actions_returns_actions_array" time="0.130" /><testcase classname="backend.tests.test_coach_dashboard_overhaul.TestUpcomingEventsAndActivity" name="test_response_contains_upcoming_events" time="0.124" /><testcase classname="backend.tests.test_coach_dashboard_overhaul.TestUpcomingEventsAndActivity" name="test_response_contains_recent_activity" time="0.133" /><testcase classname="backend.tests.test_coach_dashboard_overhaul.TestSummaryLinesContent" name="test_summary_lines_mention_momentum_or_blocker_or_on_track" time="0.134" /><testcase classname="backend.tests.test_coach_dashboard_overhaul.TestCriticalPrioritiesUrgency" name="test_momentum_drop_and_blocker_are_critical" time="0.164" /></testsuite></testsuites>