<?xml version="1.0" encoding="utf-8"?><testsuites name="pytest tests"><testsuite name="pytest" errors="0" failures="0" skipped="0" tests="12" time="5.843" timestamp="2026-03-14T15:10:09.334112+00:00" hostname="agent-env-b8381ac2-71aa-4433-8f2f-a38d27dcdede"><testcase classname="tests.test_hero_card_action_buttons.TestAthleteIssueData" name="test_athlete_2_olivia_has_critical_blocker" time="3.339" /><testcase classname="tests.test_hero_card_action_buttons.TestAthleteIssueData" name="test_athlete_3_marcus_has_momentum_drop" time="0.162" /><testcase classname="tests.test_hero_card_action_buttons.TestAthleteIssueData" name="test_athlete_1_emma_has_overdue_actions" time="0.156" /><testcase classname="tests.test_hero_card_action_buttons.TestAthleteIssueData" name="test_athlete_5_lucas_no_issues" time="0.159" /><testcase classname="tests.test_hero_card_action_buttons.TestResolveIssueEndpoint" name="test_resolve_issue_success" time="0.317" /><testcase classname="tests.test_hero_card_action_buttons.TestResolveIssueEndpoint" name="test_resolve_nonexistent_issue_returns_404" time="0.125" /><testcase classname="tests.test_hero_card_action_buttons.TestSupportMessagesEndpoint" name="test_send_message_success" time="0.419" /><testcase classname="tests.test_hero_card_action_buttons.TestSupportMessagesEndpoint" name="test_send_escalation_message" time="0.320" /><testcase classname="tests.test_hero_card_action_buttons.TestSupportMessagesEndpoint" name="test_send_check_in_message" time="0.331" /><testcase classname="tests.test_hero_card_action_buttons.TestSupportMessagesEndpoint" name="test_send_message_requires_athlete_id" time="0.162" /><testcase classname="tests.test_hero_card_action_buttons.TestAccessControl" name="test_resolve_requires_auth" time="0.142" /><testcase classname="tests.test_hero_card_action_buttons.TestAccessControl" name="test_send_message_requires_auth" time="0.132" /></testsuite></testsuites>