<?xml version="1.0" encoding="utf-8"?><testsuites name="pytest tests"><testsuite name="pytest" errors="0" failures="0" skipped="0" tests="14" time="6.458" timestamp="2026-03-27T12:30:58.189687+00:00" hostname="agent-env-b401cab8-2852-4fc7-97b6-3ad06cfbbd70"><testcase classname="backend.tests.test_p0_p1_integrity_audit.TestP0JourneyStageRemoval" name="test_list_programs_no_journey_stage" time="0.585" /><testcase classname="backend.tests.test_p0_p1_integrity_audit.TestP0JourneyStageRemoval" name="test_list_programs_pipeline_stage_consistency" time="0.121" /><testcase classname="backend.tests.test_p0_p1_integrity_audit.TestP0JourneyStageRemoval" name="test_single_program_no_journey_stage" time="0.242" /><testcase classname="backend.tests.test_p0_p1_integrity_audit.TestP0JourneyStageRemoval" name="test_update_program_strips_journey_stage" time="0.263" /><testcase classname="backend.tests.test_p0_p1_integrity_audit.TestP0JourneyStageRemoval" name="test_update_program_normalizes_recruiting_status" time="0.375" /><testcase classname="backend.tests.test_p0_p1_integrity_audit.TestP0JourneyStageRemoval" name="test_dashboard_programs_no_journey_stage" time="0.136" /><testcase classname="backend.tests.test_p0_p1_integrity_audit.TestP1MockDataCleanup" name="test_admin_status_no_mock_data_sources" time="0.432" /><testcase classname="backend.tests.test_p0_p1_integrity_audit.TestP1MockDataCleanup" name="test_admin_status_has_university_knowledge_base" time="0.115" /><testcase classname="backend.tests.test_p0_p1_integrity_audit.TestP1MockDataCleanup" name="test_advocacy_relationships_works" time="0.624" /><testcase classname="backend.tests.test_p0_p1_integrity_audit.TestP1MockDataCleanup" name="test_events_endpoint_works" time="0.543" /><testcase classname="backend.tests.test_p0_p1_integrity_audit.TestDeterminism" name="test_consecutive_calls_identical" time="0.803" /><testcase classname="backend.tests.test_p0_p1_integrity_audit.TestCoachMissionControl" name="test_mission_control_works" time="0.557" /><testcase classname="backend.tests.test_p0_p1_integrity_audit.TestCoachMissionControl" name="test_roster_works" time="1.029" /><testcase classname="backend.tests.test_p0_p1_integrity_audit.TestGroupedProgramsEndpoint" name="test_grouped_programs_no_journey_stage" time="0.546" /></testsuite></testsuites>