<?xml version="1.0" encoding="utf-8"?><testsuites name="pytest tests"><testsuite name="pytest" errors="0" failures="0" skipped="0" tests="16" time="7.765" timestamp="2026-03-11T13:52:17.144199+00:00" hostname="agent-env-d9370fbf-0162-446e-8da8-0648fc6eb3ff"><testcase classname="backend.tests.test_internal_profile.TestInternalProfileStaffAccess" name="test_internal_profile_returns_full_data" time="0.565" /><testcase classname="backend.tests.test_internal_profile.TestInternalProfileStaffAccess" name="test_internal_profile_returns_athlete_id" time="0.407" /><testcase classname="backend.tests.test_internal_profile.TestInternalProfileStaffAccess" name="test_internal_profile_404_for_invalid_athlete" time="0.407" /><testcase classname="backend.tests.test_internal_profile.TestInternalProfileCoachAccess" name="test_coach_can_access_internal_profile" time="0.390" /><testcase classname="backend.tests.test_internal_profile.TestInternalProfileAthleteAccess" name="test_athlete_cannot_access_internal_profile" time="0.447" /><testcase classname="backend.tests.test_internal_profile.TestStaffPublishToggle" name="test_staff_can_toggle_publish_true" time="0.425" /><testcase classname="backend.tests.test_internal_profile.TestStaffPublishToggle" name="test_staff_can_toggle_publish_false" time="0.470" /><testcase classname="backend.tests.test_internal_profile.TestStaffPublishToggle" name="test_publish_toggle_cycle" time="0.697" /><testcase classname="backend.tests.test_internal_profile.TestStaffPublishToggle" name="test_publish_requires_boolean" time="0.383" /><testcase classname="backend.tests.test_internal_profile.TestStaffPublishToggle" name="test_publish_404_for_invalid_athlete" time="0.415" /><testcase classname="backend.tests.test_internal_profile.TestPublishToggleAthleteAccess" name="test_athlete_cannot_use_staff_publish_toggle" time="0.392" /><testcase classname="backend.tests.test_internal_profile.TestProfileVisibleRename" name="test_settings_returns_profile_visible" time="0.379" /><testcase classname="backend.tests.test_internal_profile.TestProfileVisibleRename" name="test_settings_accepts_profile_visible" time="0.519" /><testcase classname="backend.tests.test_internal_profile.TestProfileVisibleRename" name="test_settings_accepts_legacy_is_published" time="0.601" /><testcase classname="backend.tests.test_internal_profile.TestPublicProfileWithProfileVisible" name="test_public_profile_visible_when_published" time="0.568" /><testcase classname="backend.tests.test_internal_profile.TestPublicProfileWithProfileVisible" name="test_public_profile_404_when_unpublished" time="0.618" /></testsuite></testsuites>