<?xml version="1.0" encoding="utf-8"?><testsuites name="pytest tests"><testsuite name="pytest" errors="0" failures="0" skipped="0" tests="24" time="4.253" timestamp="2026-03-07T21:08:42.224523+00:00" hostname="agent-env-c12740c7-bfda-4ef5-b927-8d93ed590d9e"><testcase classname="backend.tests.test_quick_notes.TestQuickNotesAPI" name="test_create_note_requires_auth" time="0.272" /><testcase classname="backend.tests.test_quick_notes.TestQuickNotesAPI" name="test_create_note_with_valid_category_recruiting" time="0.508" /><testcase classname="backend.tests.test_quick_notes.TestQuickNotesAPI" name="test_create_note_with_valid_category_event" time="0.148" /><testcase classname="backend.tests.test_quick_notes.TestQuickNotesAPI" name="test_create_note_with_valid_category_parent" time="0.102" /><testcase classname="backend.tests.test_quick_notes.TestQuickNotesAPI" name="test_create_note_with_valid_category_followup" time="0.158" /><testcase classname="backend.tests.test_quick_notes.TestQuickNotesAPI" name="test_create_note_with_valid_category_other" time="0.113" /><testcase classname="backend.tests.test_quick_notes.TestQuickNotesAPI" name="test_create_note_without_category_defaults_to_other" time="0.109" /><testcase classname="backend.tests.test_quick_notes.TestQuickNotesAPI" name="test_create_note_with_invalid_category_defaults_to_other" time="0.146" /><testcase classname="backend.tests.test_quick_notes.TestQuickNotesAPI" name="test_create_note_with_empty_category_defaults_to_other" time="0.120" /><testcase classname="backend.tests.test_quick_notes.TestQuickNotesAPI" name="test_create_note_category_case_insensitive" time="0.128" /><testcase classname="backend.tests.test_quick_notes.TestQuickNotesAPI" name="test_create_note_includes_created_by_fields" time="0.111" /><testcase classname="backend.tests.test_quick_notes.TestQuickNotesAPI" name="test_create_note_returns_403_for_unassigned_athlete" time="0.115" /><testcase classname="backend.tests.test_quick_notes.TestQuickNotesAPI" name="test_director_can_create_note_for_any_athlete" time="0.454" /><testcase classname="backend.tests.test_quick_notes.TestQuickNotesAPI" name="test_timeline_requires_auth" time="0.112" /><testcase classname="backend.tests.test_quick_notes.TestQuickNotesAPI" name="test_timeline_returns_notes_array" time="0.123" /><testcase classname="backend.tests.test_quick_notes.TestQuickNotesAPI" name="test_timeline_notes_include_category" time="0.226" /><testcase classname="backend.tests.test_quick_notes.TestQuickNotesAPI" name="test_timeline_notes_include_created_by_name" time="0.125" /><testcase classname="backend.tests.test_quick_notes.TestQuickNotesAPI" name="test_timeline_returns_403_for_unassigned_athlete" time="0.113" /><testcase classname="backend.tests.test_quick_notes.TestQuickNotesAPI" name="test_notes_count_as_activity_for_onboarding" time="0.099" /><testcase classname="backend.tests.test_quick_notes.TestQuickNotesEdgeCases" name="test_create_note_with_empty_text" time="0.442" /><testcase classname="backend.tests.test_quick_notes.TestQuickNotesEdgeCases" name="test_create_note_with_long_text" time="0.116" /><testcase classname="backend.tests.test_quick_notes.TestQuickNotesEdgeCases" name="test_create_note_with_special_characters" time="0.108" /><testcase classname="backend.tests.test_quick_notes.TestQuickNotesEdgeCases" name="test_create_note_with_unicode" time="0.117" /><testcase classname="backend.tests.test_quick_notes.TestQuickNotesEdgeCases" name="test_nonexistent_athlete" time="0.097" /></testsuite></testsuites>