<?xml version="1.0" encoding="utf-8"?><testsuites name="pytest tests"><testsuite name="pytest" errors="0" failures="0" skipped="0" tests="16" time="4.121" timestamp="2026-03-23T20:32:05.027318+00:00" hostname="agent-env-74622339-1c75-42b7-9d46-7de0319327b1"><testcase classname="tests.test_env_config_hardening.TestAuthLogin" name="test_login_athlete" time="0.619" /><testcase classname="tests.test_env_config_hardening.TestAuthLogin" name="test_login_director" time="0.356" /><testcase classname="tests.test_env_config_hardening.TestAuthLogin" name="test_login_coach" time="0.332" /><testcase classname="tests.test_env_config_hardening.TestMissionControl" name="test_mission_control_athlete" time="0.547" /><testcase classname="tests.test_env_config_hardening.TestMissionControl" name="test_mission_control_director" time="0.452" /><testcase classname="tests.test_env_config_hardening.TestMissionControl" name="test_mission_control_coach" time="0.534" /><testcase classname="tests.test_env_config_hardening.TestSecurityHeaders" name="test_security_headers_on_health" time="0.002" /><testcase classname="tests.test_env_config_hardening.TestSecurityHeaders" name="test_security_headers_on_login" time="0.238" /><testcase classname="tests.test_env_config_hardening.TestSecurityHeaders" name="test_security_header_values" time="0.002" /><testcase classname="tests.test_env_config_hardening.TestCORS" name="test_cors_allows_frontend_url" time="0.002" /><testcase classname="tests.test_env_config_hardening.TestCORS" name="test_cors_rejects_unauthorized_origin" time="0.001" /><testcase classname="tests.test_env_config_hardening.TestCORS" name="test_cors_allows_localhost_in_dev" time="0.001" /><testcase classname="tests.test_env_config_hardening.TestNoHardcodedURLs" name="test_no_hardcoded_preview_urls" time="0.009" /><testcase classname="tests.test_env_config_hardening.TestConfigLogging" name="test_config_values_accessible" time="0.002" /><testcase classname="tests.test_env_config_hardening.TestFrontendIntegration" name="test_frontend_can_login" time="0.497" /><testcase classname="tests.test_env_config_hardening.TestFrontendIntegration" name="test_frontend_can_access_mission_control" time="0.455" /></testsuite></testsuites>