<?xml version="1.0" encoding="utf-8"?><testsuites name="pytest tests"><testsuite name="pytest" errors="0" failures="0" skipped="0" tests="24" time="8.748" timestamp="2026-03-07T17:39:54.027388+00:00" hostname="agent-env-c12740c7-bfda-4ef5-b927-8d93ed590d9e"><testcase classname="tests.test_team_aware_invites.TestInviteCreation" name="test_create_invite_with_team" time="0.797" /><testcase classname="tests.test_team_aware_invites.TestInviteCreation" name="test_create_invite_without_team" time="0.308" /><testcase classname="tests.test_team_aware_invites.TestInviteCreation" name="test_create_invite_requires_auth" time="0.107" /><testcase classname="tests.test_team_aware_invites.TestInviteCreation" name="test_create_invite_requires_director_role" time="0.433" /><testcase classname="tests.test_team_aware_invites.TestInviteAcceptance" name="test_accept_invite_creates_coach_account" time="0.663" /><testcase classname="tests.test_team_aware_invites.TestInviteAcceptance" name="test_accept_sets_assignment_reviewed_false" time="0.758" /><testcase classname="tests.test_team_aware_invites.TestInviteAcceptance" name="test_accept_invalid_token_returns_404" time="0.126" /><testcase classname="tests.test_team_aware_invites.TestPendingAssignments" name="test_pending_assignments_requires_auth" time="0.097" /><testcase classname="tests.test_team_aware_invites.TestPendingAssignments" name="test_pending_assignments_requires_director" time="0.449" /><testcase classname="tests.test_team_aware_invites.TestPendingAssignments" name="test_pending_assignments_returns_list" time="0.115" /><testcase classname="tests.test_team_aware_invites.TestPendingAssignments" name="test_pending_assignments_structure" time="0.115" /><testcase classname="tests.test_team_aware_invites.TestPendingAssignments" name="test_pending_assignments_only_with_team" time="0.745" /><testcase classname="tests.test_team_aware_invites.TestAssignAthletes" name="test_assign_athletes_requires_auth" time="0.115" /><testcase classname="tests.test_team_aware_invites.TestAssignAthletes" name="test_assign_athletes_requires_director" time="0.460" /><testcase classname="tests.test_team_aware_invites.TestAssignAthletes" name="test_assign_athletes_invalid_invite_404" time="0.109" /><testcase classname="tests.test_team_aware_invites.TestAssignAthletes" name="test_assign_athletes_empty_list_400" time="0.246" /><testcase classname="tests.test_team_aware_invites.TestDismissAssignment" name="test_dismiss_requires_auth" time="0.098" /><testcase classname="tests.test_team_aware_invites.TestDismissAssignment" name="test_dismiss_requires_director" time="0.447" /><testcase classname="tests.test_team_aware_invites.TestDismissAssignment" name="test_dismiss_invalid_invite_404" time="0.111" /><testcase classname="tests.test_team_aware_invites.TestDismissAssignment" name="test_dismiss_assignment_success" time="0.785" /><testcase classname="tests.test_team_aware_invites.TestDismissAssignment" name="test_dismissed_invite_not_in_pending" time="0.875" /><testcase classname="tests.test_team_aware_invites.TestEdgeCases" name="test_reviewed_invites_not_in_pending" time="0.360" /><testcase classname="tests.test_team_aware_invites.TestEdgeCases" name="test_get_invites_list" time="0.109" /><testcase classname="tests.test_team_aware_invites.TestUnassignAthlete" name="test_unassign_athlete_creates_suggestion_opportunity" time="0.229" /></testsuite></testsuites>