<?xml version="1.0" encoding="utf-8"?><testsuites name="pytest tests"><testsuite name="pytest" errors="0" failures="0" skipped="0" tests="33" time="6.920" timestamp="2026-03-11T01:25:47.753645+00:00" hostname="agent-env-c0ef89bf-5cfd-4dd2-ba66-93a7faad5464"><testcase classname="backend.tests.test_admin_user_management.TestAdminUsersEndpoint" name="test_list_users_returns_200" time="0.601" /><testcase classname="backend.tests.test_admin_user_management.TestAdminUsersEndpoint" name="test_list_users_returns_user_fields" time="0.104" /><testcase classname="backend.tests.test_admin_user_management.TestAdminUsersEndpoint" name="test_list_users_search_by_name" time="0.099" /><testcase classname="backend.tests.test_admin_user_management.TestAdminUsersEndpoint" name="test_list_users_search_by_email" time="0.159" /><testcase classname="backend.tests.test_admin_user_management.TestAdminUsersEndpoint" name="test_list_users_filter_by_plan" time="0.232" /><testcase classname="backend.tests.test_admin_user_management.TestAdminUsersEndpoint" name="test_list_users_pagination" time="0.073" /><testcase classname="backend.tests.test_admin_user_management.TestAdminUserDetailEndpoint" name="test_get_user_detail_returns_200" time="0.146" /><testcase classname="backend.tests.test_admin_user_management.TestAdminUserDetailEndpoint" name="test_get_user_detail_includes_stats" time="0.150" /><testcase classname="backend.tests.test_admin_user_management.TestAdminUserDetailEndpoint" name="test_get_user_detail_includes_programs" time="0.168" /><testcase classname="backend.tests.test_admin_user_management.TestAdminUserDetailEndpoint" name="test_get_user_detail_404_for_invalid_id" time="0.058" /><testcase classname="backend.tests.test_admin_user_management.TestAdminUserUpdateEndpoint" name="test_update_user_plan_returns_200" time="0.248" /><testcase classname="backend.tests.test_admin_user_management.TestAdminUserUpdateEndpoint" name="test_update_user_status_returns_200" time="0.199" /><testcase classname="backend.tests.test_admin_user_management.TestAdminUserUpdateEndpoint" name="test_update_user_creates_audit_log" time="0.408" /><testcase classname="backend.tests.test_admin_user_management.TestAdminUserCreateEndpoint" name="test_create_user_returns_200" time="0.077" /><testcase classname="backend.tests.test_admin_user_management.TestAdminUserCreateEndpoint" name="test_create_user_requires_name_and_email" time="0.115" /><testcase classname="backend.tests.test_admin_user_management.TestAdminUserCreateEndpoint" name="test_create_user_duplicate_email_fails" time="0.060" /><testcase classname="backend.tests.test_admin_user_management.TestAdminSubscriptionsEndpoint" name="test_list_subscriptions_returns_200" time="0.077" /><testcase classname="backend.tests.test_admin_user_management.TestAdminSubscriptionsEndpoint" name="test_list_subscriptions_includes_mrr" time="0.084" /><testcase classname="backend.tests.test_admin_user_management.TestAdminSubscriptionsEndpoint" name="test_list_subscriptions_plan_counts" time="0.073" /><testcase classname="backend.tests.test_admin_user_management.TestAdminSubscriptionsEndpoint" name="test_list_subscriptions_user_includes_limits" time="0.070" /><testcase classname="backend.tests.test_admin_user_management.TestAdminSubscriptionChangeEndpoint" name="test_change_subscription_returns_200" time="0.193" /><testcase classname="backend.tests.test_admin_user_management.TestAdminSubscriptionChangeEndpoint" name="test_change_subscription_invalid_plan_fails" time="0.137" /><testcase classname="backend.tests.test_admin_user_management.TestAdminSubscriptionLogsEndpoint" name="test_list_subscription_logs_returns_200" time="0.096" /><testcase classname="backend.tests.test_admin_user_management.TestAdminSubscriptionLogsEndpoint" name="test_subscription_logs_have_required_fields" time="0.060" /><testcase classname="backend.tests.test_admin_user_management.TestAdminSubscriptionTiersEndpoint" name="test_get_subscription_tiers_returns_200" time="0.057" /><testcase classname="backend.tests.test_admin_user_management.TestAdminSubscriptionTiersEndpoint" name="test_subscription_tiers_include_basic_pro_premium" time="0.057" /><testcase classname="backend.tests.test_admin_user_management.TestAdminEndpointsRejectNonAdmin" name="test_list_users_rejects_athlete" time="2.688" /><testcase classname="backend.tests.test_admin_user_management.TestAdminEndpointsRejectNonAdmin" name="test_user_detail_rejects_athlete" time="0.062" /><testcase classname="backend.tests.test_admin_user_management.TestAdminEndpointsRejectNonAdmin" name="test_create_user_rejects_athlete" time="0.051" /><testcase classname="backend.tests.test_admin_user_management.TestAdminEndpointsRejectNonAdmin" name="test_subscriptions_rejects_athlete" time="0.048" /><testcase classname="backend.tests.test_admin_user_management.TestAdminEndpointsRejectNonAdmin" name="test_subscription_change_rejects_athlete" time="0.056" /><testcase classname="backend.tests.test_admin_user_management.TestAdminEndpointsRejectNonAdmin" name="test_subscription_logs_rejects_athlete" time="0.051" /><testcase classname="backend.tests.test_admin_user_management.TestAdminEndpointsRejectNonAdmin" name="test_subscription_tiers_rejects_athlete" time="0.059" /></testsuite></testsuites>