<?xml version="1.0" encoding="utf-8"?><testsuites name="pytest tests"><testsuite name="pytest" errors="0" failures="0" skipped="0" tests="20" time="12.090" timestamp="2026-03-11T02:57:50.998635+00:00" hostname="agent-env-c0ef89bf-5cfd-4dd2-ba66-93a7faad5464"><testcase classname="tests.test_intelligence_pipeline.TestSchoolInsightEndpoint" name="test_school_insight_returns_valid_response" time="0.581" /><testcase classname="tests.test_intelligence_pipeline.TestSchoolInsightEndpoint" name="test_school_insight_confidence_badge" time="0.123" /><testcase classname="tests.test_intelligence_pipeline.TestSchoolInsightEndpoint" name="test_school_insight_strengths_with_evidence" time="0.112" /><testcase classname="tests.test_intelligence_pipeline.TestSchoolInsightEndpoint" name="test_school_insight_concerns_with_evidence" time="0.105" /><testcase classname="tests.test_intelligence_pipeline.TestSchoolInsightEndpoint" name="test_school_insight_caching" time="0.289" /><testcase classname="tests.test_intelligence_pipeline.TestSchoolInsightEndpoint" name="test_school_insight_force_refresh" time="6.810" /><testcase classname="tests.test_intelligence_pipeline.TestSchoolInsightEndpoint" name="test_school_insight_404_without_athlete_profile" time="0.446" /><testcase classname="tests.test_intelligence_pipeline.TestTimelineEndpoint" name="test_timeline_returns_valid_response" time="0.132" /><testcase classname="tests.test_intelligence_pipeline.TestTimelineEndpoint" name="test_timeline_label_and_color" time="0.139" /><testcase classname="tests.test_intelligence_pipeline.TestTimelineEndpoint" name="test_timeline_next_action" time="0.119" /><testcase classname="tests.test_intelligence_pipeline.TestTimelineEndpoint" name="test_timeline_urgency_fields" time="0.136" /><testcase classname="tests.test_intelligence_pipeline.TestTimelineEndpoint" name="test_timeline_interaction_count" time="0.106" /><testcase classname="tests.test_intelligence_pipeline.TestTimelineEndpoint" name="test_timeline_llm_enhanced_narrative" time="0.132" /><testcase classname="tests.test_intelligence_pipeline.TestTimelineEndpoint" name="test_timeline_caching" time="0.241" /><testcase classname="tests.test_intelligence_pipeline.TestTimelineEndpoint" name="test_timeline_force_refresh" time="1.819" /><testcase classname="tests.test_intelligence_pipeline.TestTimelineEndpoint" name="test_timeline_404_without_athlete_profile" time="0.110" /><testcase classname="tests.test_intelligence_pipeline.TestConfidenceCalculation" name="test_high_confidence_threshold" time="0.131" /><testcase classname="tests.test_intelligence_pipeline.TestConfidenceCalculation" name="test_confidence_badge_format" time="0.113" /><testcase classname="tests.test_intelligence_pipeline.TestPayloadBuilderCache" name="test_payload_reflected_in_cards" time="0.252" /><testcase classname="tests.test_intelligence_pipeline.TestDeterministicFallback" name="test_school_insight_deterministic_for_low_confidence" time="0.113" /></testsuite></testsuites>