<?xml version="1.0" encoding="utf-8"?><testsuites name="pytest tests"><testsuite name="pytest" errors="0" failures="0" skipped="0" tests="16" time="15.963" timestamp="2026-03-08T01:47:09.600789+00:00" hostname="agent-env-8a2bc12b-d514-43fb-b702-fce69c0fe57f"><testcase classname="tests.test_data_source_trace.TestMissionControlData" name="test_mission_control_loads" time="0.541" /><testcase classname="tests.test_data_source_trace.TestMissionControlData" name="test_kpis_match_expected_values" time="0.142" /><testcase classname="tests.test_data_source_trace.TestMissionControlData" name="test_needs_attention_shows_8_items" time="0.109" /><testcase classname="tests.test_data_source_trace.TestMissionControlData" name="test_needs_attention_has_real_athlete_names" time="0.112" /><testcase classname="tests.test_data_source_trace.TestMissionControlData" name="test_needs_attention_categories" time="0.173" /><testcase classname="tests.test_data_source_trace.TestUpcomingEvents" name="test_upcoming_events_shows_5_future_events" time="0.108" /><testcase classname="tests.test_data_source_trace.TestUpcomingEvents" name="test_expected_event_names" time="0.110" /><testcase classname="tests.test_data_source_trace.TestUpcomingEvents" name="test_no_socal_showcase_in_upcoming" time="0.137" /><testcase classname="tests.test_data_source_trace.TestUpcomingEvents" name="test_event_days_away_values" time="0.111" /><testcase classname="tests.test_data_source_trace.TestAIBriefing" name="test_ai_briefing_returns_text" time="4.307" /><testcase classname="tests.test_data_source_trace.TestAIBriefing" name="test_ai_briefing_no_test_refactor" time="3.225" /><testcase classname="tests.test_data_source_trace.TestAIBriefing" name="test_ai_briefing_no_socal_showcase" time="3.300" /><testcase classname="tests.test_data_source_trace.TestAIBriefing" name="test_ai_briefing_data_basis" time="3.163" /><testcase classname="tests.test_data_source_trace.TestCoachHealth" name="test_coach_health_present" time="0.140" /><testcase classname="tests.test_data_source_trace.TestCoachHealth" name="test_coach_health_data_structure" time="0.111" /><testcase classname="tests.test_data_source_trace.TestRecruitingSignals" name="test_recruiting_signals_present" time="0.107" /></testsuite></testsuites>