<?xml version="1.0" encoding="utf-8"?><testsuites name="pytest tests"><testsuite name="pytest" errors="0" failures="0" skipped="0" tests="9" time="6.490" timestamp="2026-03-12T22:33:27.940094+00:00" hostname="agent-env-08ab19ad-d271-451d-9c1e-150b717a5725"><testcase classname="backend.tests.test_support_messages.TestSupportMessagesAPI" name="test_01_send_message_creates_thread" time="0.755" /><testcase classname="backend.tests.test_support_messages.TestSupportMessagesAPI" name="test_02_get_inbox_returns_threads" time="0.385" /><testcase classname="backend.tests.test_support_messages.TestSupportMessagesAPI" name="test_03_get_unread_count" time="0.431" /><testcase classname="backend.tests.test_support_messages.TestSupportMessagesAPI" name="test_04_get_thread_messages" time="0.959" /><testcase classname="backend.tests.test_support_messages.TestSupportMessagesAPI" name="test_05_reply_to_thread" time="0.995" /><testcase classname="backend.tests.test_support_messages.TestSupportMessagesAPI" name="test_06_timeline_logging" time="0.777" /><testcase classname="backend.tests.test_support_messages.TestSupportMessagesAPI" name="test_07_idempotency_same_thread" time="0.934" /><testcase classname="backend.tests.test_support_messages.TestSupportMessagesAPI" name="test_08_thread_not_found" time="0.437" /><testcase classname="backend.tests.test_support_messages.TestSupportMessagesAPI" name="test_09_reply_marks_messages_read" time="0.714" /></testsuite></testsuites>