<?xml version="1.0" encoding="utf-8"?><testsuites name="pytest tests"><testsuite name="pytest" errors="0" failures="0" skipped="0" tests="14" time="1.958" timestamp="2026-03-06T19:57:02.618397+00:00" hostname="agent-env-76869b8d-69e5-420d-b628-90d83a0089f6"><testcase classname="backend.tests.test_pod_health.TestPodHealthOnPriorityAlerts" name="test_priority_alerts_have_pod_health_object" time="0.188" /><testcase classname="backend.tests.test_pod_health.TestPodHealthOnPriorityAlerts" name="test_priority_alert_pod_health_has_required_fields" time="0.131" /><testcase classname="backend.tests.test_pod_health.TestPodHealthOnPriorityAlerts" name="test_priority_alert_pod_health_status_values" time="0.121" /><testcase classname="backend.tests.test_pod_health.TestPodHealthOnPriorityAlerts" name="test_priority_alert_pod_health_label_matches_status" time="0.184" /><testcase classname="backend.tests.test_pod_health.TestPodHealthOnPriorityAlerts" name="test_priority_alert_pod_health_reason_is_string" time="0.128" /><testcase classname="backend.tests.test_pod_health.TestPodHealthOnAthletesNeedingAttention" name="test_athletes_needing_attention_have_pod_health_object" time="0.116" /><testcase classname="backend.tests.test_pod_health.TestPodHealthOnAthletesNeedingAttention" name="test_athletes_pod_health_has_required_fields" time="0.109" /><testcase classname="backend.tests.test_pod_health.TestPodHealthOnAthletesNeedingAttention" name="test_athletes_pod_health_status_values" time="0.104" /><testcase classname="backend.tests.test_pod_health.TestPodHealthSignalLogic" name="test_athlete_with_21_plus_days_inactive_is_red" time="0.180" /><testcase classname="backend.tests.test_pod_health.TestPodHealthSignalLogic" name="test_athlete_with_active_blocker_is_yellow" time="0.103" /><testcase classname="backend.tests.test_pod_health.TestPodHealthSignalLogic" name="test_athlete_with_ownership_gap_is_yellow" time="0.121" /><testcase classname="backend.tests.test_pod_health.TestPodHealthSignalLogic" name="test_healthy_athlete_is_green" time="0.130" /><testcase classname="backend.tests.test_pod_health.TestPodHealthDataIntegrity" name="test_pod_health_does_not_break_existing_fields" time="0.166" /><testcase classname="backend.tests.test_pod_health.TestPodHealthDataIntegrity" name="test_all_priority_alerts_have_consistent_pod_health" time="0.105" /></testsuite></testsuites>