<?xml version="1.0" encoding="utf-8"?><testsuites name="pytest tests"><testsuite name="pytest" errors="0" failures="0" skipped="0" tests="12" time="3.006" timestamp="2026-03-10T13:24:10.421534+00:00" hostname="agent-env-3ca84091-d0ae-4cd2-aa26-f2aadfd6e8b6"><testcase classname="backend.tests.test_connected_experiences.TestAthletePipelineEndpoint" name="test_unauthenticated_access_denied" time="0.190" /><testcase classname="backend.tests.test_connected_experiences.TestAthletePipelineEndpoint" name="test_athlete_role_cannot_access" time="0.474" /><testcase classname="backend.tests.test_connected_experiences.TestAthletePipelineEndpoint" name="test_nonexistent_athlete_returns_404" time="0.546" /><testcase classname="backend.tests.test_connected_experiences.TestAthletePipelineEndpoint" name="test_pipeline_returns_header_section" time="0.138" /><testcase classname="backend.tests.test_connected_experiences.TestAthletePipelineEndpoint" name="test_pipeline_returns_summary_section" time="0.152" /><testcase classname="backend.tests.test_connected_experiences.TestAthletePipelineEndpoint" name="test_pipeline_returns_stage_distribution" time="0.111" /><testcase classname="backend.tests.test_connected_experiences.TestAthletePipelineEndpoint" name="test_pipeline_returns_schools_grouped_by_stage" time="0.112" /><testcase classname="backend.tests.test_connected_experiences.TestAthletePipelineEndpoint" name="test_pipeline_returns_recent_activity" time="0.109" /><testcase classname="backend.tests.test_connected_experiences.TestAthletePipelineEndpoint" name="test_pipeline_returns_momentum_assessment" time="0.105" /><testcase classname="backend.tests.test_connected_experiences.TestAthletePipelineEndpoint" name="test_empty_pipeline_for_mock_athlete" time="0.112" /><testcase classname="backend.tests.test_connected_experiences.TestMissionControlIntegration" name="test_mission_control_endpoint_works" time="0.441" /><testcase classname="backend.tests.test_connected_experiences.TestMissionControlIntegration" name="test_mission_control_has_needs_attention_items" time="0.441" /></testsuite></testsuites>