<?xml version="1.0" encoding="utf-8"?><testsuites name="pytest tests"><testsuite name="pytest" errors="0" failures="0" skipped="0" tests="20" time="2.948" timestamp="2026-03-06T21:52:31.059624+00:00" hostname="agent-env-bef3d1fb-25bb-4a75-944c-3015ed73dcb2"><testcase classname="backend.tests.test_program_intelligence.TestProgramIntelligenceAPI" name="test_endpoint_returns_200" time="0.241" /><testcase classname="backend.tests.test_program_intelligence.TestProgramIntelligenceAPI" name="test_response_has_all_five_sections" time="0.118" /><testcase classname="backend.tests.test_program_intelligence.TestProgramIntelligenceAPI" name="test_response_has_metadata" time="0.104" /><testcase classname="backend.tests.test_program_intelligence.TestProgramIntelligenceAPI" name="test_expected_counts" time="0.120" /><testcase classname="backend.tests.test_program_intelligence.TestProgramHealthSection" name="test_pod_health_structure" time="0.138" /><testcase classname="backend.tests.test_program_intelligence.TestProgramHealthSection" name="test_open_issues_structure" time="0.144" /><testcase classname="backend.tests.test_program_intelligence.TestProgramHealthSection" name="test_highest_risk_cluster_present" time="0.105" /><testcase classname="backend.tests.test_program_intelligence.TestReadinessSection" name="test_grad_years_structure" time="0.168" /><testcase classname="backend.tests.test_program_intelligence.TestReadinessSection" name="test_grad_year_entry_structure" time="0.148" /><testcase classname="backend.tests.test_program_intelligence.TestReadinessSection" name="test_stalled_athletes_structure" time="0.111" /><testcase classname="backend.tests.test_program_intelligence.TestEventEffectivenessSection" name="test_past_events_structure" time="0.150" /><testcase classname="backend.tests.test_program_intelligence.TestEventEffectivenessSection" name="test_past_event_attention_note" time="0.119" /><testcase classname="backend.tests.test_program_intelligence.TestEventEffectivenessSection" name="test_upcoming_events_structure" time="0.149" /><testcase classname="backend.tests.test_program_intelligence.TestAdvocacyOutcomesSection" name="test_pipeline_structure" time="0.129" /><testcase classname="backend.tests.test_program_intelligence.TestAdvocacyOutcomesSection" name="test_response_rate" time="0.125" /><testcase classname="backend.tests.test_program_intelligence.TestAdvocacyOutcomesSection" name="test_aging_recommendations_structure" time="0.108" /><testcase classname="backend.tests.test_program_intelligence.TestAdvocacyOutcomesSection" name="test_school_activity_structure" time="0.114" /><testcase classname="backend.tests.test_program_intelligence.TestSupportLoadSection" name="test_by_owner_structure" time="0.124" /><testcase classname="backend.tests.test_program_intelligence.TestSupportLoadSection" name="test_unassigned_actions" time="0.137" /><testcase classname="backend.tests.test_program_intelligence.TestSupportLoadSection" name="test_imbalance_detection" time="0.160" /></testsuite></testsuites>