<?xml version="1.0" encoding="utf-8"?><testsuites name="pytest tests"><testsuite name="pytest" errors="0" failures="0" skipped="0" tests="25" time="3.966" timestamp="2026-03-06T22:49:07.545046+00:00" hostname="agent-env-8091f61c-0f2d-41cf-8ad7-ee4385af059c"><testcase classname="backend.tests.test_persistence_phase2.TestAthletesPersistence" name="test_get_athletes_returns_25_athletes" time="0.208" /><testcase classname="backend.tests.test_persistence_phase2.TestAthletesPersistence" name="test_athletes_have_correct_fields" time="0.239" /><testcase classname="backend.tests.test_persistence_phase2.TestAthletesPersistence" name="test_get_single_athlete_from_db" time="0.118" /><testcase classname="backend.tests.test_persistence_phase2.TestAthletesPersistence" name="test_athlete_days_since_activity_recomputed" time="0.114" /><testcase classname="backend.tests.test_persistence_phase2.TestAthletesPersistence" name="test_athlete_ids_follow_pattern" time="0.110" /><testcase classname="backend.tests.test_persistence_phase2.TestEventsPersistence" name="test_get_events_returns_grouped_events" time="0.114" /><testcase classname="backend.tests.test_persistence_phase2.TestEventsPersistence" name="test_events_have_recomputed_days_away" time="0.122" /><testcase classname="backend.tests.test_persistence_phase2.TestEventsPersistence" name="test_get_single_event_without_captured_notes" time="0.110" /><testcase classname="backend.tests.test_persistence_phase2.TestEventsPersistence" name="test_winter_showcase_is_past" time="0.113" /><testcase classname="backend.tests.test_persistence_phase2.TestEventsPersistence" name="test_create_event_persists_to_mongodb" time="0.305" /><testcase classname="backend.tests.test_persistence_phase2.TestEventsPersistence" name="test_toggle_checklist_persists_to_mongodb" time="0.360" /><testcase classname="backend.tests.test_persistence_phase2.TestEventNotesMergedAfterPhase2" name="test_events_list_has_captured_notes_count" time="0.107" /><testcase classname="backend.tests.test_persistence_phase2.TestEventNotesMergedAfterPhase2" name="test_get_event_notes_returns_notes_from_mongodb" time="0.130" /><testcase classname="backend.tests.test_persistence_phase2.TestEventNotesMergedAfterPhase2" name="test_create_event_note_persists" time="0.122" /><testcase classname="backend.tests.test_persistence_phase2.TestIntegrationWithPersistedData" name="test_mission_control_returns_data" time="0.138" /><testcase classname="backend.tests.test_persistence_phase2.TestIntegrationWithPersistedData" name="test_program_intelligence_returns_counts" time="0.104" /><testcase classname="backend.tests.test_persistence_phase2.TestIntegrationWithPersistedData" name="test_advocacy_recommendations_work" time="0.137" /><testcase classname="backend.tests.test_persistence_phase2.TestAdminStatusPhase2" name="test_admin_status_shows_phase_2" time="0.127" /><testcase classname="backend.tests.test_persistence_phase2.TestAdminStatusPhase2" name="test_admin_status_shows_10_persisted_collections" time="0.118" /><testcase classname="backend.tests.test_persistence_phase2.TestAdminStatusPhase2" name="test_admin_status_shows_2_in_memory_only" time="0.119" /><testcase classname="backend.tests.test_persistence_phase2.TestAdminStatusPhase2" name="test_admin_status_has_startup_order" time="0.128" /><testcase classname="backend.tests.test_persistence_phase2.TestSupportPodWithPersistedData" name="test_support_pod_loads_for_athlete" time="0.133" /><testcase classname="backend.tests.test_persistence_phase2.TestSupportPodWithPersistedData" name="test_support_pod_works_for_multiple_athletes" time="0.349" /><testcase classname="backend.tests.test_persistence_phase2.TestSeedIfEmptyBehavior" name="test_athletes_count_stable" time="0.123" /><testcase classname="backend.tests.test_persistence_phase2.TestSeedIfEmptyBehavior" name="test_events_count_at_least_7" time="0.119" /></testsuite></testsuites>