<?xml version="1.0" encoding="utf-8"?><testsuites name="pytest tests"><testsuite name="pytest" errors="0" failures="0" skipped="0" tests="13" time="6.971" timestamp="2026-03-10T00:50:26.248217+00:00" hostname="agent-env-95604355-20ac-4a8f-8e83-14bf4e7f278e"><testcase classname="backend.tests.test_journey_j1_features.TestMatchScoresAPI" name="test_match_scores_returns_200" time="0.716" /><testcase classname="backend.tests.test_journey_j1_features.TestMatchScoresAPI" name="test_match_scores_has_scores_array" time="0.450" /><testcase classname="backend.tests.test_journey_j1_features.TestMatchScoresAPI" name="test_match_score_structure" time="0.481" /><testcase classname="backend.tests.test_journey_j1_features.TestMatchScoresAPI" name="test_match_score_risk_badges_field" time="0.503" /><testcase classname="backend.tests.test_journey_j1_features.TestMatchScoresAPI" name="test_match_score_logo_url_field" time="0.449" /><testcase classname="backend.tests.test_journey_j1_features.TestMatchScoresAPI" name="test_match_score_for_stanford" time="0.486" /><testcase classname="backend.tests.test_journey_j1_features.TestMatchScoresAPI" name="test_match_score_for_tampa" time="0.565" /><testcase classname="backend.tests.test_journey_j1_features.TestProgramFollowUpData" name="test_stanford_has_overdue_followup" time="0.490" /><testcase classname="backend.tests.test_journey_j1_features.TestProgramFollowUpData" name="test_ucla_has_due_today_followup" time="0.493" /><testcase classname="backend.tests.test_journey_j1_features.TestProgramFollowUpData" name="test_florida_followup_outside_5_day_window" time="0.451" /><testcase classname="backend.tests.test_journey_j1_features.TestQuestionnaireData" name="test_program_questionnaire_fields" time="0.792" /><testcase classname="backend.tests.test_journey_j1_features.TestQuestionnaireData" name="test_update_questionnaire_completed" time="0.557" /><testcase classname="backend.tests.test_journey_j1_features.TestUniversityLogoData" name="test_match_scores_logo_data" time="0.473" /></testsuite></testsuites>