<?xml version="1.0" encoding="utf-8"?><testsuites name="pytest tests"><testsuite name="pytest" errors="0" failures="0" skipped="0" tests="8" time="3.534" timestamp="2026-03-19T08:15:04.953713+00:00" hostname="agent-env-927adbcf-c328-4f75-8591-de2d7ebd635b"><testcase classname="backend.tests.test_autopilot.TestAutopilotExecute" name="test_check_in_action_success" time="0.619" /><testcase classname="backend.tests.test_autopilot.TestAutopilotExecute" name="test_follow_up_action_success" time="0.392" /><testcase classname="backend.tests.test_autopilot.TestAutopilotExecute" name="test_request_doc_action_success" time="0.373" /><testcase classname="backend.tests.test_autopilot.TestAutopilotExecute" name="test_assign_coach_action_returns_redirect" time="0.424" /><testcase classname="backend.tests.test_autopilot.TestAutopilotExecute" name="test_invalid_action_type_returns_400" time="0.395" /><testcase classname="backend.tests.test_autopilot.TestAutopilotExecute" name="test_autopilot_without_auth_returns_401" time="0.460" /><testcase classname="backend.tests.test_autopilot.TestDirectorInboxWithAutopilot" name="test_director_inbox_returns_items" time="0.416" /><testcase classname="backend.tests.test_autopilot.TestDirectorInboxWithAutopilot" name="test_inbox_items_have_nudge_related_issues" time="0.382" /></testsuite></testsuites>