<?xml version="1.0" encoding="utf-8"?><testsuites name="pytest tests"><testsuite name="pytest" errors="0" failures="0" skipped="0" tests="23" time="1.131" timestamp="2026-03-23T21:01:43.883793+00:00" hostname="agent-env-74622339-1c75-42b7-9d46-7de0319327b1"><testcase classname="backend.tests.test_error_handling.TestRequestIDHeader" name="test_request_id_on_success_response" time="0.007" /><testcase classname="backend.tests.test_error_handling.TestRequestIDHeader" name="test_request_id_on_error_response" time="0.003" /><testcase classname="backend.tests.test_error_handling.TestRequestIDHeader" name="test_request_id_on_auth_error" time="0.003" /><testcase classname="backend.tests.test_error_handling.TestRequestIDHeader" name="test_request_id_on_login_success" time="0.246" /><testcase classname="backend.tests.test_error_handling.TestRequestIDHeader" name="test_request_id_on_login_failure" time="0.003" /><testcase classname="backend.tests.test_error_handling.TestStructuredErrorResponses" name="test_invalid_credentials_error_structure" time="0.003" /><testcase classname="backend.tests.test_error_handling.TestStructuredErrorResponses" name="test_not_found_error_structure" time="0.003" /><testcase classname="backend.tests.test_error_handling.TestStructuredErrorResponses" name="test_unauthorized_error_structure" time="0.002" /><testcase classname="backend.tests.test_error_handling.TestStructuredErrorResponses" name="test_validation_error_structure" time="0.003" /><testcase classname="backend.tests.test_error_handling.TestStructuredErrorResponses" name="test_validation_error_partial_fields" time="0.002" /><testcase classname="backend.tests.test_error_handling.TestSuccessResponsesUnchanged" name="test_login_success_format" time="0.226" /><testcase classname="backend.tests.test_error_handling.TestSuccessResponsesUnchanged" name="test_mission_control_success_format" time="0.250" /><testcase classname="backend.tests.test_error_handling.TestSuccessResponsesUnchanged" name="test_athletes_success_format" time="0.258" /><testcase classname="backend.tests.test_error_handling.TestSuccessResponsesUnchanged" name="test_root_endpoint_success_format" time="0.002" /><testcase classname="backend.tests.test_error_handling.TestNoStackTracesExposed" name="test_no_stack_trace_in_401" time="0.002" /><testcase classname="backend.tests.test_error_handling.TestNoStackTracesExposed" name="test_no_stack_trace_in_404" time="0.003" /><testcase classname="backend.tests.test_error_handling.TestNoStackTracesExposed" name="test_no_stack_trace_in_422" time="0.002" /><testcase classname="backend.tests.test_error_handling.TestNoStackTracesExposed" name="test_error_message_is_user_friendly" time="0.002" /><testcase classname="backend.tests.test_error_handling.TestErrorCodeMapping" name="test_401_returns_unauthorized_code" time="0.002" /><testcase classname="backend.tests.test_error_handling.TestErrorCodeMapping" name="test_404_returns_not_found_code" time="0.003" /><testcase classname="backend.tests.test_error_handling.TestErrorCodeMapping" name="test_422_returns_validation_error_code" time="0.002" /><testcase classname="backend.tests.test_error_handling.TestRequestIDConsistency" name="test_request_id_consistency_on_error" time="0.002" /><testcase classname="backend.tests.test_error_handling.TestRequestIDConsistency" name="test_custom_request_id_is_preserved" time="0.002" /></testsuite></testsuites>