<?xml version="1.0" encoding="utf-8"?><testsuites name="pytest tests"><testsuite name="pytest" errors="0" failures="0" skipped="0" tests="20" time="9.002" timestamp="2026-03-09T07:54:58.401112+00:00" hostname="agent-env-bdf660d0-5411-4f7b-a4a0-11bf049e5b68"><testcase classname="tests.test_athlete_knowledge_base.TestKnowledgeBaseSearch" name="test_search_returns_all_schools" time="0.627" /><testcase classname="tests.test_athlete_knowledge_base.TestKnowledgeBaseSearch" name="test_filter_by_division_d1" time="0.429" /><testcase classname="tests.test_athlete_knowledge_base.TestKnowledgeBaseSearch" name="test_filter_by_state" time="0.441" /><testcase classname="tests.test_athlete_knowledge_base.TestKnowledgeBaseSearch" name="test_filter_by_conference" time="0.438" /><testcase classname="tests.test_athlete_knowledge_base.TestKnowledgeBaseSearch" name="test_text_search_stanford" time="0.444" /><testcase classname="tests.test_athlete_knowledge_base.TestKnowledgeBaseSearch" name="test_filter_by_region" time="0.464" /><testcase classname="tests.test_athlete_knowledge_base.TestKnowledgeBaseSearch" name="test_multiple_filters_combined" time="0.430" /><testcase classname="tests.test_athlete_knowledge_base.TestSchoolDetail" name="test_get_school_detail_stanford" time="0.449" /><testcase classname="tests.test_athlete_knowledge_base.TestSchoolDetail" name="test_school_not_found_404" time="0.443" /><testcase classname="tests.test_athlete_knowledge_base.TestAddToPipeline" name="test_add_school_to_pipeline" time="0.461" /><testcase classname="tests.test_athlete_knowledge_base.TestAddToPipeline" name="test_duplicate_add_returns_400" time="0.572" /><testcase classname="tests.test_athlete_knowledge_base.TestAddToPipeline" name="test_school_detail_shows_in_pipeline_after_add" time="0.534" /><testcase classname="tests.test_athlete_knowledge_base.TestKBAuthEnforcement" name="test_kb_requires_auth" time="0.112" /><testcase classname="tests.test_athlete_knowledge_base.TestKBAuthEnforcement" name="test_director_cannot_access_kb" time="0.440" /><testcase classname="tests.test_athlete_knowledge_base.TestKBAuthEnforcement" name="test_director_cannot_add_to_pipeline" time="0.440" /><testcase classname="tests.test_athlete_knowledge_base.TestKBAuthEnforcement" name="test_coach_cannot_add_to_pipeline" time="0.439" /><testcase classname="tests.test_athlete_knowledge_base.TestSearchEdgeCases" name="test_empty_search_returns_all" time="0.448" /><testcase classname="tests.test_athlete_knowledge_base.TestSearchEdgeCases" name="test_filter_d2_division" time="0.428" /><testcase classname="tests.test_athlete_knowledge_base.TestSearchEdgeCases" name="test_filter_d3_division" time="0.439" /><testcase classname="tests.test_athlete_knowledge_base.TestSearchEdgeCases" name="test_filter_naia_division" time="0.433" /></testsuite></testsuites>