<?xml version="1.0" encoding="utf-8"?><testsuites name="pytest tests"><testsuite name="pytest" errors="0" failures="0" skipped="0" tests="10" time="33.273" timestamp="2026-03-09T04:13:21.978958+00:00" hostname="agent-env-3e115f39-2641-4da6-b699-5dec1ff02d69"><testcase classname="backend.tests.test_athlete_phase_b.TestAthleteProfile" name="test_1_get_profile_mapped_fields" time="20.370" /><testcase classname="backend.tests.test_athlete_phase_b.TestAthleteProfile" name="test_2_update_profile_fields" time="0.273" /><testcase classname="backend.tests.test_athlete_phase_b.TestAthleteProfile" name="test_3_get_share_link" time="11.293" /><testcase classname="backend.tests.test_athlete_phase_b.TestPublicProfile" name="test_4_public_profile_returns_data" time="0.153" /><testcase classname="backend.tests.test_athlete_phase_b.TestPublicProfile" name="test_5_public_profile_not_found" time="0.120" /><testcase classname="backend.tests.test_athlete_phase_b.TestRolePermissions" name="test_6_director_403_on_athlete_profile" time="0.428" /><testcase classname="backend.tests.test_athlete_phase_b.TestCalendarEvents" name="test_7_list_events" time="0.105" /><testcase classname="backend.tests.test_athlete_phase_b.TestCalendarEvents" name="test_8_create_event" time="0.208" /><testcase classname="backend.tests.test_athlete_phase_b.TestRegressionDashboard" name="test_9_dashboard_loads" time="0.117" /><testcase classname="backend.tests.test_athlete_phase_b.TestRegressionDirector" name="test_10_director_mission_control" time="0.128" /></testsuite></testsuites>