<?xml version="1.0" encoding="utf-8"?><testsuites name="pytest tests"><testsuite name="pytest" errors="0" failures="0" skipped="0" tests="16" time="0.675" timestamp="2026-03-16T15:14:33.437185+00:00" hostname="agent-env-b15430fe-3055-46e8-9d8f-8c27a13b3a46"><testcase classname="backend.tests.test_unified_status.TestUnifiedStatusAPIResponse" name="test_roster_athletes_have_journey_state" time="0.594" /><testcase classname="backend.tests.test_unified_status.TestUnifiedStatusAPIResponse" name="test_roster_athletes_have_attention_status" time="0.000" /><testcase classname="backend.tests.test_unified_status.TestJourneyStateMapping" name="test_lucas_offer_received" time="0.000" /><testcase classname="backend.tests.test_unified_status.TestJourneyStateMapping" name="test_emma_visiting_schools" time="0.000" /><testcase classname="backend.tests.test_unified_status.TestJourneyStateMapping" name="test_marcus_visiting_schools" time="0.000" /><testcase classname="backend.tests.test_unified_status.TestJourneyStateMapping" name="test_olivia_visiting_schools" time="0.000" /><testcase classname="backend.tests.test_unified_status.TestJourneyStateMapping" name="test_sarah_reaching_out" time="0.000" /><testcase classname="backend.tests.test_unified_status.TestAttentionStatusPrimary" name="test_emma_primary_is_blocker" time="0.000" /><testcase classname="backend.tests.test_unified_status.TestAttentionStatusPrimary" name="test_marcus_primary_is_blocker" time="0.000" /><testcase classname="backend.tests.test_unified_status.TestAttentionStatusPrimary" name="test_lucas_primary_is_at_risk" time="0.000" /><testcase classname="backend.tests.test_unified_status.TestAttentionStatusPrimary" name="test_sarah_has_no_primary" time="0.000" /><testcase classname="backend.tests.test_unified_status.TestBlockerOutscoresFollowup" name="test_blocker_score_higher_than_followup" time="0.000" /><testcase classname="backend.tests.test_unified_status.TestSecondarySignals" name="test_emma_has_secondary_signals" time="0.000" /><testcase classname="backend.tests.test_unified_status.TestNeedingActionCount" name="test_needing_action_count_matches" time="0.000" /><testcase classname="backend.tests.test_unified_status.TestJourneyIndependentOfAttention" name="test_journey_preserved_with_issues" time="0.000" /><testcase classname="backend.tests.test_unified_status.TestAllClearSection" name="test_all_clear_athletes_have_no_primary" time="0.000" /></testsuite></testsuites>