<?xml version="1.0" encoding="utf-8"?><testsuites name="pytest tests"><testsuite name="pytest" errors="0" failures="0" skipped="0" tests="10" time="4.208" timestamp="2026-03-21T16:23:55.837954+00:00" hostname="agent-env-20eb01cb-1b6b-441c-a076-b9a05887ffc0"><testcase classname="backend.tests.test_pipeline_cards.TestPipelineAPI" name="test_athlete_programs_returns_all_schools" time="0.513" /><testcase classname="backend.tests.test_pipeline_cards.TestPipelineAPI" name="test_emory_is_overdue" time="0.472" /><testcase classname="backend.tests.test_pipeline_cards.TestPipelineAPI" name="test_programs_have_journey_rail" time="0.431" /><testcase classname="backend.tests.test_pipeline_cards.TestPipelineAPI" name="test_top_actions_endpoint" time="0.453" /><testcase classname="backend.tests.test_pipeline_cards.TestPipelineAPI" name="test_match_scores_endpoint" time="0.424" /><testcase classname="backend.tests.test_pipeline_cards.TestPipelineAPI" name="test_momentum_recap_endpoint" time="0.457" /><testcase classname="backend.tests.test_pipeline_cards.TestPipelineAPI" name="test_programs_have_signals" time="0.420" /><testcase classname="backend.tests.test_pipeline_cards.TestPipelineAPI" name="test_no_forbidden_text_in_api_response" time="0.427" /><testcase classname="backend.tests.test_pipeline_cards.TestAuthEndpoints" name="test_login_success" time="0.400" /><testcase classname="backend.tests.test_pipeline_cards.TestAuthEndpoints" name="test_login_invalid_credentials" time="0.098" /></testsuite></testsuites>