<?xml version="1.0" encoding="utf-8"?><testsuites name="pytest tests"><testsuite name="pytest" errors="0" failures="0" skipped="0" tests="21" time="4.887" timestamp="2026-03-11T21:50:27.299062+00:00" hostname="agent-env-493f93ec-b406-40c5-a1bf-d6316ed996d6"><testcase classname="backend.tests.test_support_pod_v2.TestSupportPodV2Fields" name="test_support_pod_returns_recruiting_timeline" time="0.591" /><testcase classname="backend.tests.test_support_pod_v2.TestSupportPodV2Fields" name="test_recruiting_timeline_milestone_types" time="0.144" /><testcase classname="backend.tests.test_support_pod_v2.TestSupportPodV2Fields" name="test_support_pod_returns_recruiting_signals" time="0.219" /><testcase classname="backend.tests.test_support_pod_v2.TestSupportPodV2Fields" name="test_recruiting_signals_structure" time="0.113" /><testcase classname="backend.tests.test_support_pod_v2.TestSupportPodV2Fields" name="test_support_pod_returns_intervention_playbook" time="0.157" /><testcase classname="backend.tests.test_support_pod_v2.TestSupportPodV2Fields" name="test_playbook_steps_structure" time="0.132" /><testcase classname="backend.tests.test_support_pod_v2.TestSupportPodV2Fields" name="test_playbook_matches_active_intervention" time="0.120" /><testcase classname="backend.tests.test_support_pod_v2.TestActiveIssueBanner" name="test_active_intervention_has_recommended_action" time="0.111" /><testcase classname="backend.tests.test_support_pod_v2.TestActiveIssueBanner" name="test_active_intervention_has_why_and_what_changed" time="0.175" /><testcase classname="backend.tests.test_support_pod_v2.TestActiveIssueBanner" name="test_active_intervention_has_urgency_score" time="0.136" /><testcase classname="backend.tests.test_support_pod_v2.TestAthleteSnapshot" name="test_athlete_has_recruiting_stage" time="0.152" /><testcase classname="backend.tests.test_support_pod_v2.TestAthleteSnapshot" name="test_athlete_has_coach_engagement_fields" time="0.180" /><testcase classname="backend.tests.test_support_pod_v2.TestPodMembers" name="test_pod_members_structure" time="0.122" /><testcase classname="backend.tests.test_support_pod_v2.TestPodMembers" name="test_pod_members_have_primary_flag" time="1.487" /><testcase classname="backend.tests.test_support_pod_v2.TestNextActions" name="test_actions_have_required_fields" time="0.196" /><testcase classname="backend.tests.test_support_pod_v2.TestTreatmentHistory" name="test_timeline_structure" time="0.144" /><testcase classname="backend.tests.test_support_pod_v2.TestDirectorActions" name="test_director_actions_endpoint" time="0.117" /><testcase classname="backend.tests.test_support_pod_v2.TestDirectorActions" name="test_director_actions_acknowledge" time="0.112" /><testcase classname="backend.tests.test_support_pod_v2.TestDirectorActions" name="test_director_actions_resolve" time="0.137" /><testcase classname="backend.tests.test_support_pod_v2.TestResolveIssueEndpoint" name="test_resolve_issue_endpoint" time="0.116" /><testcase classname="backend.tests.test_support_pod_v2.TestNotesEndpoint" name="test_create_note" time="0.131" /></testsuite></testsuites>