<?xml version="1.0" encoding="utf-8"?><testsuites name="pytest tests"><testsuite name="pytest" errors="0" failures="0" skipped="0" tests="28" time="4.892" timestamp="2026-03-15T03:55:29.057883+00:00" hostname="agent-env-51e50a6b-65cc-4aa5-8fa5-929ad00c7182"><testcase classname="backend.tests.test_roster_team_athlete.TestCreateTeam" name="test_create_team_returns_200_or_201" time="0.518" /><testcase classname="backend.tests.test_roster_team_athlete.TestCreateTeam" name="test_create_team_returns_team_data" time="0.106" /><testcase classname="backend.tests.test_roster_team_athlete.TestCreateTeam" name="test_create_team_without_name_fails" time="0.107" /><testcase classname="backend.tests.test_roster_team_athlete.TestCreateTeam" name="test_create_team_with_coach_assignment" time="0.209" /><testcase classname="backend.tests.test_roster_team_athlete.TestCreateTeam" name="test_coach_cannot_create_team" time="0.502" /><testcase classname="backend.tests.test_roster_team_athlete.TestSearchAthletes" name="test_search_athletes_returns_200" time="0.131" /><testcase classname="backend.tests.test_roster_team_athlete.TestSearchAthletes" name="test_search_athletes_returns_array" time="0.100" /><testcase classname="backend.tests.test_roster_team_athlete.TestSearchAthletes" name="test_search_athletes_has_expected_fields" time="0.108" /><testcase classname="backend.tests.test_roster_team_athlete.TestSearchAthletes" name="test_search_with_short_query_returns_empty" time="0.149" /><testcase classname="backend.tests.test_roster_team_athlete.TestSearchAthletes" name="test_search_nonexistent_athlete_returns_empty" time="0.110" /><testcase classname="backend.tests.test_roster_team_athlete.TestSearchAthletes" name="test_coach_cannot_search_athletes" time="0.112" /><testcase classname="backend.tests.test_roster_team_athlete.TestAddAthleteToTeam" name="test_add_athlete_without_athlete_id_fails" time="0.100" /><testcase classname="backend.tests.test_roster_team_athlete.TestAddAthleteToTeam" name="test_add_nonexistent_athlete_fails" time="0.102" /><testcase classname="backend.tests.test_roster_team_athlete.TestAddAthleteToTeam" name="test_add_athlete_to_team_works" time="0.384" /><testcase classname="backend.tests.test_roster_team_athlete.TestInviteAthleteToTeam" name="test_invite_without_email_fails" time="0.109" /><testcase classname="backend.tests.test_roster_team_athlete.TestInviteAthleteToTeam" name="test_invite_without_name_fails" time="0.103" /><testcase classname="backend.tests.test_roster_team_athlete.TestInviteAthleteToTeam" name="test_invite_new_athlete_works" time="0.456" /><testcase classname="backend.tests.test_roster_team_athlete.TestInviteAthleteToTeam" name="test_invite_existing_user_moves_to_team" time="0.195" /><testcase classname="backend.tests.test_roster_team_athlete.TestInviteAthleteToTeam" name="test_coach_cannot_invite_athletes" time="0.126" /><testcase classname="backend.tests.test_roster_team_athlete.TestListTeams" name="test_list_teams_returns_200" time="0.127" /><testcase classname="backend.tests.test_roster_team_athlete.TestListTeams" name="test_list_teams_returns_array" time="0.099" /><testcase classname="backend.tests.test_roster_team_athlete.TestListTeams" name="test_list_teams_has_expected_fields" time="0.161" /><testcase classname="backend.tests.test_roster_team_athlete.TestRosterEndpoint" name="test_roster_returns_200" time="0.104" /><testcase classname="backend.tests.test_roster_team_athlete.TestRosterEndpoint" name="test_roster_has_team_groups" time="0.114" /><testcase classname="backend.tests.test_roster_team_athlete.TestRosterEndpoint" name="test_roster_athletes_have_photo_url" time="0.105" /><testcase classname="backend.tests.test_roster_team_athlete.TestCoachesEndpoint" name="test_list_coaches_returns_200" time="0.112" /><testcase classname="backend.tests.test_roster_team_athlete.TestCoachesEndpoint" name="test_list_coaches_returns_array" time="0.107" /><testcase classname="backend.tests.test_roster_team_athlete.TestCoachesEndpoint" name="test_coaches_have_expected_fields" time="0.133" /></testsuite></testsuites>