<?xml version="1.0" encoding="utf-8"?><testsuites name="pytest tests"><testsuite name="pytest" errors="0" failures="0" skipped="0" tests="12" time="2.762" timestamp="2026-03-10T03:34:12.428207+00:00" hostname="agent-env-95604355-20ac-4a8f-8e83-14bf4e7f278e"><testcase classname="backend.tests.test_unmocked_features.TestSchoolSocialLinks" name="test_program_list_returns_social_links" time="0.475" /><testcase classname="backend.tests.test_unmocked_features.TestSchoolSocialLinks" name="test_stanford_program_has_social_links" time="0.120" /><testcase classname="backend.tests.test_unmocked_features.TestCoachWatchAlert" name="test_coach_watch_alert_stanford" time="0.117" /><testcase classname="backend.tests.test_unmocked_features.TestCoachWatchAlert" name="test_coach_watch_alert_byu" time="0.123" /><testcase classname="backend.tests.test_unmocked_features.TestCoachWatchAlert" name="test_coach_watch_alerts_list" time="0.106" /><testcase classname="backend.tests.test_unmocked_features.TestStripeCheckout" name="test_create_checkout_session_pro" time="0.491" /><testcase classname="backend.tests.test_unmocked_features.TestStripeCheckout" name="test_create_checkout_session_premium" time="0.491" /><testcase classname="backend.tests.test_unmocked_features.TestStripeCheckout" name="test_create_checkout_session_invalid_tier" time="0.107" /><testcase classname="backend.tests.test_unmocked_features.TestStripeCheckout" name="test_checkout_status_invalid_session" time="0.332" /><testcase classname="backend.tests.test_unmocked_features.TestJourneyFeatures" name="test_match_scores_endpoint" time="0.121" /><testcase classname="backend.tests.test_unmocked_features.TestJourneyFeatures" name="test_program_engagement" time="0.116" /><testcase classname="backend.tests.test_unmocked_features.TestJourneyFeatures" name="test_program_journey_timeline" time="0.107" /></testsuite></testsuites>