<?xml version="1.0" encoding="utf-8"?><testsuites name="pytest tests"><testsuite name="pytest" errors="0" failures="0" skipped="1" tests="18" time="4.894" timestamp="2026-03-27T12:04:45.567266+00:00" hostname="agent-env-b401cab8-2852-4fc7-97b6-3ad06cfbbd70"><testcase classname="backend.tests.test_sprint3_stage_consolidation.TestPipelineStageFieldPresence" name="test_list_programs_returns_pipeline_stage" time="0.715" /><testcase classname="backend.tests.test_sprint3_stage_consolidation.TestPipelineStageFieldPresence" name="test_single_program_returns_pipeline_stage" time="0.247" /><testcase classname="backend.tests.test_sprint3_stage_consolidation.TestPipelineStageFieldPresence" name="test_dashboard_programs_have_pipeline_stage" time="0.127" /><testcase classname="backend.tests.test_sprint3_stage_consolidation.TestBoardGroupDerivation" name="test_programs_have_board_group" time="0.184" /><testcase classname="backend.tests.test_sprint3_stage_consolidation.TestBoardGroupDerivation" name="test_board_group_derivation_order" time="0.126" /><testcase classname="backend.tests.test_sprint3_stage_consolidation.TestJourneyRailConsistency" name="test_journey_rail_active_matches_pipeline_stage" time="0.183" /><testcase classname="backend.tests.test_sprint3_stage_consolidation.TestJourneyRailConsistency" name="test_journey_rail_has_required_fields" time="0.126" /><testcase classname="backend.tests.test_sprint3_stage_consolidation.TestNoDownwardContradiction" name="test_no_downward_contradiction_for_all_programs" time="0.123" /><testcase classname="backend.tests.test_sprint3_stage_consolidation.TestStageLocking" name="test_locked_stages_equal_base_stage" time="0.161" /><testcase classname="backend.tests.test_sprint3_stage_consolidation.TestSignalUpgrades" name="test_outreach_signal_upgrade" time="0.128" /><testcase classname="backend.tests.test_sprint3_stage_consolidation.TestSignalUpgrades" name="test_coach_reply_signal_upgrade" time="0.140" /><testcase classname="backend.tests.test_sprint3_stage_consolidation.TestRecruitingStatusNormalization" name="test_update_program_normalizes_recruiting_status" time="0.361" /><testcase classname="backend.tests.test_sprint3_stage_consolidation.TestJourneyStageWritesBlocked" name="test_update_program_strips_journey_stage" time="0.262" /><testcase classname="backend.tests.test_sprint3_stage_consolidation.TestInteractionAutoCorrection" name="test_create_interaction_triggers_auto_correction" time="0.947" /><testcase classname="backend.tests.test_sprint3_stage_consolidation.TestDeterminism" name="test_consecutive_calls_return_identical_results" time="0.247" /><testcase classname="backend.tests.test_sprint3_stage_consolidation.TestConnectedExperience" name="test_connected_pipeline_returns_stage_data" time="0.460"><skipped type="pytest.skip" message="Could not get roster">/app/backend/tests/test_sprint3_stage_consolidation.py:531: Could not get roster</skipped></testcase><testcase classname="backend.tests.test_sprint3_stage_consolidation.TestAttentionEngineUsesPipelineStage" name="test_programs_have_attention_with_stage_weight" time="0.125" /><testcase classname="backend.tests.test_sprint3_stage_consolidation.TestGroupedProgramsEndpoint" name="test_grouped_endpoint_returns_correct_groups" time="0.142" /></testsuite></testsuites>