<?xml version="1.0" encoding="utf-8"?><testsuites name="pytest tests"><testsuite name="pytest" errors="0" failures="0" skipped="0" tests="19" time="2.809" timestamp="2026-03-06T19:00:28.328672+00:00" hostname="agent-env-76869b8d-69e5-420d-b628-90d83a0089f6"><testcase classname="tests.test_decision_engine.TestDebugInterventions" name="test_all_six_categories_represented" time="0.189" /><testcase classname="tests.test_decision_engine.TestDebugInterventions" name="test_momentum_drop_not_dominant" time="0.128" /><testcase classname="tests.test_decision_engine.TestDebugInterventions" name="test_ownership_gap_has_interventions" time="0.148" /><testcase classname="tests.test_decision_engine.TestDebugInterventions" name="test_interventions_have_explainability_fields" time="0.168" /><testcase classname="tests.test_decision_engine.TestDebugInterventions" name="test_intervention_distribution_balanced" time="0.166" /><testcase classname="tests.test_decision_engine.TestMissionControl" name="test_mission_control_returns_all_sections" time="0.112" /><testcase classname="tests.test_decision_engine.TestMissionControl" name="test_priority_alerts_count" time="0.161" /><testcase classname="tests.test_decision_engine.TestMissionControl" name="test_priority_alerts_have_explainability_fields" time="0.160" /><testcase classname="tests.test_decision_engine.TestMissionControl" name="test_athletes_needing_attention_count" time="0.127" /><testcase classname="tests.test_decision_engine.TestMissionControl" name="test_athletes_attention_have_diverse_categories" time="0.115" /><testcase classname="tests.test_decision_engine.TestMissionControl" name="test_athletes_attention_have_required_fields" time="0.119" /><testcase classname="tests.test_decision_engine.TestAthletes" name="test_athletes_returns_25" time="0.149" /><testcase classname="tests.test_decision_engine.TestAthletes" name="test_athletes_have_required_fields" time="0.122" /><testcase classname="tests.test_decision_engine.TestAthletes" name="test_athletes_have_valid_grad_years" time="0.108" /><testcase classname="tests.test_decision_engine.TestUpcomingEvents" name="test_upcoming_events_exist" time="0.127" /><testcase classname="tests.test_decision_engine.TestUpcomingEvents" name="test_events_have_required_fields" time="0.160" /><testcase classname="tests.test_decision_engine.TestMomentumSignals" name="test_momentum_signals_exist" time="0.116" /><testcase classname="tests.test_decision_engine.TestMomentumSignals" name="test_signals_have_required_fields" time="0.117" /><testcase classname="tests.test_decision_engine.TestHealthEndpoints" name="test_api_root" time="0.121" /></testsuite></testsuites>