<?xml version="1.0" encoding="utf-8"?><testsuites name="pytest tests"><testsuite name="pytest" errors="0" failures="0" skipped="0" tests="27" time="7.889" timestamp="2026-03-24T12:53:26.241874+00:00" hostname="agent-env-6e78ad02-33a0-4b71-90e5-4bb6c0b250f4"><testcase classname="backend.tests.test_club_plans.TestListPlans" name="test_list_all_plans_returns_5_plans" time="0.649" /><testcase classname="backend.tests.test_club_plans.TestListPlans" name="test_plans_have_required_fields" time="0.118" /><testcase classname="backend.tests.test_club_plans.TestListPlans" name="test_starter_plan_pricing" time="0.121" /><testcase classname="backend.tests.test_club_plans.TestListPlans" name="test_growth_plan_pricing" time="0.201" /><testcase classname="backend.tests.test_club_plans.TestListPlans" name="test_club_pro_plan_pricing" time="0.124" /><testcase classname="backend.tests.test_club_plans.TestListPlans" name="test_elite_plan_pricing" time="0.136" /><testcase classname="backend.tests.test_club_plans.TestListPlans" name="test_enterprise_plan_custom_pricing" time="0.114" /><testcase classname="backend.tests.test_club_plans.TestCurrentPlan" name="test_get_current_plan_returns_plan_info" time="0.447" /><testcase classname="backend.tests.test_club_plans.TestCurrentPlan" name="test_current_plan_has_usage_counts" time="0.149" /><testcase classname="backend.tests.test_club_plans.TestCurrentPlan" name="test_coach_can_get_current_plan" time="0.516" /><testcase classname="backend.tests.test_club_plans.TestEntitlements" name="test_get_entitlements_returns_plan_info" time="0.488" /><testcase classname="backend.tests.test_club_plans.TestEntitlements" name="test_entitlements_have_allowed_and_access_fields" time="0.106" /><testcase classname="backend.tests.test_club_plans.TestCheckFeature" name="test_check_director_inbox_returns_access_info" time="0.468" /><testcase classname="backend.tests.test_club_plans.TestCheckFeature" name="test_check_unknown_feature_returns_allowed" time="0.113" /><testcase classname="backend.tests.test_club_plans.TestCheckFeature" name="test_check_mission_control_kpis_always_allowed" time="0.110" /><testcase classname="backend.tests.test_club_plans.TestSetPlan" name="test_director_can_set_plan_to_starter" time="0.536" /><testcase classname="backend.tests.test_club_plans.TestSetPlan" name="test_director_can_set_plan_to_growth" time="0.128" /><testcase classname="backend.tests.test_club_plans.TestSetPlan" name="test_director_can_set_plan_to_club_pro" time="0.118" /><testcase classname="backend.tests.test_club_plans.TestSetPlan" name="test_coach_cannot_set_plan" time="0.452" /><testcase classname="backend.tests.test_club_plans.TestSetPlan" name="test_invalid_plan_id_returns_400" time="0.122" /><testcase classname="backend.tests.test_club_plans.TestFeatureGating" name="test_starter_blocks_director_inbox" time="0.556" /><testcase classname="backend.tests.test_club_plans.TestFeatureGating" name="test_growth_allows_director_inbox" time="0.223" /><testcase classname="backend.tests.test_club_plans.TestFeatureGating" name="test_starter_blocks_ai_email_draft" time="0.240" /><testcase classname="backend.tests.test_club_plans.TestFeatureGating" name="test_club_pro_gives_50_limit_ai_email_draft" time="0.233" /><testcase classname="backend.tests.test_club_plans.TestFeatureGating" name="test_elite_gives_unlimited_ai_email_draft" time="0.240" /><testcase classname="backend.tests.test_club_plans.TestFeatureGating" name="test_plan_change_reflects_in_entitlements" time="0.624" /><testcase classname="backend.tests.test_club_plans.TestCleanup" name="test_reset_plan_to_club_pro" time="0.446" /></testsuite></testsuites>