<?xml version="1.0" encoding="utf-8"?><testsuites name="pytest tests"><testsuite name="pytest" errors="0" failures="0" skipped="2" tests="23" time="37.013" timestamp="2026-03-16T21:52:02.866639+00:00" hostname="agent-env-df203bc8-628b-426b-b8c6-a64d2c66697c"><testcase classname="backend.tests.test_director_actions.TestCreateDirectorAction" name="test_create_review_request_as_director" time="20.206" /><testcase classname="backend.tests.test_director_actions.TestCreateDirectorAction" name="test_create_escalation_with_risk_level" time="0.231" /><testcase classname="backend.tests.test_director_actions.TestCreateDirectorAction" name="test_coach_cannot_create_action" time="11.726" /><testcase classname="backend.tests.test_director_actions.TestCreateDirectorAction" name="test_athlete_cannot_create_action" time="0.365"><skipped type="pytest.skip" message="Athlete login failed: 401 - {&quot;detail&quot;:&quot;Invalid credentials&quot;}">/app/backend/tests/test_director_actions.py:128: Athlete login failed: 401 - {"detail":"Invalid credentials"}</skipped></testcase><testcase classname="backend.tests.test_director_actions.TestCreateDirectorAction" name="test_invalid_type_rejected" time="0.152" /><testcase classname="backend.tests.test_director_actions.TestCreateDirectorAction" name="test_invalid_reason_rejected" time="0.140" /><testcase classname="backend.tests.test_director_actions.TestCreateDirectorAction" name="test_escalation_requires_risk_level" time="0.117" /><testcase classname="backend.tests.test_director_actions.TestCreateDirectorAction" name="test_invalid_risk_level_rejected" time="0.118" /><testcase classname="backend.tests.test_director_actions.TestListDirectorActions" name="test_director_gets_all_org_actions" time="0.124" /><testcase classname="backend.tests.test_director_actions.TestListDirectorActions" name="test_coach_only_sees_assigned_actions" time="0.200" /><testcase classname="backend.tests.test_director_actions.TestListDirectorActions" name="test_filter_by_status" time="0.141" /><testcase classname="backend.tests.test_director_actions.TestListDirectorActions" name="test_athlete_cannot_list_actions" time="0.000"><skipped type="pytest.skip" message="Athlete login failed: 401 - {&quot;detail&quot;:&quot;Invalid credentials&quot;}">/app/backend/tests/test_director_actions.py:258: Athlete login failed: 401 - {"detail":"Invalid credentials"}</skipped></testcase><testcase classname="backend.tests.test_director_actions.TestAthleteActions" name="test_get_actions_for_athlete" time="0.116" /><testcase classname="backend.tests.test_director_actions.TestAthleteActions" name="test_coach_sees_only_assigned_for_athlete" time="0.446" /><testcase classname="backend.tests.test_director_actions.TestAcknowledgeAction" name="test_acknowledge_open_action" time="0.283" /><testcase classname="backend.tests.test_director_actions.TestAcknowledgeAction" name="test_cannot_acknowledge_already_acknowledged" time="0.352" /><testcase classname="backend.tests.test_director_actions.TestAcknowledgeAction" name="test_coach_cannot_acknowledge_other_coach_action" time="0.235" /><testcase classname="backend.tests.test_director_actions.TestResolveAction" name="test_resolve_acknowledged_action" time="0.433" /><testcase classname="backend.tests.test_director_actions.TestResolveAction" name="test_resolve_open_action_directly" time="0.261" /><testcase classname="backend.tests.test_director_actions.TestResolveAction" name="test_cannot_resolve_already_resolved" time="0.411" /><testcase classname="backend.tests.test_director_actions.TestResolveAction" name="test_coach_cannot_resolve_other_coach_action" time="0.223" /><testcase classname="backend.tests.test_director_actions.TestDataPersistence" name="test_action_has_all_fields" time="0.235" /><testcase classname="backend.tests.test_director_actions.TestDataPersistence" name="test_resolve_note_persisted" time="0.403" /></testsuite></testsuites>