<?xml version="1.0" encoding="utf-8"?><testsuites name="pytest tests"><testsuite name="pytest" errors="0" failures="0" skipped="0" tests="8" time="2.559" timestamp="2026-03-12T13:16:28.664900+00:00" hostname="agent-env-d66ec64a-eefc-4fbd-9db3-6e8ef5937bd2"><testcase classname="backend.tests.test_resolve_action.TestResolveActionEndpoint" name="test_list_actions_has_source_field" time="0.575" /><testcase classname="backend.tests.test_resolve_action.TestResolveActionEndpoint" name="test_resolve_requires_note" time="0.224" /><testcase classname="backend.tests.test_resolve_action.TestResolveActionEndpoint" name="test_resolve_with_full_data" time="0.402" /><testcase classname="backend.tests.test_resolve_action.TestResolveActionEndpoint" name="test_resolve_already_resolved_returns_400" time="0.311" /><testcase classname="backend.tests.test_resolve_action.TestResolveActionEndpoint" name="test_resolve_adds_to_timeline" time="0.352" /><testcase classname="backend.tests.test_resolve_action.TestResolveActionEndpoint" name="test_resolve_without_follow_up" time="0.388" /><testcase classname="backend.tests.test_resolve_action.TestActionDisplayFix" name="test_coach_escalations_have_coach_name" time="0.123" /><testcase classname="backend.tests.test_resolve_action.TestActionDisplayFix" name="test_director_actions_have_director_name" time="0.112" /></testsuite></testsuites>