<?xml version="1.0" encoding="utf-8"?><testsuites name="pytest tests"><testsuite name="pytest" errors="0" failures="0" skipped="0" tests="12" time="4.702" timestamp="2026-03-07T19:35:07.953975+00:00" hostname="agent-env-c12740c7-bfda-4ef5-b927-8d93ed590d9e"><testcase classname="backend.tests.test_forgot_password.TestForgotPasswordEndpoint" name="test_forgot_password_existing_email_returns_generic_message" time="0.514" /><testcase classname="backend.tests.test_forgot_password.TestForgotPasswordEndpoint" name="test_forgot_password_nonexistent_email_returns_same_message" time="0.174" /><testcase classname="backend.tests.test_forgot_password.TestForgotPasswordEndpoint" name="test_forgot_password_empty_email_returns_generic" time="0.111" /><testcase classname="backend.tests.test_forgot_password.TestForgotPasswordEndpoint" name="test_forgot_password_stores_hashed_token_not_raw" time="0.415" /><testcase classname="backend.tests.test_forgot_password.TestForgotPasswordEndpoint" name="test_forgot_password_invalidates_older_tokens" time="0.512" /><testcase classname="backend.tests.test_forgot_password.TestResetPasswordEndpoint" name="test_reset_password_with_valid_token" time="0.646" /><testcase classname="backend.tests.test_forgot_password.TestResetPasswordEndpoint" name="test_reset_password_rejects_used_token" time="0.104" /><testcase classname="backend.tests.test_forgot_password.TestResetPasswordEndpoint" name="test_reset_password_rejects_expired_token" time="0.111" /><testcase classname="backend.tests.test_forgot_password.TestResetPasswordEndpoint" name="test_reset_password_rejects_invalid_token" time="0.114" /><testcase classname="backend.tests.test_forgot_password.TestResetPasswordEndpoint" name="test_reset_password_requires_min_6_chars" time="0.174" /><testcase classname="backend.tests.test_forgot_password.TestResetPasswordEndpoint" name="test_reset_password_requires_token_and_password" time="0.246" /><testcase classname="backend.tests.test_forgot_password.TestLoginAfterPasswordReset" name="test_login_works_after_password_reset" time="1.423" /></testsuite></testsuites>