<?xml version="1.0" encoding="utf-8"?><testsuites name="pytest tests"><testsuite name="pytest" errors="0" failures="0" skipped="0" tests="28" time="6.776" timestamp="2026-03-10T04:02:12.661984+00:00" hostname="agent-env-3ca84091-d0ae-4cd2-aa26-f2aadfd6e8b6"><testcase classname="backend.tests.test_athlete_settings.TestSettingsEndpoints" name="test_get_settings_returns_200" time="0.559" /><testcase classname="backend.tests.test_athlete_settings.TestSettingsEndpoints" name="test_get_settings_has_name_and_email" time="0.143" /><testcase classname="backend.tests.test_athlete_settings.TestSettingsEndpoints" name="test_get_settings_has_preferences" time="0.147" /><testcase classname="backend.tests.test_athlete_settings.TestSettingsEndpoints" name="test_get_settings_unauthorized" time="0.113" /><testcase classname="backend.tests.test_athlete_settings.TestSettingsEndpoints" name="test_put_settings_name_update" time="0.594" /><testcase classname="backend.tests.test_athlete_settings.TestSettingsEndpoints" name="test_put_settings_theme_update" time="0.477" /><testcase classname="backend.tests.test_athlete_settings.TestSettingsEndpoints" name="test_put_settings_toggle_notifications" time="0.455" /><testcase classname="backend.tests.test_athlete_settings.TestPasswordChange" name="test_change_password_validation_empty" time="0.112" /><testcase classname="backend.tests.test_athlete_settings.TestPasswordChange" name="test_change_password_validation_short" time="0.116" /><testcase classname="backend.tests.test_athlete_settings.TestPasswordChange" name="test_change_password_wrong_current" time="0.333" /><testcase classname="backend.tests.test_athlete_settings.TestPasswordChange" name="test_change_password_correct_flow" time="1.469" /><testcase classname="backend.tests.test_athlete_settings.TestExportData" name="test_export_data_returns_200" time="0.144" /><testcase classname="backend.tests.test_athlete_settings.TestExportData" name="test_export_data_has_required_fields" time="0.111" /><testcase classname="backend.tests.test_athlete_settings.TestExportData" name="test_export_data_unauthorized" time="0.110" /><testcase classname="backend.tests.test_athlete_settings.TestDeleteAccount" name="test_delete_account_requires_confirmation" time="0.140" /><testcase classname="backend.tests.test_athlete_settings.TestDeleteAccount" name="test_delete_account_wrong_confirmation" time="0.136" /><testcase classname="backend.tests.test_athlete_settings.TestDeleteAccount" name="test_delete_account_unauthorized" time="0.110" /><testcase classname="backend.tests.test_athlete_settings.TestGmailStatus" name="test_gmail_status_returns_200" time="0.124" /><testcase classname="backend.tests.test_athlete_settings.TestGmailStatus" name="test_gmail_status_has_connected_field" time="0.115" /><testcase classname="backend.tests.test_athlete_settings.TestGmailConnect" name="test_gmail_connect_returns_auth_url" time="0.140" /><testcase classname="backend.tests.test_athlete_settings.TestGmailConnect" name="test_gmail_connect_unauthorized" time="0.115" /><testcase classname="backend.tests.test_athlete_settings.TestGmailDisconnect" name="test_gmail_disconnect_unauthorized" time="0.116" /><testcase classname="backend.tests.test_athlete_settings.TestGmailDisconnect" name="test_gmail_disconnect_returns_ok" time="0.124" /><testcase classname="backend.tests.test_athlete_settings.TestGmailImportHistory" name="test_import_start_requires_gmail" time="0.111" /><testcase classname="backend.tests.test_athlete_settings.TestGmailImportHistory" name="test_import_status_invalid_run_id" time="0.119" /><testcase classname="backend.tests.test_athlete_settings.TestGmailImportHistory" name="test_import_confirm_invalid_run_id" time="0.106" /><testcase classname="backend.tests.test_athlete_settings.TestGmailSend" name="test_send_email_unauthorized" time="0.117" /><testcase classname="backend.tests.test_athlete_settings.TestGmailSend" name="test_send_email_logs_without_gmail" time="0.235" /></testsuite></testsuites>