<?xml version="1.0" encoding="utf-8"?><testsuites name="pytest tests"><testsuite name="pytest" errors="0" failures="0" skipped="0" tests="13" time="2.553" timestamp="2026-03-09T11:35:27.523593+00:00" hostname="agent-env-bdf660d0-5411-4f7b-a4a0-11bf049e5b68"><testcase classname="tests.test_athlete_onboarding.TestOnboardingStatus" name="test_onboarding_status_returns_false_for_sarah" time="0.538" /><testcase classname="tests.test_athlete_onboarding.TestOnboardingStatus" name="test_onboarding_status_requires_auth" time="0.104" /><testcase classname="tests.test_athlete_onboarding.TestOnboardingStatus" name="test_onboarding_status_forbidden_for_director" time="0.526" /><testcase classname="tests.test_athlete_onboarding.TestSaveRecruitingProfile" name="test_save_recruiting_profile_success" time="0.115" /><testcase classname="tests.test_athlete_onboarding.TestSaveRecruitingProfile" name="test_onboarding_status_returns_true_after_save" time="0.117" /><testcase classname="tests.test_athlete_onboarding.TestSaveRecruitingProfile" name="test_save_recruiting_profile_requires_auth" time="0.420" /><testcase classname="tests.test_athlete_onboarding.TestSaveRecruitingProfile" name="test_save_recruiting_profile_forbidden_for_director" time="0.139" /><testcase classname="tests.test_athlete_onboarding.TestSuggestedSchools" name="test_suggested_schools_returns_matches" time="0.104" /><testcase classname="tests.test_athlete_onboarding.TestSuggestedSchools" name="test_suggested_schools_respects_limit" time="0.108" /><testcase classname="tests.test_athlete_onboarding.TestSuggestedSchools" name="test_suggested_schools_ordered_by_score" time="0.102" /><testcase classname="tests.test_athlete_onboarding.TestSuggestedSchools" name="test_suggested_schools_requires_auth" time="0.101" /><testcase classname="tests.test_athlete_onboarding.TestSuggestedSchools" name="test_suggested_schools_forbidden_for_director" time="0.108" /><testcase classname="tests.test_athlete_onboarding.TestCleanup" name="test_reset_sarah_recruiting_profile" time="0.000" /></testsuite></testsuites>