<?xml version="1.0" encoding="utf-8"?><testsuites name="pytest tests"><testsuite name="pytest" errors="0" failures="0" skipped="0" tests="16" time="7.688" timestamp="2026-03-18T01:18:53.805361+00:00" hostname="agent-env-550b5cf1-2c6a-45a0-be01-f3f03abe3c05"><testcase classname="backend.tests.test_pipeline_hero.TestPipelineHeroBackend" name="test_top_actions_endpoint_returns_200" time="0.622" /><testcase classname="backend.tests.test_pipeline_hero.TestPipelineHeroBackend" name="test_top_actions_returns_all_active_programs" time="0.521" /><testcase classname="backend.tests.test_pipeline_hero.TestPipelineHeroBackend" name="test_top_actions_category_classification" time="0.551" /><testcase classname="backend.tests.test_pipeline_hero.TestPipelineHeroBackend" name="test_urgent_category_has_higher_priority_than_momentum" time="0.524" /><testcase classname="backend.tests.test_pipeline_hero.TestPipelineHeroBackend" name="test_on_track_has_lowest_priority" time="0.539" /><testcase classname="backend.tests.test_pipeline_hero.TestPipelineHeroBackend" name="test_owner_field_values" time="0.511" /><testcase classname="backend.tests.test_pipeline_hero.TestPipelineHeroBackend" name="test_athlete_programs_endpoint" time="0.540" /><testcase classname="backend.tests.test_pipeline_hero.TestPipelineHeroBackend" name="test_match_scores_endpoint" time="0.583" /><testcase classname="backend.tests.test_pipeline_hero.TestPipelineHeroBackend" name="test_batch_metrics_endpoint" time="0.654" /><testcase classname="backend.tests.test_pipeline_hero.TestPipelineHeroBackend" name="test_top_actions_sorted_by_priority" time="0.585" /><testcase classname="backend.tests.test_pipeline_hero.TestPipelineHeroCategories" name="test_coach_flag_is_urgent" time="0.541" /><testcase classname="backend.tests.test_pipeline_hero.TestPipelineHeroCategories" name="test_cooling_off_is_momentum" time="0.506" /><testcase classname="backend.tests.test_pipeline_hero.TestPipelineHeroCategories" name="test_no_action_needed_is_on_track" time="0.498" /><testcase classname="backend.tests.test_pipeline_hero.TestPipelineHeroAuth" name="test_top_actions_requires_auth" time="0.163" /><testcase classname="backend.tests.test_pipeline_hero.TestPipelineHeroAuth" name="test_athlete_programs_requires_auth" time="0.129" /><testcase classname="backend.tests.test_pipeline_hero.TestPipelineHeroAuth" name="test_match_scores_requires_auth" time="0.142" /></testsuite></testsuites>