<?xml version="1.0" encoding="utf-8"?><testsuites name="pytest tests"><testsuite name="pytest" errors="0" failures="0" skipped="0" tests="30" time="1.430" timestamp="2026-03-21T14:52:59.669563+00:00" hostname="agent-env-20eb01cb-1b6b-441c-a076-b9a05887ffc0"><testcase classname="backend.tests.test_recap_page.TestMomentumRecapAPI" name="test_momentum_recap_returns_200" time="0.556" /><testcase classname="backend.tests.test_recap_page.TestMomentumRecapAPI" name="test_recap_hero_names_specific_school" time="0.121" /><testcase classname="backend.tests.test_recap_page.TestMomentumRecapAPI" name="test_momentum_recap_has_period_label" time="0.000" /><testcase classname="backend.tests.test_recap_page.TestMomentumRecapAPI" name="test_biggest_shift_conversational_format" time="0.000" /><testcase classname="backend.tests.test_recap_page.TestMomentumRecapAPI" name="test_momentum_recap_has_ai_insights_array" time="0.000" /><testcase classname="backend.tests.test_recap_page.TestMomentumRecapAPI" name="test_momentum_recap_has_top_priority_program_id" time="0.000" /><testcase classname="backend.tests.test_recap_page.TestMomentumRecapAPI" name="test_momentum_recap_has_momentum_structure" time="0.000" /><testcase classname="backend.tests.test_recap_page.TestMomentumRecapAPI" name="test_momentum_item_has_action_guidance" time="0.000" /><testcase classname="backend.tests.test_recap_page.TestMomentumRecapAPI" name="test_momentum_action_guidance_varies" time="0.000" /><testcase classname="backend.tests.test_recap_page.TestMomentumRecapAPI" name="test_momentum_item_has_required_fields" time="0.000" /><testcase classname="backend.tests.test_recap_page.TestMomentumRecapAPI" name="test_momentum_recap_has_priorities" time="0.000" /><testcase classname="backend.tests.test_recap_page.TestMomentumRecapAPI" name="test_priority_item_has_required_fields" time="0.000" /><testcase classname="backend.tests.test_recap_page.TestMomentumRecapAPI" name="test_top_priority_has_urgency_note" time="0.000" /><testcase classname="backend.tests.test_recap_page.TestMomentumRecapAPI" name="test_top_priority_reason_has_timeframe" time="0.000" /><testcase classname="backend.tests.test_recap_page.TestMomentumRecapAPI" name="test_secondary_actions_use_different_phrasing" time="0.000" /><testcase classname="backend.tests.test_recap_page.TestMomentumRecapAPI" name="test_top_priority_action_no_with_prefix" time="0.000" /><testcase classname="backend.tests.test_recap_page.TestMomentumRecapAPI" name="test_secondary_reasons_no_redundant_prefix" time="0.000" /><testcase classname="backend.tests.test_recap_page.TestMomentumRecapAPI" name="test_ai_insights_contextual_florida" time="0.000" /><testcase classname="backend.tests.test_recap_page.TestMomentumRecapAPI" name="test_ai_insights_contextual_ucla" time="0.000" /><testcase classname="backend.tests.test_recap_page.TestMomentumRecapAPI" name="test_momentum_recap_has_ai_summary" time="0.000" /><testcase classname="backend.tests.test_recap_page.TestMomentumRecapAPI" name="test_momentum_recap_requires_auth" time="0.107" /><testcase classname="backend.tests.test_recap_page.TestMomentumRecapAPI" name="test_momentum_recap_refresh_endpoint" time="0.108" /><testcase classname="backend.tests.test_recap_page.TestMomentumRecapAPI" name="test_watch_card_reason_text" time="0.000" /><testcase classname="backend.tests.test_recap_page.TestMomentumRecapAPI" name="test_action_verb_re_engage" time="0.000" /><testcase classname="backend.tests.test_recap_page.TestMomentumRecapAPI" name="test_action_verb_follow_up_with" time="0.000" /><testcase classname="backend.tests.test_recap_page.TestMomentumRecapAPI" name="test_action_verb_keep_pushing" time="0.000" /><testcase classname="backend.tests.test_recap_page.TestMomentumRecapAPI" name="test_action_verb_monitor" time="0.000" /><testcase classname="backend.tests.test_recap_page.TestMomentumRecapAPI" name="test_all_action_verbs_standardized" time="0.000" /><testcase classname="backend.tests.test_recap_page.TestAuthEndpoint" name="test_login_success" time="0.332" /><testcase classname="backend.tests.test_recap_page.TestAuthEndpoint" name="test_login_invalid_credentials" time="0.111" /></testsuite></testsuites>