<?xml version="1.0" encoding="utf-8"?><testsuites name="pytest tests"><testsuite name="pytest" errors="0" failures="0" skipped="0" tests="14" time="12.872" timestamp="2026-03-08T01:03:47.289390+00:00" hostname="agent-env-349d2350-374b-4511-9547-02b7edfc97f6"><testcase classname="backend.tests.test_director_mc_refinement.TestCoachHealthSection" name="test_director_has_coach_health" time="0.585" /><testcase classname="backend.tests.test_director_mc_refinement.TestCoachHealthSection" name="test_coach_health_has_required_fields" time="0.115" /><testcase classname="backend.tests.test_director_mc_refinement.TestCoachHealthSection" name="test_coach_health_shows_known_coaches" time="0.110" /><testcase classname="backend.tests.test_director_mc_refinement.TestCoachHealthSection" name="test_coach_does_not_see_coach_health" time="0.482" /><testcase classname="backend.tests.test_director_mc_refinement.TestRecruitingSignalsSection" name="test_director_has_recruiting_signals" time="0.111" /><testcase classname="backend.tests.test_director_mc_refinement.TestRecruitingSignalsSection" name="test_recruiting_signals_has_required_fields" time="0.127" /><testcase classname="backend.tests.test_director_mc_refinement.TestRecruitingSignalsSection" name="test_coach_does_not_see_recruiting_signals" time="0.110" /><testcase classname="backend.tests.test_director_mc_refinement.TestProgramActivityLimit" name="test_program_activity_max_6_items" time="0.111" /><testcase classname="backend.tests.test_director_mc_refinement.TestAIBriefingLeadershipSummary" name="test_ai_briefing_endpoint_returns_text" time="4.072" /><testcase classname="backend.tests.test_director_mc_refinement.TestAIBriefingLeadershipSummary" name="test_ai_briefing_no_numbered_list" time="3.429" /><testcase classname="backend.tests.test_director_mc_refinement.TestAIBriefingLeadershipSummary" name="test_ai_briefing_is_paragraph_text" time="3.173" /><testcase classname="backend.tests.test_director_mc_refinement.TestDirectorKPIs" name="test_director_has_5_kpis" time="0.138" /><testcase classname="backend.tests.test_director_mc_refinement.TestCoachMissionControlUnchanged" name="test_coach_has_todays_summary" time="0.119" /><testcase classname="backend.tests.test_director_mc_refinement.TestCoachMissionControlUnchanged" name="test_coach_has_my_roster" time="0.111" /></testsuite></testsuites>