<?xml version="1.0" encoding="utf-8"?><testsuites name="pytest tests"><testsuite name="pytest" errors="0" failures="0" skipped="0" tests="19" time="4.208" timestamp="2026-03-09T01:59:56.953732+00:00" hostname="agent-env-e0f60acf-23d4-49cf-bacb-da3f7c90072e"><testcase classname="backend.tests.test_athlete_store_migration.TestMissionControlDirector" name="test_mission_control_returns_director_view" time="0.572" /><testcase classname="backend.tests.test_athlete_store_migration.TestMissionControlDirector" name="test_mission_control_has_needs_attention_list" time="0.109" /><testcase classname="backend.tests.test_athlete_store_migration.TestMissionControlDirector" name="test_mission_control_has_program_snapshot" time="0.118" /><testcase classname="backend.tests.test_athlete_store_migration.TestMissionControlCoach" name="test_mission_control_returns_coach_view" time="0.464" /><testcase classname="backend.tests.test_athlete_store_migration.TestMissionControlCoach" name="test_coach_roster_has_athlete_details" time="0.112" /><testcase classname="backend.tests.test_athlete_store_migration.TestRosterEndpoint" name="test_roster_returns_25_athletes" time="0.118" /><testcase classname="backend.tests.test_athlete_store_migration.TestRosterEndpoint" name="test_roster_summary_correct" time="0.134" /><testcase classname="backend.tests.test_athlete_store_migration.TestRosterEndpoint" name="test_roster_has_team_groups" time="0.134" /><testcase classname="backend.tests.test_athlete_store_migration.TestRosterEndpoint" name="test_roster_has_age_groups" time="0.124" /><testcase classname="backend.tests.test_athlete_store_migration.TestRosterCoaches" name="test_roster_coaches_returns_list" time="0.123" /><testcase classname="backend.tests.test_athlete_store_migration.TestBulkOperations" name="test_bulk_assign_works" time="0.380" /><testcase classname="backend.tests.test_athlete_store_migration.TestBulkOperations" name="test_bulk_remind_works" time="0.234" /><testcase classname="backend.tests.test_athlete_store_migration.TestBulkOperations" name="test_bulk_note_works" time="0.237" /><testcase classname="backend.tests.test_athlete_store_migration.TestReassignment" name="test_reassign_athlete" time="0.368" /><testcase classname="backend.tests.test_athlete_store_migration.TestDebugInterventions" name="test_interventions_exist" time="0.130" /><testcase classname="backend.tests.test_athlete_store_migration.TestAthleteDataIntegrity" name="test_roster_and_mc_athlete_count_match" time="0.266" /><testcase classname="backend.tests.test_athlete_store_migration.TestAthleteDataIntegrity" name="test_athlete_has_required_fields" time="0.134" /><testcase classname="backend.tests.test_athlete_store_migration.TestCoachOwnership" name="test_coach_cannot_access_roster" time="0.117" /><testcase classname="backend.tests.test_athlete_store_migration.TestCoachOwnership" name="test_coach_roster_count_less_than_total" time="0.241" /></testsuite></testsuites>