<?xml version="1.0" encoding="utf-8"?><testsuites name="pytest tests"><testsuite name="pytest" errors="0" failures="0" skipped="0" tests="15" time="2.898" timestamp="2026-03-11T19:55:24.905972+00:00" hostname="agent-env-5c7349d1-5bef-49c4-ad06-0a16dba4418b"><testcase classname="backend.tests.test_coach_live_indicators.TestMissionControlEndpoint" name="test_mission_control_returns_200" time="0.644" /><testcase classname="backend.tests.test_coach_live_indicators.TestMissionControlEndpoint" name="test_mission_control_role_is_coach" time="0.173" /><testcase classname="backend.tests.test_coach_live_indicators.TestMissionControlEndpoint" name="test_todays_summary_structure" time="0.182" /><testcase classname="backend.tests.test_coach_live_indicators.TestMissionControlEndpoint" name="test_todays_summary_kpi_values" time="0.112" /><testcase classname="backend.tests.test_coach_live_indicators.TestMissionControlEndpoint" name="test_summary_lines_present" time="0.211" /><testcase classname="backend.tests.test_coach_live_indicators.TestMissionControlEndpoint" name="test_priorities_present" time="0.160" /><testcase classname="backend.tests.test_coach_live_indicators.TestMissionControlEndpoint" name="test_priorities_structure" time="0.136" /><testcase classname="backend.tests.test_coach_live_indicators.TestMissionControlEndpoint" name="test_myRoster_present" time="0.173" /><testcase classname="backend.tests.test_coach_live_indicators.TestDirectorActionsEndpoint" name="test_director_actions_returns_200" time="0.198" /><testcase classname="backend.tests.test_coach_live_indicators.TestDirectorActionsEndpoint" name="test_director_actions_has_actions_array" time="0.155" /><testcase classname="backend.tests.test_coach_live_indicators.TestDirectorActionsEndpoint" name="test_director_actions_count_open_acknowledged" time="0.111" /><testcase classname="backend.tests.test_coach_live_indicators.TestDirectorActionsEndpoint" name="test_director_action_structure" time="0.124" /><testcase classname="backend.tests.test_coach_live_indicators.TestSupportPodEndpoint" name="test_support_pod_returns_200" time="0.141" /><testcase classname="backend.tests.test_coach_live_indicators.TestSupportPodEndpoint" name="test_support_pod_has_athlete_data" time="0.195" /><testcase classname="backend.tests.test_coach_live_indicators.TestUpcomingEventsEndpoint" name="test_upcoming_events_in_mission_control" time="0.114" /></testsuite></testsuites>