<?xml version="1.0" encoding="utf-8"?><testsuites name="pytest tests"><testsuite name="pytest" errors="0" failures="0" skipped="0" tests="21" time="7.110" timestamp="2026-03-09T03:54:24.085984+00:00" hostname="agent-env-3e115f39-2641-4da6-b699-5dec1ff02d69"><testcase classname="backend.tests.test_athlete_phase_a.TestAthleteLogin" name="test_emma_chen_login_success" time="0.486" /><testcase classname="backend.tests.test_athlete_phase_a.TestProgramsCRUD" name="test_list_programs_returns_5_programs" time="0.489" /><testcase classname="backend.tests.test_athlete_phase_a.TestProgramsCRUD" name="test_list_programs_grouped_returns_counts" time="0.138" /><testcase classname="backend.tests.test_athlete_phase_a.TestProgramsCRUD" name="test_create_program_duke_university" time="0.125" /><testcase classname="backend.tests.test_athlete_phase_a.TestProgramsCRUD" name="test_update_program_priority" time="0.288" /><testcase classname="backend.tests.test_athlete_phase_a.TestProgramsCRUD" name="test_delete_program_cascade_deletes" time="0.365" /><testcase classname="backend.tests.test_athlete_phase_a.TestCollegeCoaches" name="test_list_college_coaches" time="0.554" /><testcase classname="backend.tests.test_athlete_phase_a.TestCollegeCoaches" name="test_create_college_coach" time="0.221" /><testcase classname="backend.tests.test_athlete_phase_a.TestCollegeCoaches" name="test_cleanup_created_coach" time="0.103" /><testcase classname="backend.tests.test_athlete_phase_a.TestInteractions" name="test_list_interactions_ordered_by_date" time="0.507" /><testcase classname="backend.tests.test_athlete_phase_a.TestInteractions" name="test_create_interaction_sets_follow_up" time="0.358" /><testcase classname="backend.tests.test_athlete_phase_a.TestMarkReplied" name="test_mark_replied_with_note" time="0.546" /><testcase classname="backend.tests.test_athlete_phase_a.TestMarkReplied" name="test_mark_replied_requires_note" time="0.228" /><testcase classname="backend.tests.test_athlete_phase_a.TestFollowUps" name="test_list_follow_ups" time="0.429" /><testcase classname="backend.tests.test_athlete_phase_a.TestDashboard" name="test_dashboard_returns_all_sections" time="0.446" /><testcase classname="backend.tests.test_athlete_phase_a.TestEvents" name="test_list_events" time="0.440" /><testcase classname="backend.tests.test_athlete_phase_a.TestEvents" name="test_create_event" time="0.137" /><testcase classname="backend.tests.test_athlete_phase_a.TestEvents" name="test_cleanup_created_event" time="0.123" /><testcase classname="backend.tests.test_athlete_phase_a.TestRoleBasedAccess" name="test_director_gets_403_on_athlete_programs" time="0.452" /><testcase classname="backend.tests.test_athlete_phase_a.TestRoleBasedAccess" name="test_director_gets_403_on_athlete_dashboard" time="0.115" /><testcase classname="backend.tests.test_athlete_phase_a.TestDirectorRegression" name="test_director_mission_control_access" time="0.446" /></testsuite></testsuites>