<?xml version="1.0" encoding="utf-8"?><testsuites name="pytest tests"><testsuite name="pytest" errors="0" failures="2" skipped="0" tests="18" time="7.084" timestamp="2026-03-11T04:16:11.681671+00:00" hostname="agent-env-348282b0-621a-426e-99ce-36aa004e51e4"><testcase classname="backend.tests.test_batch_metrics.TestBatchMetricsAuth" name="test_batch_metrics_unauthenticated_returns_401" time="0.269" /><testcase classname="backend.tests.test_batch_metrics.TestBatchMetricsAuth" name="test_batch_metrics_admin_returns_403" time="0.422" /><testcase classname="backend.tests.test_batch_metrics.TestBatchMetricsAuth" name="test_batch_metrics_director_returns_403" time="0.391" /><testcase classname="backend.tests.test_batch_metrics.TestBatchMetricsAuth" name="test_batch_metrics_coach_returns_403" time="0.381" /><testcase classname="backend.tests.test_batch_metrics.TestBatchMetricsAuth" name="test_batch_metrics_athlete_returns_200" time="0.376" /><testcase classname="backend.tests.test_batch_metrics.TestBatchMetricsResponse" name="test_batch_metrics_returns_metrics_dict" time="0.384" /><testcase classname="backend.tests.test_batch_metrics.TestBatchMetricsResponse" name="test_batch_metrics_returns_metrics_for_requested_programs" time="0.371" /><testcase classname="backend.tests.test_batch_metrics.TestBatchMetricsResponse" name="test_batch_metrics_each_entry_has_pipeline_health_state" time="0.371" /><testcase classname="backend.tests.test_batch_metrics.TestBatchMetricsExpectedStates" name="test_uf_program_strong_momentum_in_batch" time="0.386" /><testcase classname="backend.tests.test_batch_metrics.TestBatchMetricsExpectedStates" name="test_stanford_program_cooling_off_in_batch" time="0.381" /><testcase classname="backend.tests.test_batch_metrics.TestBatchMetricsExpectedStates" name="test_ucla_program_active_in_batch" time="0.408" /><testcase classname="backend.tests.test_batch_metrics.TestBatchMetricsExpectedStates" name="test_all_three_programs_correct_states_in_single_batch" time="0.381" /><testcase classname="backend.tests.test_batch_metrics.TestBatchMetricsCap" name="test_batch_metrics_caps_at_50" time="0.500" /><testcase classname="backend.tests.test_batch_metrics.TestBatchMetricsCap" name="test_batch_metrics_empty_list" time="0.406" /><testcase classname="backend.tests.test_batch_metrics.TestBatchMetricsGracefulHandling" name="test_batch_metrics_skips_nonexistent_programs" time="0.389"><failure message="AssertionError: Non-existent program should be skipped&#10;assert 'nonexistent-program-id-12345' not in {'15d08982-3c51-4761-9b83-67414484582e': {'athlete_id': 'athlete_3', 'coach_flag_count': 1, 'computed_at': '2026-03-11T04:07:57.043490+00:00', 'data_confidence': 'HIGH', ...}, 'a54a0014-0e83-4a16-b0c2-5e8f10401de2': {'athlete_id': 'athlete_3', 'coach_flag_count': 1, 'computed_at': '2026-03-11T04:07:57.159967+00:00', 'data_confidence': 'MEDIUM', ...}, 'nonexistent-program-id-12345': {'_error': 'Program not found', 'athlete_id': '', 'coach_flag_count': 0, 'computed_at': '2026-03-11T04:16:17.569994+00:00', ...}}">backend/tests/test_batch_metrics.py:371: in test_batch_metrics_skips_nonexistent_programs
    assert "nonexistent-program-id-12345" not in metrics, "Non-existent program should be skipped"
E   AssertionError: Non-existent program should be skipped
E   assert 'nonexistent-program-id-12345' not in {'15d08982-3c51-4761-9b83-67414484582e': {'athlete_id': 'athlete_3', 'coach_flag_count': 1, 'computed_at': '2026-03-11T04:07:57.043490+00:00', 'data_confidence': 'HIGH', ...}, 'a54a0014-0e83-4a16-b0c2-5e8f10401de2': {'athlete_id': 'athlete_3', 'coach_flag_count': 1, 'computed_at': '2026-03-11T04:07:57.159967+00:00', 'data_confidence': 'MEDIUM', ...}, 'nonexistent-program-id-12345': {'_error': 'Program not found', 'athlete_id': '', 'coach_flag_count': 0, 'computed_at': '2026-03-11T04:16:17.569994+00:00', ...}}</failure></testcase><testcase classname="backend.tests.test_batch_metrics.TestBatchMetricsGracefulHandling" name="test_batch_metrics_all_invalid_returns_empty" time="0.382"><failure message="AssertionError: Expected empty metrics for invalid IDs, got 3&#10;assert 3 == 0&#10; +  where 3 = len({'fake-1': {'_error': 'Program not found', 'athlete_id': '', 'coach_flag_count': 0, 'computed_at': '2026-03-11T04:16:17.971389+00:00', ...}, 'fake-2': {'_error': 'Program not found', 'athlete_id': '', 'coach_flag_count': 0, 'computed_at': '2026-03-11T04:16:17.971877+00:00', ...}, 'fake-3': {'_error': 'Program not found', 'athlete_id': '', 'coach_flag_count': 0, 'computed_at': '2026-03-11T04:16:17.972297+00:00', ...}})">backend/tests/test_batch_metrics.py:388: in test_batch_metrics_all_invalid_returns_empty
    assert len(metrics) == 0, f"Expected empty metrics for invalid IDs, got {len(metrics)}"
E   AssertionError: Expected empty metrics for invalid IDs, got 3
E   assert 3 == 0
E    +  where 3 = len({'fake-1': {'_error': 'Program not found', 'athlete_id': '', 'coach_flag_count': 0, 'computed_at': '2026-03-11T04:16:17.971389+00:00', ...}, 'fake-2': {'_error': 'Program not found', 'athlete_id': '', 'coach_flag_count': 0, 'computed_at': '2026-03-11T04:16:17.971877+00:00', ...}, 'fake-3': {'_error': 'Program not found', 'athlete_id': '', 'coach_flag_count': 0, 'computed_at': '2026-03-11T04:16:17.972297+00:00', ...}})</failure></testcase><testcase classname="backend.tests.test_batch_metrics.TestBatchMetricsFullStructure" name="test_batch_metrics_includes_meaningful_engagement_fields" time="0.388" /><testcase classname="backend.tests.test_batch_metrics.TestBatchMetricsFullStructure" name="test_batch_metrics_includes_all_base_metrics" time="0.381" /></testsuite></testsuites>