<?xml version="1.0" encoding="utf-8"?><testsuites name="pytest tests"><testsuite name="pytest" errors="0" failures="0" skipped="0" tests="37" time="8.035" timestamp="2026-03-12T15:35:35.033809+00:00" hostname="agent-env-2824502b-3376-4a18-97e5-0b47609a758a"><testcase classname="backend.tests.test_account_settings_team.TestAccountPersonalInfo" name="test_get_settings_returns_name_email" time="0.677" /><testcase classname="backend.tests.test_account_settings_team.TestAccountPersonalInfo" name="test_edit_personal_info_name" time="0.458" /><testcase classname="backend.tests.test_account_settings_team.TestAccountSubscription" name="test_subscription_endpoint_exists" time="0.145" /><testcase classname="backend.tests.test_account_settings_team.TestAccountSubscription" name="test_subscription_has_limits" time="0.127" /><testcase classname="backend.tests.test_account_settings_team.TestAccountPasswordChange" name="test_change_password_requires_current" time="0.123" /><testcase classname="backend.tests.test_account_settings_team.TestAccountPasswordChange" name="test_change_password_min_length" time="0.125" /><testcase classname="backend.tests.test_account_settings_team.TestAccountPasswordChange" name="test_change_password_wrong_current" time="0.335" /><testcase classname="backend.tests.test_account_settings_team.TestAccountNotifications" name="test_get_notification_prefs" time="0.108" /><testcase classname="backend.tests.test_account_settings_team.TestAccountNotifications" name="test_toggle_followup_reminders" time="0.507" /><testcase classname="backend.tests.test_account_settings_team.TestAccountPrivacyExport" name="test_export_data_returns_200" time="0.190" /><testcase classname="backend.tests.test_account_settings_team.TestAccountPrivacyExport" name="test_export_data_structure" time="0.155" /><testcase classname="backend.tests.test_account_settings_team.TestAccountDangerZone" name="test_delete_requires_confirmation" time="0.114" /><testcase classname="backend.tests.test_account_settings_team.TestAccountDangerZone" name="test_delete_wrong_confirmation" time="0.121" /><testcase classname="backend.tests.test_account_settings_team.TestSettingsTheme" name="test_get_theme_preference" time="0.117" /><testcase classname="backend.tests.test_account_settings_team.TestSettingsTheme" name="test_set_theme_dark" time="0.374" /><testcase classname="backend.tests.test_account_settings_team.TestSettingsTheme" name="test_set_theme_light" time="0.343" /><testcase classname="backend.tests.test_account_settings_team.TestSettingsTheme" name="test_set_theme_system" time="0.378" /><testcase classname="backend.tests.test_account_settings_team.TestSettingsGmail" name="test_gmail_status_endpoint" time="0.109" /><testcase classname="backend.tests.test_account_settings_team.TestSettingsGmail" name="test_gmail_disconnect_works" time="0.112" /><testcase classname="backend.tests.test_account_settings_team.TestSettingsPrivacyToggles" name="test_toggle_inbound_scan" time="0.529" /><testcase classname="backend.tests.test_account_settings_team.TestTeamGet" name="test_get_team_returns_200" time="0.199" /><testcase classname="backend.tests.test_account_settings_team.TestTeamGet" name="test_team_has_owner_info" time="0.117" /><testcase classname="backend.tests.test_account_settings_team.TestTeamGet" name="test_team_has_members_array" time="0.116" /><testcase classname="backend.tests.test_account_settings_team.TestTeamGet" name="test_team_has_pending_invitations" time="0.109" /><testcase classname="backend.tests.test_account_settings_team.TestTeamGet" name="test_team_has_current_user_role" time="0.124" /><testcase classname="backend.tests.test_account_settings_team.TestTeamGet" name="test_team_has_limits" time="0.104" /><testcase classname="backend.tests.test_account_settings_team.TestTeamGet" name="test_team_unauthorized" time="0.102" /><testcase classname="backend.tests.test_account_settings_team.TestTeamInvite" name="test_invite_requires_email" time="0.117" /><testcase classname="backend.tests.test_account_settings_team.TestTeamInvite" name="test_invite_valid_email" time="0.113" /><testcase classname="backend.tests.test_account_settings_team.TestTeamInvite" name="test_cannot_invite_self" time="0.142" /><testcase classname="backend.tests.test_account_settings_team.TestTeamInvite" name="test_invite_appears_in_pending" time="0.232" /><testcase classname="backend.tests.test_account_settings_team.TestTeamInvite" name="test_invite_unauthorized" time="0.211" /><testcase classname="backend.tests.test_account_settings_team.TestTeamCancelInvite" name="test_cancel_invite_works" time="0.232" /><testcase classname="backend.tests.test_account_settings_team.TestTeamCancelInvite" name="test_cancel_invalid_invite_404" time="0.134" /><testcase classname="backend.tests.test_account_settings_team.TestTeamLeave" name="test_owner_cannot_leave_own_team" time="0.108" /><testcase classname="backend.tests.test_account_settings_team.TestSidebarNavigation" name="test_account_page_backend_deps" time="0.238" /><testcase classname="backend.tests.test_account_settings_team.TestSidebarNavigation" name="test_settings_page_backend_deps" time="0.375" /></testsuite></testsuites>