<?xml version="1.0" encoding="utf-8"?><testsuites name="pytest tests"><testsuite name="pytest" errors="0" failures="0" skipped="0" tests="10" time="4.754" timestamp="2026-03-12T04:12:41.069492+00:00" hostname="agent-env-d66ec64a-eefc-4fbd-9db3-6e8ef5937bd2"><testcase classname="tests.test_pod_redesign.TestPodRedesignAPI" name="test_support_pod_endpoint_returns_200" time="0.558" /><testcase classname="tests.test_pod_redesign.TestPodRedesignAPI" name="test_pod_top_action_structure" time="0.439" /><testcase classname="tests.test_pod_redesign.TestPodRedesignAPI" name="test_actions_for_next_actions_section" time="0.460" /><testcase classname="tests.test_pod_redesign.TestPodRedesignAPI" name="test_athlete_for_quick_summary" time="0.488" /><testcase classname="tests.test_pod_redesign.TestPodRedesignAPI" name="test_pod_members_structure" time="0.447" /><testcase classname="tests.test_pod_redesign.TestPodRedesignAPI" name="test_recruiting_signals_for_key_signals" time="0.517" /><testcase classname="tests.test_pod_redesign.TestPodRedesignAPI" name="test_intervention_playbook_for_action_plan" time="0.435" /><testcase classname="tests.test_pod_redesign.TestPodRedesignAPI" name="test_recruiting_timeline_structure" time="0.452" /><testcase classname="tests.test_pod_redesign.TestPodRedesignAPI" name="test_timeline_for_activity_history" time="0.442" /><testcase classname="tests.test_pod_redesign.TestPodRedesignAPI" name="test_upcoming_events_for_next_event_cell" time="0.443" /></testsuite></testsuites>