<?xml version="1.0" encoding="utf-8"?><testsuites name="pytest tests"><testsuite name="pytest" errors="0" failures="0" skipped="0" tests="10" time="2.022" timestamp="2026-03-10T00:19:23.015830+00:00" hostname="agent-env-95604355-20ac-4a8f-8e83-14bf4e7f278e"><testcase classname="backend.tests.test_athlete_tasks.TestAthleteTasks" name="test_tasks_endpoint_returns_200" time="0.703" /><testcase classname="backend.tests.test_athlete_tasks.TestAthleteTasks" name="test_task_structure" time="0.108" /><testcase classname="backend.tests.test_athlete_tasks.TestAthleteTasks" name="test_tasks_sorted_by_priority" time="0.154" /><testcase classname="backend.tests.test_athlete_tasks.TestAthleteTasks" name="test_task_types_coverage" time="0.180" /><testcase classname="backend.tests.test_athlete_tasks.TestAthleteTasks" name="test_overdue_tasks_have_negative_days" time="0.133" /><testcase classname="backend.tests.test_athlete_tasks.TestAthleteTasks" name="test_due_today_tasks" time="0.110" /><testcase classname="backend.tests.test_athlete_tasks.TestAthleteTasks" name="test_due_soon_tasks" time="0.117" /><testcase classname="backend.tests.test_athlete_tasks.TestAthleteTasks" name="test_first_outreach_tasks" time="0.159" /><testcase classname="backend.tests.test_athlete_tasks.TestAthleteTasks" name="test_profile_completion_task" time="0.124" /><testcase classname="backend.tests.test_athlete_tasks.TestAthleteTasks" name="test_tasks_requires_auth" time="0.168" /></testsuite></testsuites>