<?xml version="1.0" encoding="utf-8"?><testsuites name="pytest tests"><testsuite name="pytest" errors="0" failures="0" skipped="0" tests="11" time="1.525" timestamp="2026-03-06T19:09:51.452470+00:00" hostname="agent-env-76869b8d-69e5-420d-b628-90d83a0089f6"><testcase classname="backend.tests.test_peek_panel_api.TestMissionControlExplainability" name="test_priority_alerts_have_explainability_fields" time="0.201" /><testcase classname="backend.tests.test_peek_panel_api.TestMissionControlExplainability" name="test_priority_alerts_have_suggested_steps" time="0.111" /><testcase classname="backend.tests.test_peek_panel_api.TestMissionControlExplainability" name="test_athletes_needing_attention_have_explainability_fields" time="0.118" /><testcase classname="backend.tests.test_peek_panel_api.TestMissionControlExplainability" name="test_category_values_are_valid" time="0.138" /><testcase classname="backend.tests.test_peek_panel_api.TestMissionControlExplainability" name="test_badge_color_values_are_valid" time="0.124" /><testcase classname="backend.tests.test_peek_panel_api.TestMissionControlExplainability" name="test_owner_field_is_not_empty" time="0.144" /><testcase classname="backend.tests.test_peek_panel_api.TestMissionControlExplainability" name="test_context_fields_present_when_applicable" time="0.118" /><testcase classname="backend.tests.test_peek_panel_api.TestMissionControlIntegrity" name="test_api_returns_200" time="0.106" /><testcase classname="backend.tests.test_peek_panel_api.TestMissionControlIntegrity" name="test_response_has_required_sections" time="0.141" /><testcase classname="backend.tests.test_peek_panel_api.TestMissionControlIntegrity" name="test_priority_alerts_count_within_bounds" time="0.113" /><testcase classname="backend.tests.test_peek_panel_api.TestMissionControlIntegrity" name="test_athletes_needing_attention_count_within_bounds" time="0.147" /></testsuite></testsuites>