<?xml version="1.0" encoding="utf-8"?><testsuites name="pytest tests"><testsuite name="pytest" errors="0" failures="0" skipped="0" tests="11" time="4.754" timestamp="2026-03-08T03:06:44.981443+00:00" hostname="agent-env-8a2bc12b-d514-43fb-b702-fce69c0fe57f"><testcase classname="backend.tests.test_director_ux_refinements.TestDirectorLogin" name="test_director_login" time="0.462" /><testcase classname="backend.tests.test_director_ux_refinements.TestMissionControlAPI" name="test_kpis_correct" time="0.452" /><testcase classname="backend.tests.test_director_ux_refinements.TestMissionControlAPI" name="test_trend_data_exists" time="0.000" /><testcase classname="backend.tests.test_director_ux_refinements.TestMissionControlAPI" name="test_need_attention_delta" time="0.000" /><testcase classname="backend.tests.test_director_ux_refinements.TestMissionControlAPI" name="test_momentum_state" time="0.000" /><testcase classname="backend.tests.test_director_ux_refinements.TestMissionControlAPI" name="test_recruiting_signals" time="0.000" /><testcase classname="backend.tests.test_director_ux_refinements.TestMissionControlAPI" name="test_needs_attention_items" time="0.000" /><testcase classname="backend.tests.test_director_ux_refinements.TestMissionControlAPI" name="test_coach_health" time="0.000" /><testcase classname="backend.tests.test_director_ux_refinements.TestMissionControlAPI" name="test_program_activity" time="0.000" /><testcase classname="backend.tests.test_director_ux_refinements.TestMissionControlAPI" name="test_upcoming_events" time="0.000" /><testcase classname="backend.tests.test_director_ux_refinements.TestAIBriefEndpoint" name="test_ai_brief_endpoint_exists" time="3.768" /></testsuite></testsuites>