<?xml version="1.0" encoding="utf-8"?><testsuites name="pytest tests"><testsuite name="pytest" errors="0" failures="0" skipped="0" tests="16" time="6.870" timestamp="2026-03-11T04:00:02.838665+00:00" hostname="agent-env-348282b0-621a-426e-99ce-36aa004e51e4"><testcase classname="backend.tests.test_meaningful_engagement.TestMeaningfulEngagementFieldsPresent" name="test_get_metrics_returns_meaningful_engagement_fields" time="0.539" /><testcase classname="backend.tests.test_meaningful_engagement.TestMeaningfulEngagementFieldsPresent" name="test_recompute_metrics_returns_meaningful_engagement_fields" time="0.419" /><testcase classname="backend.tests.test_meaningful_engagement.TestEngagementFreshnessLabel" name="test_freshness_label_is_valid_enum" time="0.488" /><testcase classname="backend.tests.test_meaningful_engagement.TestEngagementFreshnessLabel" name="test_freshness_label_for_program_with_meaningful_interactions_uf" time="0.426" /><testcase classname="backend.tests.test_meaningful_engagement.TestEngagementFreshnessLabel" name="test_freshness_label_for_program_without_meaningful_interactions_stanford" time="0.422" /><testcase classname="backend.tests.test_meaningful_engagement.TestDaysSinceMeaningfulVsAll" name="test_meaningful_vs_all_are_separate_fields" time="0.389" /><testcase classname="backend.tests.test_meaningful_engagement.TestDaysSinceMeaningfulVsAll" name="test_stanford_has_no_meaningful_but_may_have_all" time="0.399" /><testcase classname="backend.tests.test_meaningful_engagement.TestMeaningfulInteractionCount" name="test_meaningful_interaction_count_is_integer" time="0.416" /><testcase classname="backend.tests.test_meaningful_engagement.TestMeaningfulInteractionCount" name="test_uf_has_positive_meaningful_interaction_count" time="0.395" /><testcase classname="backend.tests.test_meaningful_engagement.TestMeaningfulInteractionCount" name="test_stanford_has_zero_meaningful_interaction_count" time="0.383" /><testcase classname="backend.tests.test_meaningful_engagement.TestLastMeaningfulEngagementType" name="test_uf_has_last_meaningful_engagement_type" time="0.449" /><testcase classname="backend.tests.test_meaningful_engagement.TestLastMeaningfulEngagementType" name="test_stanford_has_null_last_meaningful_engagement_type" time="0.381" /><testcase classname="backend.tests.test_meaningful_engagement.TestExistingFieldsUnchanged" name="test_existing_fields_still_present" time="0.438" /><testcase classname="backend.tests.test_meaningful_engagement.TestRecomputeAllStillWorks" name="test_recompute_all_admin_success" time="0.431" /><testcase classname="backend.tests.test_meaningful_engagement.TestFullResponseValidation" name="test_full_response_structure_uf" time="0.401" /><testcase classname="backend.tests.test_meaningful_engagement.TestFullResponseValidation" name="test_full_response_structure_stanford" time="0.397" /></testsuite></testsuites>