<?xml version="1.0" encoding="utf-8"?><testsuites name="pytest tests"><testsuite name="pytest" errors="0" failures="0" skipped="0" tests="6" time="1.803" timestamp="2026-03-17T22:40:35.272484+00:00" hostname="agent-env-301ca337-2219-46fa-8ede-d750d8ebd308"><testcase classname="backend.tests.test_coach_watch_persuasion_confidence.TestCoachWatchPersuasionAndConfidence" name="test_stanford_hot_opportunity" time="0.674" /><testcase classname="backend.tests.test_coach_watch_persuasion_confidence.TestCoachWatchPersuasionAndConfidence" name="test_creighton_no_signals" time="0.165" /><testcase classname="backend.tests.test_coach_watch_persuasion_confidence.TestCoachWatchPersuasionAndConfidence" name="test_ucla_active_conversation" time="0.121" /><testcase classname="backend.tests.test_coach_watch_persuasion_confidence.TestCoachWatchPersuasionAndConfidence" name="test_florida_deprioritize" time="0.117" /><testcase classname="backend.tests.test_coach_watch_persuasion_confidence.TestCoachWatchResponseStructure" name="test_response_includes_all_new_fields" time="0.166" /><testcase classname="backend.tests.test_coach_watch_persuasion_confidence.TestCoachWatchResponseStructure" name="test_confidence_level_valid_values" time="0.496" /></testsuite></testsuites>