<?xml version="1.0" encoding="utf-8"?><testsuites name="pytest tests"><testsuite name="pytest" errors="0" failures="0" skipped="0" tests="15" time="4.062" timestamp="2026-03-13T18:49:39.752062+00:00" hostname="agent-env-0e17fccb-e1ab-4d6d-9151-d3638827f46d"><testcase classname="tests.test_playbook_persistence_and_reminder.TestPlaybookProgressAPI" name="test_01_get_playbook_progress_endpoint_exists" time="0.585" /><testcase classname="tests.test_playbook_persistence_and_reminder.TestPlaybookProgressAPI" name="test_02_patch_playbook_progress_saves_steps" time="0.249" /><testcase classname="tests.test_playbook_persistence_and_reminder.TestPlaybookProgressAPI" name="test_03_get_playbook_progress_returns_saved_steps" time="0.132" /><testcase classname="tests.test_playbook_persistence_and_reminder.TestPlaybookProgressAPI" name="test_04_school_pod_includes_playbook_checked_steps" time="0.161" /><testcase classname="tests.test_playbook_persistence_and_reminder.TestPlaybookProgressAPI" name="test_05_uncheck_step_updates_database" time="0.230" /><testcase classname="tests.test_playbook_persistence_and_reminder.TestPlaybookProgressAPI" name="test_06_different_school_has_separate_progress" time="0.433" /><testcase classname="tests.test_playbook_persistence_and_reminder.TestProfileReminder" name="test_01_coach_can_send_profile_reminder" time="0.351" /><testcase classname="tests.test_playbook_persistence_and_reminder.TestProfileReminder" name="test_02_message_appears_in_athlete_inbox" time="0.497" /><testcase classname="tests.test_playbook_persistence_and_reminder.TestProfileReminder" name="test_03_message_content_is_correct" time="0.338" /><testcase classname="tests.test_playbook_persistence_and_reminder.TestRegressionPlaybooks" name="test_01_emory_playbook_is_follow_up_required" time="0.166" /><testcase classname="tests.test_playbook_persistence_and_reminder.TestRegressionPlaybooks" name="test_02_creighton_playbook_is_outreach_strategy" time="0.320" /><testcase classname="tests.test_playbook_persistence_and_reminder.TestRegressionPlaybooks" name="test_03_playbook_has_required_fields" time="0.134" /><testcase classname="tests.test_playbook_persistence_and_reminder.TestRegressionNoteSidebar" name="test_01_school_pod_has_notes_field" time="0.136" /><testcase classname="tests.test_playbook_persistence_and_reminder.TestRegressionNoteSidebar" name="test_02_create_school_note_works" time="0.128" /><testcase classname="tests.test_playbook_persistence_and_reminder.TestCleanup" name="test_99_reset_emory_playbook_progress" time="0.123" /></testsuite></testsuites>