<?xml version="1.0" encoding="utf-8"?><testsuites name="pytest tests"><testsuite name="pytest" errors="0" failures="0" skipped="0" tests="27" time="5.066" timestamp="2026-03-17T22:13:35.014723+00:00" hostname="agent-env-301ca337-2219-46fa-8ede-d750d8ebd308"><testcase classname="backend.tests.test_coach_watch_copy_layer.TestCoachWatchNewFields" name="test_stanford_returns_new_fields" time="0.644" /><testcase classname="backend.tests.test_coach_watch_copy_layer.TestCoachWatchNewFields" name="test_all_programs_have_new_fields" time="0.306" /><testcase classname="backend.tests.test_coach_watch_copy_layer.TestStanfordHotOpportunity" name="test_stanford_headline" time="0.128" /><testcase classname="backend.tests.test_coach_watch_copy_layer.TestStanfordHotOpportunity" name="test_stanford_summary" time="0.132" /><testcase classname="backend.tests.test_coach_watch_copy_layer.TestStanfordHotOpportunity" name="test_stanford_why_line" time="0.142" /><testcase classname="backend.tests.test_coach_watch_copy_layer.TestStanfordHotOpportunity" name="test_stanford_current_state" time="0.109" /><testcase classname="backend.tests.test_coach_watch_copy_layer.TestFloridaDeprioritize" name="test_florida_headline" time="0.105" /><testcase classname="backend.tests.test_coach_watch_copy_layer.TestFloridaDeprioritize" name="test_florida_summary" time="0.156" /><testcase classname="backend.tests.test_coach_watch_copy_layer.TestFloridaDeprioritize" name="test_florida_why_line" time="0.113" /><testcase classname="backend.tests.test_coach_watch_copy_layer.TestCreightonNoSignals" name="test_creighton_headline" time="0.108" /><testcase classname="backend.tests.test_coach_watch_copy_layer.TestCreightonNoSignals" name="test_creighton_summary" time="0.118" /><testcase classname="backend.tests.test_coach_watch_copy_layer.TestCreightonNoSignals" name="test_creighton_why_line" time="0.121" /><testcase classname="backend.tests.test_coach_watch_copy_layer.TestUCLAActiveConversation" name="test_ucla_headline" time="0.185" /><testcase classname="backend.tests.test_coach_watch_copy_layer.TestUCLAActiveConversation" name="test_ucla_summary" time="0.116" /><testcase classname="backend.tests.test_coach_watch_copy_layer.TestUCLAActiveConversation" name="test_ucla_why_line" time="0.121" /><testcase classname="backend.tests.test_coach_watch_copy_layer.TestStatePersistence" name="test_second_call_returns_previous_state" time="0.292" /><testcase classname="backend.tests.test_coach_watch_copy_layer.TestStatePersistence" name="test_same_state_returns_null_what_changed" time="0.207" /><testcase classname="backend.tests.test_coach_watch_copy_layer.TestUpdatedStateNames" name="test_state_name_waiting_for_signal" time="0.184" /><testcase classname="backend.tests.test_coach_watch_copy_layer.TestUpdatedStateNames" name="test_state_name_follow_up_window_open" time="0.373" /><testcase classname="backend.tests.test_coach_watch_copy_layer.TestUpdatedStateNames" name="test_state_name_emerging_interest" time="0.365" /><testcase classname="backend.tests.test_coach_watch_copy_layer.TestTriggeringSignals" name="test_triggering_signals_is_list" time="0.114" /><testcase classname="backend.tests.test_coach_watch_copy_layer.TestTriggeringSignals" name="test_stanford_has_triggering_signals" time="0.132" /><testcase classname="backend.tests.test_coach_watch_copy_layer.TestTransitionCopyDict" name="test_transition_copy_exists_for_known_transitions" time="0.142" /><testcase classname="backend.tests.test_coach_watch_copy_layer.TestAllHeadlineValues" name="test_hot_opportunity_headline" time="0.132" /><testcase classname="backend.tests.test_coach_watch_copy_layer.TestAllHeadlineValues" name="test_active_conversation_headline" time="0.162" /><testcase classname="backend.tests.test_coach_watch_copy_layer.TestAllHeadlineValues" name="test_no_signals_headline" time="0.109" /><testcase classname="backend.tests.test_coach_watch_copy_layer.TestAllHeadlineValues" name="test_deprioritize_headline" time="0.123" /></testsuite></testsuites>